<?xml version="1.0" encoding="UTF-8"?>
<coverage generated="1627676683658" clover="3.2.0">
  <project timestamp="1627676683659" name="All files">
    <metrics statements="919" coveredstatements="619" conditionals="174" coveredconditionals="76" methods="398" coveredmethods="233" elements="1491" coveredelements="928" complexity="0" loc="919" ncloc="919" packages="26" files="67" classes="67"/>
    <package name="src">
      <metrics statements="57" coveredstatements="18" conditionals="33" coveredconditionals="2" methods="29" coveredmethods="11"/>
      <file name="App.js" path="/Users/vergelbarit/Documents/appDevelopment/react-redux-jsonplaceholder/src/App.js">
        <metrics statements="1" coveredstatements="1" conditionals="0" coveredconditionals="0" methods="1" coveredmethods="1"/>
        <line num="7" count="75" type="stmt"/>
      </file>
      <file name="index.js" path="/Users/vergelbarit/Documents/appDevelopment/react-redux-jsonplaceholder/src/index.js">
        <metrics statements="2" coveredstatements="2" conditionals="0" coveredconditionals="0" methods="0" coveredmethods="0"/>
        <line num="12" count="75" type="stmt"/>
        <line num="25" count="75" type="stmt"/>
      </file>
      <file name="routes.js" path="/Users/vergelbarit/Documents/appDevelopment/react-redux-jsonplaceholder/src/routes.js">
        <metrics statements="15" coveredstatements="12" conditionals="1" coveredconditionals="0" methods="12" coveredmethods="9"/>
        <line num="7" count="75" type="cond" truecount="0" falsecount="1"/>
        <line num="8" count="75" type="stmt"/>
        <line num="11" count="750" type="stmt"/>
        <line num="12" count="750" type="stmt"/>
        <line num="18" count="75" type="stmt"/>
        <line num="31" count="75" type="stmt"/>
        <line num="35" count="0" type="stmt"/>
        <line num="40" count="0" type="stmt"/>
        <line num="45" count="7" type="stmt"/>
        <line num="50" count="9" type="stmt"/>
        <line num="55" count="9" type="stmt"/>
        <line num="60" count="7" type="stmt"/>
        <line num="65" count="14" type="stmt"/>
        <line num="70" count="7" type="stmt"/>
        <line num="80" count="0" type="stmt"/>
      </file>
      <file name="serviceWorker.js" path="/Users/vergelbarit/Documents/appDevelopment/react-redux-jsonplaceholder/src/serviceWorker.js">
        <metrics statements="39" coveredstatements="3" conditionals="32" coveredconditionals="2" methods="16" coveredmethods="1"/>
        <line num="1" count="75" type="stmt"/>
        <line num="10" count="0" type="cond" truecount="0" falsecount="4"/>
        <line num="11" count="0" type="stmt"/>
        <line num="12" count="0" type="cond" truecount="0" falsecount="2"/>
        <line num="13" count="0" type="stmt"/>
        <line num="16" count="0" type="stmt"/>
        <line num="17" count="0" type="stmt"/>
        <line num="19" count="0" type="cond" truecount="0" falsecount="2"/>
        <line num="20" count="0" type="stmt"/>
        <line num="21" count="0" type="stmt"/>
        <line num="22" count="0" type="stmt"/>
        <line num="28" count="0" type="stmt"/>
        <line num="35" count="0" type="stmt"/>
        <line num="38" count="0" type="stmt"/>
        <line num="39" count="0" type="stmt"/>
        <line num="40" count="0" type="cond" truecount="0" falsecount="2"/>
        <line num="41" count="0" type="stmt"/>
        <line num="43" count="0" type="stmt"/>
        <line num="44" count="0" type="cond" truecount="0" falsecount="2"/>
        <line num="45" count="0" type="cond" truecount="0" falsecount="2"/>
        <line num="46" count="0" type="stmt"/>
        <line num="50" count="0" type="cond" truecount="0" falsecount="4"/>
        <line num="51" count="0" type="stmt"/>
        <line num="54" count="0" type="stmt"/>
        <line num="55" count="0" type="cond" truecount="0" falsecount="4"/>
        <line num="56" count="0" type="stmt"/>
        <line num="64" count="0" type="stmt"/>
        <line num="69" count="0" type="stmt"/>
        <line num="73" count="0" type="stmt"/>
        <line num="74" count="0" type="cond" truecount="0" falsecount="2"/>
        <line num="78" count="0" type="stmt"/>
        <line num="79" count="0" type="stmt"/>
        <line num="80" count="0" type="stmt"/>
        <line num="84" count="0" type="stmt"/>
        <line num="88" count="0" type="stmt"/>
        <line num="95" count="75" type="cond" truecount="1" falsecount="1"/>
        <line num="96" count="75" type="stmt"/>
        <line num="98" count="0" type="stmt"/>
        <line num="101" count="0" type="stmt"/>
      </file>
    </package>
    <package name="src.containers.albums">
      <metrics statements="28" coveredstatements="27" conditionals="8" coveredconditionals="6" methods="11" coveredmethods="11"/>
      <file name="index.js" path="/Users/vergelbarit/Documents/appDevelopment/react-redux-jsonplaceholder/src/containers/albums/index.js">
        <metrics statements="28" coveredstatements="27" conditionals="8" coveredconditionals="6" methods="11" coveredmethods="11"/>
        <line num="28" count="7" type="stmt"/>
        <line num="62" count="7" type="stmt"/>
        <line num="69" count="82" type="stmt"/>
        <line num="70" count="82" type="stmt"/>
        <line num="71" count="82" type="stmt"/>
        <line num="72" count="82" type="stmt"/>
        <line num="73" count="82" type="stmt"/>
        <line num="74" count="82" type="stmt"/>
        <line num="75" count="82" type="stmt"/>
        <line num="77" count="82" type="stmt"/>
        <line num="78" count="14" type="cond" truecount="2" falsecount="0"/>
        <line num="81" count="82" type="stmt"/>
        <line num="82" count="7" type="cond" truecount="1" falsecount="1"/>
        <line num="83" count="0" type="stmt"/>
        <line num="87" count="82" type="stmt"/>
        <line num="88" count="24" type="stmt"/>
        <line num="91" count="82" type="stmt"/>
        <line num="92" count="1" type="stmt"/>
        <line num="93" count="1" type="stmt"/>
        <line num="94" count="1" type="stmt"/>
        <line num="96" count="82" type="cond" truecount="1" falsecount="1"/>
        <line num="98" count="82" type="stmt"/>
        <line num="108" count="260" type="stmt"/>
        <line num="126" count="2" type="stmt"/>
        <line num="150" count="14" type="stmt"/>
        <line num="151" count="7" type="stmt"/>
        <line num="152" count="2" type="stmt"/>
        <line num="155" count="7" type="stmt"/>
      </file>
    </package>
    <package name="src.containers.albums.components">
      <metrics statements="37" coveredstatements="21" conditionals="0" coveredconditionals="0" methods="16" coveredmethods="7"/>
      <file name="add-modal.js" path="/Users/vergelbarit/Documents/appDevelopment/react-redux-jsonplaceholder/src/containers/albums/components/add-modal.js">
        <metrics statements="19" coveredstatements="11" conditionals="0" coveredconditionals="0" methods="8" coveredmethods="4"/>
        <line num="14" count="7" type="stmt"/>
        <line num="39" count="18" type="stmt"/>
        <line num="40" count="18" type="stmt"/>
        <line num="41" count="18" type="stmt"/>
        <line num="43" count="18" type="stmt"/>
        <line num="44" count="2" type="stmt"/>
        <line num="47" count="18" type="stmt"/>
        <line num="48" count="0" type="stmt"/>
        <line num="51" count="18" type="stmt"/>
        <line num="52" count="0" type="stmt"/>
        <line num="55" count="18" type="stmt"/>
        <line num="56" count="0" type="stmt"/>
        <line num="57" count="0" type="stmt"/>
        <line num="58" count="0" type="stmt"/>
        <line num="59" count="0" type="stmt"/>
        <line num="60" count="0" type="stmt"/>
        <line num="63" count="18" type="stmt"/>
        <line num="110" count="14" type="stmt"/>
        <line num="111" count="0" type="stmt"/>
      </file>
      <file name="edit-modal.js" path="/Users/vergelbarit/Documents/appDevelopment/react-redux-jsonplaceholder/src/containers/albums/components/edit-modal.js">
        <metrics statements="18" coveredstatements="10" conditionals="0" coveredconditionals="0" methods="8" coveredmethods="3"/>
        <line num="14" count="7" type="stmt"/>
        <line num="39" count="160" type="stmt"/>
        <line num="40" count="160" type="stmt"/>
        <line num="41" count="160" type="stmt"/>
        <line num="43" count="160" type="stmt"/>
        <line num="44" count="0" type="stmt"/>
        <line num="47" count="160" type="stmt"/>
        <line num="48" count="0" type="stmt"/>
        <line num="51" count="160" type="stmt"/>
        <line num="52" count="0" type="stmt"/>
        <line num="55" count="160" type="stmt"/>
        <line num="56" count="0" type="stmt"/>
        <line num="57" count="0" type="stmt"/>
        <line num="58" count="0" type="stmt"/>
        <line num="59" count="0" type="stmt"/>
        <line num="62" count="160" type="stmt"/>
        <line num="109" count="160" type="stmt"/>
        <line num="110" count="0" type="stmt"/>
      </file>
    </package>
    <package name="src.containers.comments">
      <metrics statements="27" coveredstatements="26" conditionals="6" coveredconditionals="5" methods="11" coveredmethods="11"/>
      <file name="index.js" path="/Users/vergelbarit/Documents/appDevelopment/react-redux-jsonplaceholder/src/containers/comments/index.js">
        <metrics statements="27" coveredstatements="26" conditionals="6" coveredconditionals="5" methods="11" coveredmethods="11"/>
        <line num="26" count="9" type="stmt"/>
        <line num="66" count="9" type="stmt"/>
        <line num="73" count="110" type="stmt"/>
        <line num="74" count="110" type="stmt"/>
        <line num="75" count="110" type="stmt"/>
        <line num="76" count="110" type="stmt"/>
        <line num="77" count="110" type="stmt"/>
        <line num="78" count="110" type="stmt"/>
        <line num="79" count="110" type="stmt"/>
        <line num="81" count="110" type="stmt"/>
        <line num="82" count="20" type="cond" truecount="2" falsecount="0"/>
        <line num="85" count="110" type="stmt"/>
        <line num="86" count="9" type="cond" truecount="1" falsecount="1"/>
        <line num="87" count="0" type="stmt"/>
        <line num="91" count="110" type="stmt"/>
        <line num="92" count="32" type="stmt"/>
        <line num="95" count="110" type="stmt"/>
        <line num="96" count="1" type="stmt"/>
        <line num="97" count="1" type="stmt"/>
        <line num="98" count="1" type="stmt"/>
        <line num="101" count="110" type="stmt"/>
        <line num="112" count="380" type="stmt"/>
        <line num="119" count="2" type="stmt"/>
        <line num="149" count="18" type="stmt"/>
        <line num="150" count="9" type="stmt"/>
        <line num="151" count="2" type="stmt"/>
        <line num="154" count="9" type="stmt"/>
      </file>
    </package>
    <package name="src.containers.comments.components">
      <metrics statements="38" coveredstatements="21" conditionals="0" coveredconditionals="0" methods="16" coveredmethods="7"/>
      <file name="add-modal.js" path="/Users/vergelbarit/Documents/appDevelopment/react-redux-jsonplaceholder/src/containers/comments/components/add-modal.js">
        <metrics statements="20" coveredstatements="11" conditionals="0" coveredconditionals="0" methods="8" coveredmethods="4"/>
        <line num="14" count="9" type="stmt"/>
        <line num="39" count="22" type="stmt"/>
        <line num="40" count="22" type="stmt"/>
        <line num="41" count="22" type="stmt"/>
        <line num="47" count="22" type="stmt"/>
        <line num="48" count="2" type="stmt"/>
        <line num="51" count="22" type="stmt"/>
        <line num="52" count="0" type="stmt"/>
        <line num="55" count="22" type="stmt"/>
        <line num="56" count="0" type="stmt"/>
        <line num="59" count="22" type="stmt"/>
        <line num="60" count="0" type="stmt"/>
        <line num="61" count="0" type="stmt"/>
        <line num="62" count="0" type="stmt"/>
        <line num="63" count="0" type="stmt"/>
        <line num="64" count="0" type="stmt"/>
        <line num="65" count="0" type="stmt"/>
        <line num="72" count="22" type="stmt"/>
        <line num="150" count="18" type="stmt"/>
        <line num="151" count="0" type="stmt"/>
      </file>
      <file name="edit-modal.js" path="/Users/vergelbarit/Documents/appDevelopment/react-redux-jsonplaceholder/src/containers/comments/components/edit-modal.js">
        <metrics statements="18" coveredstatements="10" conditionals="0" coveredconditionals="0" methods="8" coveredmethods="3"/>
        <line num="13" count="9" type="stmt"/>
        <line num="38" count="204" type="stmt"/>
        <line num="39" count="204" type="stmt"/>
        <line num="40" count="204" type="stmt"/>
        <line num="42" count="204" type="stmt"/>
        <line num="43" count="0" type="stmt"/>
        <line num="46" count="204" type="stmt"/>
        <line num="47" count="0" type="stmt"/>
        <line num="50" count="204" type="stmt"/>
        <line num="51" count="0" type="stmt"/>
        <line num="54" count="204" type="stmt"/>
        <line num="55" count="0" type="stmt"/>
        <line num="56" count="0" type="stmt"/>
        <line num="57" count="0" type="stmt"/>
        <line num="58" count="0" type="stmt"/>
        <line num="61" count="204" type="stmt"/>
        <line num="110" count="204" type="stmt"/>
        <line num="111" count="0" type="stmt"/>
      </file>
    </package>
    <package name="src.containers.components">
      <metrics statements="9" coveredstatements="4" conditionals="0" coveredconditionals="0" methods="5" coveredmethods="2"/>
      <file name="link.js" path="/Users/vergelbarit/Documents/appDevelopment/react-redux-jsonplaceholder/src/containers/components/link.js">
        <metrics statements="6" coveredstatements="1" conditionals="0" coveredconditionals="0" methods="3" coveredmethods="0"/>
        <line num="9" count="0" type="stmt"/>
        <line num="11" count="0" type="stmt"/>
        <line num="13" count="0" type="stmt"/>
        <line num="14" count="0" type="stmt"/>
        <line num="19" count="0" type="stmt"/>
        <line num="28" count="75" type="stmt"/>
      </file>
      <file name="skeleton.component.js" path="/Users/vergelbarit/Documents/appDevelopment/react-redux-jsonplaceholder/src/containers/components/skeleton.component.js">
        <metrics statements="3" coveredstatements="3" conditionals="0" coveredconditionals="0" methods="2" coveredmethods="2"/>
        <line num="5" count="53" type="stmt"/>
        <line num="7" count="211" type="stmt"/>
        <line num="8" count="2110" type="stmt"/>
      </file>
    </package>
    <package name="src.containers.extra">
      <metrics statements="8" coveredstatements="8" conditionals="0" coveredconditionals="0" methods="4" coveredmethods="4"/>
      <file name="loading-screen.js" path="/Users/vergelbarit/Documents/appDevelopment/react-redux-jsonplaceholder/src/containers/extra/loading-screen.js">
        <metrics statements="8" coveredstatements="8" conditionals="0" coveredconditionals="0" methods="4" coveredmethods="4"/>
        <line num="5" count="75" type="stmt"/>
        <line num="17" count="75" type="stmt"/>
        <line num="18" count="106" type="stmt"/>
        <line num="20" count="106" type="stmt"/>
        <line num="21" count="53" type="stmt"/>
        <line num="23" count="53" type="stmt"/>
        <line num="24" count="53" type="stmt"/>
        <line num="28" count="106" type="stmt"/>
      </file>
    </package>
    <package name="src.containers.landing">
      <metrics statements="5" coveredstatements="5" conditionals="0" coveredconditionals="0" methods="3" coveredmethods="3"/>
      <file name="index.js" path="/Users/vergelbarit/Documents/appDevelopment/react-redux-jsonplaceholder/src/containers/landing/index.js">
        <metrics statements="5" coveredstatements="5" conditionals="0" coveredconditionals="0" methods="3" coveredmethods="3"/>
        <line num="15" count="75" type="stmt"/>
        <line num="43" count="75" type="stmt"/>
        <line num="53" count="44" type="stmt"/>
        <line num="54" count="44" type="stmt"/>
        <line num="67" count="264" type="stmt"/>
      </file>
    </package>
    <package name="src.containers.layout">
      <metrics statements="11" coveredstatements="8" conditionals="4" coveredconditionals="0" methods="4" coveredmethods="3"/>
      <file name="index.js" path="/Users/vergelbarit/Documents/appDevelopment/react-redux-jsonplaceholder/src/containers/layout/index.js">
        <metrics statements="11" coveredstatements="8" conditionals="4" coveredconditionals="0" methods="4" coveredmethods="3"/>
        <line num="12" count="75" type="stmt"/>
        <line num="21" count="222" type="stmt"/>
        <line num="22" count="222" type="stmt"/>
        <line num="23" count="222" type="stmt"/>
        <line num="29" count="222" type="stmt"/>
        <line num="30" count="0" type="cond" truecount="0" falsecount="2"/>
        <line num="34" count="0" type="cond" truecount="0" falsecount="2"/>
        <line num="35" count="0" type="stmt"/>
        <line num="39" count="222" type="stmt"/>
        <line num="48" count="75" type="stmt"/>
        <line num="54" count="75" type="stmt"/>
      </file>
    </package>
    <package name="src.containers.layout.components">
      <metrics statements="15" coveredstatements="5" conditionals="7" coveredconditionals="0" methods="8" coveredmethods="2"/>
      <file name="navbar.js" path="/Users/vergelbarit/Documents/appDevelopment/react-redux-jsonplaceholder/src/containers/layout/components/navbar.js">
        <metrics statements="3" coveredstatements="3" conditionals="0" coveredconditionals="0" methods="2" coveredmethods="2"/>
        <line num="13" count="75" type="stmt"/>
        <line num="46" count="150" type="stmt"/>
        <line num="48" count="150" type="stmt"/>
      </file>
      <file name="side-bar.js" path="/Users/vergelbarit/Documents/appDevelopment/react-redux-jsonplaceholder/src/containers/layout/components/side-bar.js">
        <metrics statements="12" coveredstatements="2" conditionals="7" coveredconditionals="0" methods="6" coveredmethods="0"/>
        <line num="21" count="75" type="stmt"/>
        <line num="41" count="75" type="stmt"/>
        <line num="52" count="0" type="stmt"/>
        <line num="53" count="0" type="stmt"/>
        <line num="60" count="0" type="stmt"/>
        <line num="61" count="0" type="cond" truecount="0" falsecount="2"/>
        <line num="65" count="0" type="stmt"/>
        <line num="68" count="0" type="stmt"/>
        <line num="71" count="0" type="stmt"/>
        <line num="72" count="0" type="stmt"/>
        <line num="82" count="0" type="stmt"/>
        <line num="108" count="0" type="stmt"/>
      </file>
    </package>
    <package name="src.containers.photos">
      <metrics statements="28" coveredstatements="26" conditionals="6" coveredconditionals="5" methods="11" coveredmethods="11"/>
      <file name="index.js" path="/Users/vergelbarit/Documents/appDevelopment/react-redux-jsonplaceholder/src/containers/photos/index.js">
        <metrics statements="28" coveredstatements="26" conditionals="6" coveredconditionals="5" methods="11" coveredmethods="11"/>
        <line num="26" count="9" type="stmt"/>
        <line num="62" count="9" type="stmt"/>
        <line num="70" count="102" type="stmt"/>
        <line num="71" count="102" type="stmt"/>
        <line num="72" count="102" type="stmt"/>
        <line num="73" count="102" type="stmt"/>
        <line num="74" count="102" type="stmt"/>
        <line num="75" count="102" type="stmt"/>
        <line num="76" count="102" type="stmt"/>
        <line num="78" count="102" type="stmt"/>
        <line num="79" count="17" type="cond" truecount="2" falsecount="0"/>
        <line num="82" count="102" type="stmt"/>
        <line num="83" count="9" type="cond" truecount="1" falsecount="1"/>
        <line num="84" count="0" type="stmt"/>
        <line num="85" count="0" type="stmt"/>
        <line num="88" count="102" type="stmt"/>
        <line num="89" count="30" type="stmt"/>
        <line num="92" count="102" type="stmt"/>
        <line num="93" count="2" type="stmt"/>
        <line num="94" count="2" type="stmt"/>
        <line num="95" count="2" type="stmt"/>
        <line num="98" count="102" type="stmt"/>
        <line num="108" count="320" type="stmt"/>
        <line num="115" count="2" type="stmt"/>
        <line num="151" count="18" type="stmt"/>
        <line num="152" count="9" type="stmt"/>
        <line num="153" count="2" type="stmt"/>
        <line num="156" count="9" type="stmt"/>
      </file>
    </package>
    <package name="src.containers.photos.components">
      <metrics statements="37" coveredstatements="21" conditionals="0" coveredconditionals="0" methods="16" coveredmethods="7"/>
      <file name="add-modal.js" path="/Users/vergelbarit/Documents/appDevelopment/react-redux-jsonplaceholder/src/containers/photos/components/add-modal.js">
        <metrics statements="19" coveredstatements="11" conditionals="0" coveredconditionals="0" methods="8" coveredmethods="4"/>
        <line num="13" count="9" type="stmt"/>
        <line num="38" count="22" type="stmt"/>
        <line num="39" count="22" type="stmt"/>
        <line num="40" count="22" type="stmt"/>
        <line num="44" count="22" type="stmt"/>
        <line num="45" count="2" type="stmt"/>
        <line num="48" count="22" type="stmt"/>
        <line num="49" count="0" type="stmt"/>
        <line num="51" count="22" type="stmt"/>
        <line num="52" count="0" type="stmt"/>
        <line num="55" count="22" type="stmt"/>
        <line num="56" count="0" type="stmt"/>
        <line num="57" count="0" type="stmt"/>
        <line num="58" count="0" type="stmt"/>
        <line num="59" count="0" type="stmt"/>
        <line num="60" count="0" type="stmt"/>
        <line num="66" count="22" type="stmt"/>
        <line num="126" count="18" type="stmt"/>
        <line num="127" count="0" type="stmt"/>
      </file>
      <file name="edit-modal.js" path="/Users/vergelbarit/Documents/appDevelopment/react-redux-jsonplaceholder/src/containers/photos/components/edit-modal.js">
        <metrics statements="18" coveredstatements="10" conditionals="0" coveredconditionals="0" methods="8" coveredmethods="3"/>
        <line num="13" count="9" type="stmt"/>
        <line num="38" count="200" type="stmt"/>
        <line num="39" count="200" type="stmt"/>
        <line num="40" count="200" type="stmt"/>
        <line num="42" count="200" type="stmt"/>
        <line num="43" count="0" type="stmt"/>
        <line num="46" count="200" type="stmt"/>
        <line num="47" count="0" type="stmt"/>
        <line num="50" count="200" type="stmt"/>
        <line num="51" count="0" type="stmt"/>
        <line num="54" count="200" type="stmt"/>
        <line num="55" count="0" type="stmt"/>
        <line num="56" count="0" type="stmt"/>
        <line num="57" count="0" type="stmt"/>
        <line num="58" count="0" type="stmt"/>
        <line num="61" count="200" type="stmt"/>
        <line num="111" count="200" type="stmt"/>
        <line num="112" count="0" type="stmt"/>
      </file>
    </package>
    <package name="src.containers.posts">
      <metrics statements="28" coveredstatements="26" conditionals="6" coveredconditionals="5" methods="11" coveredmethods="11"/>
      <file name="index.js" path="/Users/vergelbarit/Documents/appDevelopment/react-redux-jsonplaceholder/src/containers/posts/index.js">
        <metrics statements="28" coveredstatements="26" conditionals="6" coveredconditionals="5" methods="11" coveredmethods="11"/>
        <line num="26" count="7" type="stmt"/>
        <line num="62" count="7" type="stmt"/>
        <line num="70" count="90" type="stmt"/>
        <line num="71" count="90" type="stmt"/>
        <line num="72" count="90" type="stmt"/>
        <line num="73" count="90" type="stmt"/>
        <line num="74" count="90" type="stmt"/>
        <line num="75" count="90" type="stmt"/>
        <line num="76" count="90" type="stmt"/>
        <line num="78" count="90" type="stmt"/>
        <line num="79" count="16" type="cond" truecount="2" falsecount="0"/>
        <line num="82" count="90" type="stmt"/>
        <line num="83" count="7" type="cond" truecount="1" falsecount="1"/>
        <line num="84" count="0" type="stmt"/>
        <line num="85" count="0" type="stmt"/>
        <line num="89" count="90" type="stmt"/>
        <line num="90" count="26" type="stmt"/>
        <line num="93" count="90" type="stmt"/>
        <line num="94" count="1" type="stmt"/>
        <line num="95" count="1" type="stmt"/>
        <line num="96" count="1" type="stmt"/>
        <line num="99" count="90" type="stmt"/>
        <line num="109" count="340" type="stmt"/>
        <line num="116" count="2" type="stmt"/>
        <line num="143" count="14" type="stmt"/>
        <line num="144" count="7" type="stmt"/>
        <line num="145" count="2" type="stmt"/>
        <line num="148" count="7" type="stmt"/>
      </file>
    </package>
    <package name="src.containers.posts.components">
      <metrics statements="44" coveredstatements="25" conditionals="0" coveredconditionals="0" methods="18" coveredmethods="7"/>
      <file name="add-modal.js" path="/Users/vergelbarit/Documents/appDevelopment/react-redux-jsonplaceholder/src/containers/posts/components/add-modal.js">
        <metrics statements="23" coveredstatements="13" conditionals="0" coveredconditionals="0" methods="9" coveredmethods="4"/>
        <line num="13" count="7" type="stmt"/>
        <line num="38" count="18" type="stmt"/>
        <line num="39" count="18" type="stmt"/>
        <line num="40" count="18" type="stmt"/>
        <line num="41" count="18" type="stmt"/>
        <line num="43" count="18" type="stmt"/>
        <line num="44" count="2" type="stmt"/>
        <line num="47" count="18" type="stmt"/>
        <line num="48" count="0" type="stmt"/>
        <line num="51" count="18" type="stmt"/>
        <line num="52" count="0" type="stmt"/>
        <line num="54" count="18" type="stmt"/>
        <line num="55" count="0" type="stmt"/>
        <line num="58" count="18" type="stmt"/>
        <line num="59" count="0" type="stmt"/>
        <line num="60" count="0" type="stmt"/>
        <line num="61" count="0" type="stmt"/>
        <line num="62" count="0" type="stmt"/>
        <line num="63" count="0" type="stmt"/>
        <line num="64" count="0" type="stmt"/>
        <line num="67" count="18" type="stmt"/>
        <line num="129" count="14" type="stmt"/>
        <line num="130" count="0" type="stmt"/>
      </file>
      <file name="edit-modal.js" path="/Users/vergelbarit/Documents/appDevelopment/react-redux-jsonplaceholder/src/containers/posts/components/edit-modal.js">
        <metrics statements="21" coveredstatements="12" conditionals="0" coveredconditionals="0" methods="9" coveredmethods="3"/>
        <line num="13" count="7" type="stmt"/>
        <line num="38" count="164" type="stmt"/>
        <line num="39" count="164" type="stmt"/>
        <line num="40" count="164" type="stmt"/>
        <line num="41" count="164" type="stmt"/>
        <line num="43" count="164" type="stmt"/>
        <line num="44" count="0" type="stmt"/>
        <line num="47" count="164" type="stmt"/>
        <line num="48" count="0" type="stmt"/>
        <line num="51" count="164" type="stmt"/>
        <line num="52" count="0" type="stmt"/>
        <line num="55" count="164" type="stmt"/>
        <line num="56" count="0" type="stmt"/>
        <line num="59" count="164" type="stmt"/>
        <line num="60" count="0" type="stmt"/>
        <line num="61" count="0" type="stmt"/>
        <line num="62" count="0" type="stmt"/>
        <line num="63" count="0" type="stmt"/>
        <line num="66" count="164" type="stmt"/>
        <line num="122" count="164" type="stmt"/>
        <line num="123" count="0" type="stmt"/>
      </file>
    </package>
    <package name="src.containers.todos">
      <metrics statements="27" coveredstatements="26" conditionals="8" coveredconditionals="7" methods="11" coveredmethods="11"/>
      <file name="index.js" path="/Users/vergelbarit/Documents/appDevelopment/react-redux-jsonplaceholder/src/containers/todos/index.js">
        <metrics statements="27" coveredstatements="26" conditionals="8" coveredconditionals="7" methods="11" coveredmethods="11"/>
        <line num="29" count="14" type="stmt"/>
        <line num="65" count="14" type="stmt"/>
        <line num="72" count="180" type="stmt"/>
        <line num="73" count="180" type="stmt"/>
        <line num="74" count="180" type="stmt"/>
        <line num="75" count="180" type="stmt"/>
        <line num="76" count="180" type="stmt"/>
        <line num="77" count="180" type="stmt"/>
        <line num="78" count="180" type="stmt"/>
        <line num="80" count="180" type="stmt"/>
        <line num="81" count="32" type="cond" truecount="2" falsecount="0"/>
        <line num="84" count="180" type="stmt"/>
        <line num="85" count="14" type="cond" truecount="1" falsecount="1"/>
        <line num="86" count="0" type="stmt"/>
        <line num="90" count="180" type="stmt"/>
        <line num="91" count="52" type="stmt"/>
        <line num="94" count="180" type="stmt"/>
        <line num="95" count="2" type="stmt"/>
        <line num="96" count="2" type="stmt"/>
        <line num="97" count="2" type="stmt"/>
        <line num="100" count="180" type="stmt"/>
        <line num="110" count="680" type="stmt"/>
        <line num="117" count="4" type="stmt"/>
        <line num="156" count="28" type="stmt"/>
        <line num="157" count="14" type="stmt"/>
        <line num="158" count="4" type="stmt"/>
        <line num="161" count="14" type="stmt"/>
      </file>
    </package>
    <package name="src.containers.todos.components">
      <metrics statements="37" coveredstatements="21" conditionals="0" coveredconditionals="0" methods="16" coveredmethods="7"/>
      <file name="add-modal.js" path="/Users/vergelbarit/Documents/appDevelopment/react-redux-jsonplaceholder/src/containers/todos/components/add-modal.js">
        <metrics statements="19" coveredstatements="11" conditionals="0" coveredconditionals="0" methods="8" coveredmethods="4"/>
        <line num="13" count="14" type="stmt"/>
        <line num="38" count="36" type="stmt"/>
        <line num="39" count="36" type="stmt"/>
        <line num="40" count="36" type="stmt"/>
        <line num="42" count="36" type="stmt"/>
        <line num="43" count="4" type="stmt"/>
        <line num="46" count="36" type="stmt"/>
        <line num="47" count="0" type="stmt"/>
        <line num="50" count="36" type="stmt"/>
        <line num="51" count="0" type="stmt"/>
        <line num="54" count="36" type="stmt"/>
        <line num="55" count="0" type="stmt"/>
        <line num="56" count="0" type="stmt"/>
        <line num="57" count="0" type="stmt"/>
        <line num="58" count="0" type="stmt"/>
        <line num="59" count="0" type="stmt"/>
        <line num="62" count="36" type="stmt"/>
        <line num="115" count="28" type="stmt"/>
        <line num="116" count="0" type="stmt"/>
      </file>
      <file name="edit-modal.js" path="/Users/vergelbarit/Documents/appDevelopment/react-redux-jsonplaceholder/src/containers/todos/components/edit-modal.js">
        <metrics statements="18" coveredstatements="10" conditionals="0" coveredconditionals="0" methods="8" coveredmethods="3"/>
        <line num="13" count="14" type="stmt"/>
        <line num="38" count="328" type="stmt"/>
        <line num="39" count="328" type="stmt"/>
        <line num="40" count="328" type="stmt"/>
        <line num="42" count="328" type="stmt"/>
        <line num="43" count="0" type="stmt"/>
        <line num="46" count="328" type="stmt"/>
        <line num="47" count="0" type="stmt"/>
        <line num="50" count="328" type="stmt"/>
        <line num="51" count="0" type="stmt"/>
        <line num="54" count="328" type="stmt"/>
        <line num="55" count="0" type="stmt"/>
        <line num="56" count="0" type="stmt"/>
        <line num="57" count="0" type="stmt"/>
        <line num="58" count="0" type="stmt"/>
        <line num="61" count="328" type="stmt"/>
        <line num="110" count="328" type="stmt"/>
        <line num="111" count="0" type="stmt"/>
      </file>
    </package>
    <package name="src.containers.users">
      <metrics statements="27" coveredstatements="26" conditionals="6" coveredconditionals="5" methods="11" coveredmethods="11"/>
      <file name="index.js" path="/Users/vergelbarit/Documents/appDevelopment/react-redux-jsonplaceholder/src/containers/users/index.js">
        <metrics statements="27" coveredstatements="26" conditionals="6" coveredconditionals="5" methods="11" coveredmethods="11"/>
        <line num="26" count="7" type="stmt"/>
        <line num="62" count="7" type="stmt"/>
        <line num="69" count="78" type="stmt"/>
        <line num="70" count="78" type="stmt"/>
        <line num="71" count="78" type="stmt"/>
        <line num="72" count="78" type="stmt"/>
        <line num="73" count="78" type="stmt"/>
        <line num="74" count="78" type="stmt"/>
        <line num="75" count="78" type="stmt"/>
        <line num="77" count="78" type="stmt"/>
        <line num="78" count="14" type="cond" truecount="2" falsecount="0"/>
        <line num="81" count="78" type="stmt"/>
        <line num="82" count="7" type="cond" truecount="1" falsecount="1"/>
        <line num="83" count="0" type="stmt"/>
        <line num="87" count="78" type="stmt"/>
        <line num="88" count="23" type="stmt"/>
        <line num="91" count="78" type="stmt"/>
        <line num="92" count="1" type="stmt"/>
        <line num="93" count="1" type="stmt"/>
        <line num="94" count="1" type="stmt"/>
        <line num="97" count="78" type="stmt"/>
        <line num="107" count="220" type="stmt"/>
        <line num="114" count="2" type="stmt"/>
        <line num="146" count="14" type="stmt"/>
        <line num="147" count="7" type="stmt"/>
        <line num="148" count="2" type="stmt"/>
        <line num="151" count="7" type="stmt"/>
      </file>
    </package>
    <package name="src.containers.users.components">
      <metrics statements="37" coveredstatements="21" conditionals="0" coveredconditionals="0" methods="16" coveredmethods="7"/>
      <file name="add-modal.js" path="/Users/vergelbarit/Documents/appDevelopment/react-redux-jsonplaceholder/src/containers/users/components/add-modal.js">
        <metrics statements="19" coveredstatements="11" conditionals="0" coveredconditionals="0" methods="8" coveredmethods="4"/>
        <line num="13" count="7" type="stmt"/>
        <line num="39" count="18" type="stmt"/>
        <line num="40" count="18" type="stmt"/>
        <line num="41" count="18" type="stmt"/>
        <line num="64" count="18" type="stmt"/>
        <line num="65" count="2" type="stmt"/>
        <line num="68" count="18" type="stmt"/>
        <line num="69" count="0" type="stmt"/>
        <line num="72" count="18" type="stmt"/>
        <line num="73" count="0" type="stmt"/>
        <line num="85" count="18" type="stmt"/>
        <line num="86" count="0" type="stmt"/>
        <line num="87" count="0" type="stmt"/>
        <line num="93" count="0" type="stmt"/>
        <line num="94" count="0" type="stmt"/>
        <line num="103" count="0" type="stmt"/>
        <line num="112" count="18" type="stmt"/>
        <line num="276" count="14" type="stmt"/>
        <line num="277" count="0" type="stmt"/>
      </file>
      <file name="edit-modal.js" path="/Users/vergelbarit/Documents/appDevelopment/react-redux-jsonplaceholder/src/containers/users/components/edit-modal.js">
        <metrics statements="18" coveredstatements="10" conditionals="0" coveredconditionals="0" methods="8" coveredmethods="3"/>
        <line num="13" count="7" type="stmt"/>
        <line num="38" count="140" type="stmt"/>
        <line num="39" count="140" type="stmt"/>
        <line num="40" count="140" type="stmt"/>
        <line num="42" count="140" type="stmt"/>
        <line num="43" count="0" type="stmt"/>
        <line num="46" count="140" type="stmt"/>
        <line num="47" count="0" type="stmt"/>
        <line num="50" count="140" type="stmt"/>
        <line num="51" count="0" type="stmt"/>
        <line num="54" count="140" type="stmt"/>
        <line num="55" count="0" type="stmt"/>
        <line num="56" count="0" type="stmt"/>
        <line num="57" count="0" type="stmt"/>
        <line num="58" count="0" type="stmt"/>
        <line num="61" count="140" type="stmt"/>
        <line num="110" count="140" type="stmt"/>
        <line num="111" count="0" type="stmt"/>
      </file>
    </package>
    <package name="src.redux">
      <metrics statements="11" coveredstatements="11" conditionals="0" coveredconditionals="0" methods="1" coveredmethods="1"/>
      <file name="root.reducer.js" path="/Users/vergelbarit/Documents/appDevelopment/react-redux-jsonplaceholder/src/redux/root.reducer.js">
        <metrics statements="2" coveredstatements="2" conditionals="0" coveredconditionals="0" methods="0" coveredmethods="0"/>
        <line num="11" count="75" type="stmt"/>
        <line num="16" count="75" type="stmt"/>
      </file>
      <file name="root.sagas.js" path="/Users/vergelbarit/Documents/appDevelopment/react-redux-jsonplaceholder/src/redux/root.sagas.js">
        <metrics statements="1" coveredstatements="1" conditionals="0" coveredconditionals="0" methods="1" coveredmethods="1"/>
        <line num="10" count="75" type="stmt"/>
      </file>
      <file name="store.js" path="/Users/vergelbarit/Documents/appDevelopment/react-redux-jsonplaceholder/src/redux/store.js">
        <metrics statements="8" coveredstatements="8" conditionals="0" coveredconditionals="0" methods="0" coveredmethods="0"/>
        <line num="10" count="75" type="stmt"/>
        <line num="12" count="75" type="stmt"/>
        <line num="13" count="75" type="stmt"/>
        <line num="14" count="75" type="stmt"/>
        <line num="15" count="75" type="stmt"/>
        <line num="16" count="75" type="stmt"/>
        <line num="18" count="75" type="stmt"/>
        <line num="20" count="75" type="stmt"/>
      </file>
    </package>
    <package name="src.redux.albums">
      <metrics statements="65" coveredstatements="41" conditionals="15" coveredconditionals="6" methods="28" coveredmethods="14"/>
      <file name="albums.actions.js" path="/Users/vergelbarit/Documents/appDevelopment/react-redux-jsonplaceholder/src/redux/albums/albums.actions.js">
        <metrics statements="13" coveredstatements="13" conditionals="0" coveredconditionals="0" methods="13" coveredmethods="4"/>
        <line num="3" count="75" type="stmt"/>
        <line num="6" count="75" type="stmt"/>
        <line num="10" count="75" type="stmt"/>
        <line num="15" count="75" type="stmt"/>
        <line num="20" count="75" type="stmt"/>
        <line num="25" count="75" type="stmt"/>
        <line num="30" count="75" type="stmt"/>
        <line num="35" count="75" type="stmt"/>
        <line num="40" count="75" type="stmt"/>
        <line num="45" count="75" type="stmt"/>
        <line num="50" count="75" type="stmt"/>
        <line num="55" count="75" type="stmt"/>
        <line num="60" count="75" type="stmt"/>
      </file>
      <file name="albums.reducer.js" path="/Users/vergelbarit/Documents/appDevelopment/react-redux-jsonplaceholder/src/redux/albums/albums.reducer.js">
        <metrics statements="17" coveredstatements="8" conditionals="15" coveredconditionals="6" methods="1" coveredmethods="1"/>
        <line num="8" count="75" type="stmt"/>
        <line num="15" count="75" type="cond" truecount="1" falsecount="0"/>
        <line num="16" count="562" type="cond" truecount="5" falsecount="9"/>
        <line num="18" count="7" type="stmt"/>
        <line num="24" count="7" type="stmt"/>
        <line num="29" count="7" type="stmt"/>
        <line num="35" count="0" type="stmt"/>
        <line num="41" count="0" type="stmt"/>
        <line num="46" count="0" type="stmt"/>
        <line num="52" count="0" type="stmt"/>
        <line num="58" count="0" type="stmt"/>
        <line num="63" count="0" type="stmt"/>
        <line num="69" count="0" type="stmt"/>
        <line num="75" count="2" type="stmt"/>
        <line num="80" count="0" type="stmt"/>
        <line num="86" count="0" type="stmt"/>
        <line num="92" count="539" type="stmt"/>
      </file>
      <file name="albums.sagas.js" path="/Users/vergelbarit/Documents/appDevelopment/react-redux-jsonplaceholder/src/redux/albums/albums.sagas.js">
        <metrics statements="27" coveredstatements="12" conditionals="0" coveredconditionals="0" methods="10" coveredmethods="5"/>
        <line num="17" count="7" type="stmt"/>
        <line num="18" count="7" type="stmt"/>
        <line num="19" count="7" type="stmt"/>
        <line num="21" count="0" type="stmt"/>
        <line num="26" count="0" type="stmt"/>
        <line num="27" count="0" type="stmt"/>
        <line num="28" count="0" type="stmt"/>
        <line num="30" count="0" type="stmt"/>
        <line num="32" count="0" type="stmt"/>
        <line num="34" count="0" type="stmt"/>
        <line num="39" count="0" type="stmt"/>
        <line num="40" count="0" type="stmt"/>
        <line num="41" count="0" type="stmt"/>
        <line num="43" count="0" type="stmt"/>
        <line num="45" count="0" type="stmt"/>
        <line num="47" count="0" type="stmt"/>
        <line num="52" count="2" type="stmt"/>
        <line num="53" count="2" type="stmt"/>
        <line num="54" count="2" type="stmt"/>
        <line num="55" count="0" type="stmt"/>
        <line num="57" count="0" type="stmt"/>
        <line num="62" count="7" type="stmt"/>
        <line num="69" count="75" type="stmt"/>
        <line num="70" count="75" type="stmt"/>
        <line num="71" count="75" type="stmt"/>
        <line num="72" count="75" type="stmt"/>
        <line num="73" count="75" type="stmt"/>
      </file>
      <file name="albums.selectors.js" path="/Users/vergelbarit/Documents/appDevelopment/react-redux-jsonplaceholder/src/redux/albums/albums.selectors.js">
        <metrics statements="7" coveredstatements="7" conditionals="0" coveredconditionals="0" methods="4" coveredmethods="4"/>
        <line num="3" count="111" type="stmt"/>
        <line num="5" count="7" type="stmt"/>
        <line num="7" count="30" type="stmt"/>
        <line num="10" count="7" type="stmt"/>
        <line num="12" count="30" type="stmt"/>
        <line num="15" count="7" type="stmt"/>
        <line num="17" count="30" type="stmt"/>
      </file>
      <file name="albums.types.js" path="/Users/vergelbarit/Documents/appDevelopment/react-redux-jsonplaceholder/src/redux/albums/albums.types.js">
        <metrics statements="1" coveredstatements="1" conditionals="0" coveredconditionals="0" methods="0" coveredmethods="0"/>
        <line num="1" count="75" type="stmt"/>
      </file>
    </package>
    <package name="src.redux.comments">
      <metrics statements="66" coveredstatements="44" conditionals="15" coveredconditionals="7" methods="28" coveredmethods="16"/>
      <file name="comments.actions.js" path="/Users/vergelbarit/Documents/appDevelopment/react-redux-jsonplaceholder/src/redux/comments/comments.actions.js">
        <metrics statements="13" coveredstatements="13" conditionals="0" coveredconditionals="0" methods="13" coveredmethods="5"/>
        <line num="3" count="75" type="stmt"/>
        <line num="6" count="75" type="stmt"/>
        <line num="10" count="75" type="stmt"/>
        <line num="15" count="75" type="stmt"/>
        <line num="20" count="75" type="stmt"/>
        <line num="25" count="75" type="stmt"/>
        <line num="30" count="75" type="stmt"/>
        <line num="35" count="75" type="stmt"/>
        <line num="40" count="75" type="stmt"/>
        <line num="45" count="75" type="stmt"/>
        <line num="50" count="75" type="stmt"/>
        <line num="55" count="75" type="stmt"/>
        <line num="60" count="75" type="stmt"/>
      </file>
      <file name="comments.reducer.js" path="/Users/vergelbarit/Documents/appDevelopment/react-redux-jsonplaceholder/src/redux/comments/comments.reducer.js">
        <metrics statements="17" coveredstatements="9" conditionals="15" coveredconditionals="7" methods="1" coveredmethods="1"/>
        <line num="8" count="75" type="stmt"/>
        <line num="15" count="75" type="cond" truecount="1" falsecount="0"/>
        <line num="16" count="562" type="cond" truecount="6" falsecount="8"/>
        <line num="18" count="11" type="stmt"/>
        <line num="24" count="9" type="stmt"/>
        <line num="29" count="9" type="stmt"/>
        <line num="35" count="0" type="stmt"/>
        <line num="41" count="0" type="stmt"/>
        <line num="46" count="0" type="stmt"/>
        <line num="52" count="0" type="stmt"/>
        <line num="58" count="0" type="stmt"/>
        <line num="63" count="0" type="stmt"/>
        <line num="69" count="0" type="stmt"/>
        <line num="75" count="2" type="stmt"/>
        <line num="80" count="2" type="stmt"/>
        <line num="86" count="0" type="stmt"/>
        <line num="92" count="529" type="stmt"/>
      </file>
      <file name="comments.sagas.js" path="/Users/vergelbarit/Documents/appDevelopment/react-redux-jsonplaceholder/src/redux/comments/comments.sagas.js">
        <metrics statements="28" coveredstatements="14" conditionals="0" coveredconditionals="0" methods="10" coveredmethods="6"/>
        <line num="17" count="9" type="stmt"/>
        <line num="18" count="9" type="stmt"/>
        <line num="19" count="9" type="stmt"/>
        <line num="20" count="9" type="stmt"/>
        <line num="22" count="0" type="stmt"/>
        <line num="27" count="0" type="stmt"/>
        <line num="28" count="0" type="stmt"/>
        <line num="29" count="0" type="stmt"/>
        <line num="31" count="0" type="stmt"/>
        <line num="33" count="0" type="stmt"/>
        <line num="35" count="0" type="stmt"/>
        <line num="40" count="0" type="stmt"/>
        <line num="41" count="0" type="stmt"/>
        <line num="42" count="0" type="stmt"/>
        <line num="44" count="0" type="stmt"/>
        <line num="46" count="0" type="stmt"/>
        <line num="48" count="0" type="stmt"/>
        <line num="53" count="2" type="stmt"/>
        <line num="54" count="2" type="stmt"/>
        <line num="55" count="2" type="stmt"/>
        <line num="56" count="2" type="stmt"/>
        <line num="58" count="0" type="stmt"/>
        <line num="63" count="11" type="stmt"/>
        <line num="70" count="75" type="stmt"/>
        <line num="71" count="75" type="stmt"/>
        <line num="75" count="75" type="stmt"/>
        <line num="79" count="75" type="stmt"/>
        <line num="83" count="75" type="stmt"/>
      </file>
      <file name="comments.selectors.js" path="/Users/vergelbarit/Documents/appDevelopment/react-redux-jsonplaceholder/src/redux/comments/comments.selectors.js">
        <metrics statements="7" coveredstatements="7" conditionals="0" coveredconditionals="0" methods="4" coveredmethods="4"/>
        <line num="3" count="153" type="stmt"/>
        <line num="5" count="9" type="stmt"/>
        <line num="7" count="42" type="stmt"/>
        <line num="10" count="9" type="stmt"/>
        <line num="12" count="42" type="stmt"/>
        <line num="15" count="9" type="stmt"/>
        <line num="17" count="42" type="stmt"/>
      </file>
      <file name="comments.types.js" path="/Users/vergelbarit/Documents/appDevelopment/react-redux-jsonplaceholder/src/redux/comments/comments.types.js">
        <metrics statements="1" coveredstatements="1" conditionals="0" coveredconditionals="0" methods="0" coveredmethods="0"/>
        <line num="1" count="75" type="stmt"/>
      </file>
    </package>
    <package name="src.redux.photos">
      <metrics statements="65" coveredstatements="41" conditionals="15" coveredconditionals="6" methods="28" coveredmethods="14"/>
      <file name="photos.actions.js" path="/Users/vergelbarit/Documents/appDevelopment/react-redux-jsonplaceholder/src/redux/photos/photos.actions.js">
        <metrics statements="13" coveredstatements="13" conditionals="0" coveredconditionals="0" methods="13" coveredmethods="4"/>
        <line num="3" count="75" type="stmt"/>
        <line num="6" count="75" type="stmt"/>
        <line num="11" count="75" type="stmt"/>
        <line num="16" count="75" type="stmt"/>
        <line num="21" count="75" type="stmt"/>
        <line num="26" count="75" type="stmt"/>
        <line num="31" count="75" type="stmt"/>
        <line num="36" count="75" type="stmt"/>
        <line num="41" count="75" type="stmt"/>
        <line num="46" count="75" type="stmt"/>
        <line num="51" count="75" type="stmt"/>
        <line num="56" count="75" type="stmt"/>
        <line num="61" count="75" type="stmt"/>
      </file>
      <file name="photos.reducer.js" path="/Users/vergelbarit/Documents/appDevelopment/react-redux-jsonplaceholder/src/redux/photos/photos.reducer.js">
        <metrics statements="17" coveredstatements="8" conditionals="15" coveredconditionals="6" methods="1" coveredmethods="1"/>
        <line num="8" count="75" type="stmt"/>
        <line num="15" count="75" type="cond" truecount="1" falsecount="0"/>
        <line num="16" count="562" type="cond" truecount="5" falsecount="9"/>
        <line num="18" count="8" type="stmt"/>
        <line num="24" count="9" type="stmt"/>
        <line num="29" count="8" type="stmt"/>
        <line num="35" count="0" type="stmt"/>
        <line num="41" count="0" type="stmt"/>
        <line num="46" count="0" type="stmt"/>
        <line num="52" count="0" type="stmt"/>
        <line num="58" count="0" type="stmt"/>
        <line num="63" count="0" type="stmt"/>
        <line num="69" count="0" type="stmt"/>
        <line num="75" count="2" type="stmt"/>
        <line num="80" count="0" type="stmt"/>
        <line num="86" count="0" type="stmt"/>
        <line num="92" count="535" type="stmt"/>
      </file>
      <file name="photos.sagas.js" path="/Users/vergelbarit/Documents/appDevelopment/react-redux-jsonplaceholder/src/redux/photos/photos.sagas.js">
        <metrics statements="27" coveredstatements="12" conditionals="0" coveredconditionals="0" methods="10" coveredmethods="5"/>
        <line num="17" count="9" type="stmt"/>
        <line num="18" count="9" type="stmt"/>
        <line num="19" count="8" type="stmt"/>
        <line num="21" count="0" type="stmt"/>
        <line num="26" count="0" type="stmt"/>
        <line num="27" count="0" type="stmt"/>
        <line num="28" count="0" type="stmt"/>
        <line num="30" count="0" type="stmt"/>
        <line num="32" count="0" type="stmt"/>
        <line num="34" count="0" type="stmt"/>
        <line num="39" count="0" type="stmt"/>
        <line num="40" count="0" type="stmt"/>
        <line num="41" count="0" type="stmt"/>
        <line num="43" count="0" type="stmt"/>
        <line num="45" count="0" type="stmt"/>
        <line num="47" count="0" type="stmt"/>
        <line num="52" count="2" type="stmt"/>
        <line num="53" count="2" type="stmt"/>
        <line num="54" count="2" type="stmt"/>
        <line num="56" count="0" type="stmt"/>
        <line num="58" count="0" type="stmt"/>
        <line num="63" count="8" type="stmt"/>
        <line num="70" count="75" type="stmt"/>
        <line num="71" count="75" type="stmt"/>
        <line num="72" count="75" type="stmt"/>
        <line num="73" count="75" type="stmt"/>
        <line num="74" count="75" type="stmt"/>
      </file>
      <file name="photos.selectors.js" path="/Users/vergelbarit/Documents/appDevelopment/react-redux-jsonplaceholder/src/redux/photos/photos.selectors.js">
        <metrics statements="7" coveredstatements="7" conditionals="0" coveredconditionals="0" methods="4" coveredmethods="4"/>
        <line num="3" count="135" type="stmt"/>
        <line num="5" count="9" type="stmt"/>
        <line num="7" count="36" type="stmt"/>
        <line num="10" count="9" type="stmt"/>
        <line num="12" count="36" type="stmt"/>
        <line num="15" count="9" type="stmt"/>
        <line num="17" count="36" type="stmt"/>
      </file>
      <file name="photos.types.js" path="/Users/vergelbarit/Documents/appDevelopment/react-redux-jsonplaceholder/src/redux/photos/photos.types.js">
        <metrics statements="1" coveredstatements="1" conditionals="0" coveredconditionals="0" methods="0" coveredmethods="0"/>
        <line num="1" count="75" type="stmt"/>
      </file>
    </package>
    <package name="src.redux.posts">
      <metrics statements="64" coveredstatements="43" conditionals="15" coveredconditionals="7" methods="28" coveredmethods="16"/>
      <file name="posts.actions.js" path="/Users/vergelbarit/Documents/appDevelopment/react-redux-jsonplaceholder/src/redux/posts/posts.actions.js">
        <metrics statements="13" coveredstatements="13" conditionals="0" coveredconditionals="0" methods="13" coveredmethods="5"/>
        <line num="3" count="75" type="stmt"/>
        <line num="6" count="75" type="stmt"/>
        <line num="10" count="75" type="stmt"/>
        <line num="15" count="75" type="stmt"/>
        <line num="20" count="75" type="stmt"/>
        <line num="25" count="75" type="stmt"/>
        <line num="30" count="75" type="stmt"/>
        <line num="35" count="75" type="stmt"/>
        <line num="40" count="75" type="stmt"/>
        <line num="45" count="75" type="stmt"/>
        <line num="50" count="75" type="stmt"/>
        <line num="55" count="75" type="stmt"/>
        <line num="60" count="75" type="stmt"/>
      </file>
      <file name="posts.reducer.js" path="/Users/vergelbarit/Documents/appDevelopment/react-redux-jsonplaceholder/src/redux/posts/posts.reducer.js">
        <metrics statements="17" coveredstatements="9" conditionals="15" coveredconditionals="7" methods="1" coveredmethods="1"/>
        <line num="8" count="75" type="stmt"/>
        <line num="15" count="75" type="cond" truecount="1" falsecount="0"/>
        <line num="16" count="562" type="cond" truecount="6" falsecount="8"/>
        <line num="18" count="9" type="stmt"/>
        <line num="24" count="7" type="stmt"/>
        <line num="29" count="7" type="stmt"/>
        <line num="35" count="0" type="stmt"/>
        <line num="41" count="0" type="stmt"/>
        <line num="46" count="0" type="stmt"/>
        <line num="52" count="0" type="stmt"/>
        <line num="58" count="0" type="stmt"/>
        <line num="63" count="0" type="stmt"/>
        <line num="69" count="0" type="stmt"/>
        <line num="75" count="2" type="stmt"/>
        <line num="80" count="2" type="stmt"/>
        <line num="86" count="0" type="stmt"/>
        <line num="92" count="535" type="stmt"/>
      </file>
      <file name="posts.sagas.js" path="/Users/vergelbarit/Documents/appDevelopment/react-redux-jsonplaceholder/src/redux/posts/posts.sagas.js">
        <metrics statements="26" coveredstatements="13" conditionals="0" coveredconditionals="0" methods="10" coveredmethods="6"/>
        <line num="17" count="7" type="stmt"/>
        <line num="18" count="7" type="stmt"/>
        <line num="19" count="7" type="stmt"/>
        <line num="21" count="0" type="stmt"/>
        <line num="26" count="0" type="stmt"/>
        <line num="27" count="0" type="stmt"/>
        <line num="28" count="0" type="stmt"/>
        <line num="30" count="0" type="stmt"/>
        <line num="32" count="0" type="stmt"/>
        <line num="34" count="0" type="stmt"/>
        <line num="39" count="0" type="stmt"/>
        <line num="40" count="0" type="stmt"/>
        <line num="41" count="0" type="stmt"/>
        <line num="43" count="0" type="stmt"/>
        <line num="45" count="0" type="stmt"/>
        <line num="50" count="2" type="stmt"/>
        <line num="51" count="2" type="stmt"/>
        <line num="52" count="2" type="stmt"/>
        <line num="53" count="2" type="stmt"/>
        <line num="55" count="0" type="stmt"/>
        <line num="60" count="9" type="stmt"/>
        <line num="67" count="75" type="stmt"/>
        <line num="68" count="75" type="stmt"/>
        <line num="69" count="75" type="stmt"/>
        <line num="70" count="75" type="stmt"/>
        <line num="71" count="75" type="stmt"/>
      </file>
      <file name="posts.selectors.js" path="/Users/vergelbarit/Documents/appDevelopment/react-redux-jsonplaceholder/src/redux/posts/posts.selectors.js">
        <metrics statements="7" coveredstatements="7" conditionals="0" coveredconditionals="0" methods="4" coveredmethods="4"/>
        <line num="3" count="123" type="stmt"/>
        <line num="5" count="7" type="stmt"/>
        <line num="7" count="34" type="stmt"/>
        <line num="10" count="7" type="stmt"/>
        <line num="12" count="34" type="stmt"/>
        <line num="15" count="7" type="stmt"/>
        <line num="17" count="34" type="stmt"/>
      </file>
      <file name="posts.types.js" path="/Users/vergelbarit/Documents/appDevelopment/react-redux-jsonplaceholder/src/redux/posts/posts.types.js">
        <metrics statements="1" coveredstatements="1" conditionals="0" coveredconditionals="0" methods="0" coveredmethods="0"/>
        <line num="1" count="75" type="stmt"/>
      </file>
    </package>
    <package name="src.redux.todos">
      <metrics statements="64" coveredstatements="43" conditionals="15" coveredconditionals="7" methods="28" coveredmethods="16"/>
      <file name="todos.actions.js" path="/Users/vergelbarit/Documents/appDevelopment/react-redux-jsonplaceholder/src/redux/todos/todos.actions.js">
        <metrics statements="13" coveredstatements="13" conditionals="0" coveredconditionals="0" methods="13" coveredmethods="5"/>
        <line num="3" count="75" type="stmt"/>
        <line num="7" count="75" type="stmt"/>
        <line num="11" count="75" type="stmt"/>
        <line num="16" count="75" type="stmt"/>
        <line num="21" count="75" type="stmt"/>
        <line num="26" count="75" type="stmt"/>
        <line num="31" count="75" type="stmt"/>
        <line num="36" count="75" type="stmt"/>
        <line num="41" count="75" type="stmt"/>
        <line num="46" count="75" type="stmt"/>
        <line num="51" count="75" type="stmt"/>
        <line num="56" count="75" type="stmt"/>
        <line num="61" count="75" type="stmt"/>
      </file>
      <file name="todos.reducer.js" path="/Users/vergelbarit/Documents/appDevelopment/react-redux-jsonplaceholder/src/redux/todos/todos.reducer.js">
        <metrics statements="17" coveredstatements="9" conditionals="15" coveredconditionals="7" methods="1" coveredmethods="1"/>
        <line num="8" count="75" type="stmt"/>
        <line num="15" count="75" type="cond" truecount="1" falsecount="0"/>
        <line num="16" count="562" type="cond" truecount="6" falsecount="8"/>
        <line num="18" count="18" type="stmt"/>
        <line num="24" count="14" type="stmt"/>
        <line num="29" count="14" type="stmt"/>
        <line num="35" count="0" type="stmt"/>
        <line num="41" count="0" type="stmt"/>
        <line num="46" count="0" type="stmt"/>
        <line num="52" count="0" type="stmt"/>
        <line num="58" count="0" type="stmt"/>
        <line num="63" count="0" type="stmt"/>
        <line num="69" count="0" type="stmt"/>
        <line num="75" count="4" type="stmt"/>
        <line num="80" count="4" type="stmt"/>
        <line num="86" count="0" type="stmt"/>
        <line num="92" count="508" type="stmt"/>
      </file>
      <file name="todos.sagas.js" path="/Users/vergelbarit/Documents/appDevelopment/react-redux-jsonplaceholder/src/redux/todos/todos.sagas.js">
        <metrics statements="26" coveredstatements="13" conditionals="0" coveredconditionals="0" methods="10" coveredmethods="6"/>
        <line num="17" count="14" type="stmt"/>
        <line num="18" count="14" type="stmt"/>
        <line num="19" count="14" type="stmt"/>
        <line num="21" count="0" type="stmt"/>
        <line num="26" count="0" type="stmt"/>
        <line num="27" count="0" type="stmt"/>
        <line num="28" count="0" type="stmt"/>
        <line num="30" count="0" type="stmt"/>
        <line num="32" count="0" type="stmt"/>
        <line num="34" count="0" type="stmt"/>
        <line num="39" count="0" type="stmt"/>
        <line num="40" count="0" type="stmt"/>
        <line num="41" count="0" type="stmt"/>
        <line num="43" count="0" type="stmt"/>
        <line num="45" count="0" type="stmt"/>
        <line num="50" count="4" type="stmt"/>
        <line num="51" count="4" type="stmt"/>
        <line num="52" count="4" type="stmt"/>
        <line num="54" count="4" type="stmt"/>
        <line num="56" count="0" type="stmt"/>
        <line num="61" count="18" type="stmt"/>
        <line num="68" count="75" type="stmt"/>
        <line num="69" count="75" type="stmt"/>
        <line num="70" count="75" type="stmt"/>
        <line num="71" count="75" type="stmt"/>
        <line num="72" count="75" type="stmt"/>
      </file>
      <file name="todos.selectors.js" path="/Users/vergelbarit/Documents/appDevelopment/react-redux-jsonplaceholder/src/redux/todos/todos.selectors.js">
        <metrics statements="7" coveredstatements="7" conditionals="0" coveredconditionals="0" methods="4" coveredmethods="4"/>
        <line num="3" count="246" type="stmt"/>
        <line num="5" count="14" type="stmt"/>
        <line num="7" count="68" type="stmt"/>
        <line num="10" count="14" type="stmt"/>
        <line num="12" count="68" type="stmt"/>
        <line num="15" count="14" type="stmt"/>
        <line num="17" count="68" type="stmt"/>
      </file>
      <file name="todos.types.js" path="/Users/vergelbarit/Documents/appDevelopment/react-redux-jsonplaceholder/src/redux/todos/todos.types.js">
        <metrics statements="1" coveredstatements="1" conditionals="0" coveredconditionals="0" methods="0" coveredmethods="0"/>
        <line num="1" count="75" type="stmt"/>
      </file>
    </package>
    <package name="src.redux.users">
      <metrics statements="58" coveredstatements="40" conditionals="15" coveredconditionals="8" methods="28" coveredmethods="14"/>
      <file name="users.actions.js" path="/Users/vergelbarit/Documents/appDevelopment/react-redux-jsonplaceholder/src/redux/users/users.actions.js">
        <metrics statements="13" coveredstatements="13" conditionals="0" coveredconditionals="0" methods="13" coveredmethods="4"/>
        <line num="3" count="75" type="stmt"/>
        <line num="7" count="75" type="stmt"/>
        <line num="11" count="75" type="stmt"/>
        <line num="16" count="75" type="stmt"/>
        <line num="21" count="75" type="stmt"/>
        <line num="25" count="75" type="stmt"/>
        <line num="30" count="75" type="stmt"/>
        <line num="35" count="75" type="stmt"/>
        <line num="39" count="75" type="stmt"/>
        <line num="44" count="75" type="stmt"/>
        <line num="49" count="75" type="stmt"/>
        <line num="53" count="75" type="stmt"/>
        <line num="58" count="75" type="stmt"/>
      </file>
      <file name="users.reducer.js" path="/Users/vergelbarit/Documents/appDevelopment/react-redux-jsonplaceholder/src/redux/users/users.reducer.js">
        <metrics statements="11" coveredstatements="7" conditionals="15" coveredconditionals="8" methods="1" coveredmethods="1"/>
        <line num="8" count="75" type="stmt"/>
        <line num="15" count="75" type="cond" truecount="1" falsecount="0"/>
        <line num="16" count="562" type="cond" truecount="7" falsecount="7"/>
        <line num="18" count="7" type="stmt"/>
        <line num="27" count="9" type="stmt"/>
        <line num="32" count="7" type="stmt"/>
        <line num="39" count="0" type="stmt"/>
        <line num="46" count="0" type="stmt"/>
        <line num="53" count="0" type="stmt"/>
        <line num="62" count="0" type="stmt"/>
        <line num="68" count="539" type="stmt"/>
      </file>
      <file name="users.sagas.js" path="/Users/vergelbarit/Documents/appDevelopment/react-redux-jsonplaceholder/src/redux/users/users.sagas.js">
        <metrics statements="26" coveredstatements="12" conditionals="0" coveredconditionals="0" methods="10" coveredmethods="5"/>
        <line num="17" count="7" type="stmt"/>
        <line num="18" count="7" type="stmt"/>
        <line num="19" count="7" type="stmt"/>
        <line num="21" count="0" type="stmt"/>
        <line num="26" count="0" type="stmt"/>
        <line num="27" count="0" type="stmt"/>
        <line num="28" count="0" type="stmt"/>
        <line num="30" count="0" type="stmt"/>
        <line num="32" count="0" type="stmt"/>
        <line num="34" count="0" type="stmt"/>
        <line num="39" count="0" type="stmt"/>
        <line num="40" count="0" type="stmt"/>
        <line num="41" count="0" type="stmt"/>
        <line num="43" count="0" type="stmt"/>
        <line num="45" count="0" type="stmt"/>
        <line num="50" count="2" type="stmt"/>
        <line num="51" count="2" type="stmt"/>
        <line num="52" count="2" type="stmt"/>
        <line num="53" count="0" type="stmt"/>
        <line num="55" count="0" type="stmt"/>
        <line num="60" count="7" type="stmt"/>
        <line num="67" count="75" type="stmt"/>
        <line num="68" count="75" type="stmt"/>
        <line num="69" count="75" type="stmt"/>
        <line num="70" count="75" type="stmt"/>
        <line num="71" count="75" type="stmt"/>
      </file>
      <file name="users.selectors.js" path="/Users/vergelbarit/Documents/appDevelopment/react-redux-jsonplaceholder/src/redux/users/users.selectors.js">
        <metrics statements="7" coveredstatements="7" conditionals="0" coveredconditionals="0" methods="4" coveredmethods="4"/>
        <line num="3" count="111" type="stmt"/>
        <line num="5" count="7" type="stmt"/>
        <line num="7" count="30" type="stmt"/>
        <line num="10" count="7" type="stmt"/>
        <line num="12" count="30" type="stmt"/>
        <line num="15" count="7" type="stmt"/>
        <line num="17" count="30" type="stmt"/>
      </file>
      <file name="users.types.js" path="/Users/vergelbarit/Documents/appDevelopment/react-redux-jsonplaceholder/src/redux/users/users.types.js">
        <metrics statements="1" coveredstatements="1" conditionals="0" coveredconditionals="0" methods="0" coveredmethods="0"/>
        <line num="1" count="75" type="stmt"/>
      </file>
    </package>
    <package name="src.utils">
      <metrics statements="26" coveredstatements="21" conditionals="0" coveredconditionals="0" methods="12" coveredmethods="9"/>
      <file name="axios.js" path="/Users/vergelbarit/Documents/appDevelopment/react-redux-jsonplaceholder/src/utils/axios.js">
        <metrics statements="0" coveredstatements="0" conditionals="0" coveredconditionals="0" methods="0" coveredmethods="0"/>
      </file>
      <file name="logger.js" path="/Users/vergelbarit/Documents/appDevelopment/react-redux-jsonplaceholder/src/utils/logger.js">
        <metrics statements="7" coveredstatements="7" conditionals="0" coveredconditionals="0" methods="3" coveredmethods="3"/>
        <line num="1" count="75" type="stmt"/>
        <line num="2" count="337" type="stmt"/>
        <line num="3" count="337" type="stmt"/>
        <line num="4" count="337" type="stmt"/>
        <line num="5" count="337" type="stmt"/>
        <line num="6" count="337" type="stmt"/>
        <line num="7" count="337" type="stmt"/>
      </file>
      <file name="modifier.js" path="/Users/vergelbarit/Documents/appDevelopment/react-redux-jsonplaceholder/src/utils/modifier.js">
        <metrics statements="9" coveredstatements="4" conditionals="0" coveredconditionals="0" methods="5" coveredmethods="2"/>
        <line num="1" count="75" type="stmt"/>
        <line num="2" count="0" type="stmt"/>
        <line num="3" count="0" type="stmt"/>
        <line num="4" count="0" type="stmt"/>
        <line num="7" count="75" type="stmt"/>
        <line num="8" count="0" type="stmt"/>
        <line num="9" count="0" type="stmt"/>
        <line num="12" count="75" type="stmt"/>
        <line num="13" count="2000" type="stmt"/>
      </file>
      <file name="monitor.js" path="/Users/vergelbarit/Documents/appDevelopment/react-redux-jsonplaceholder/src/utils/monitor.js">
        <metrics statements="10" coveredstatements="10" conditionals="0" coveredconditionals="0" methods="4" coveredmethods="4"/>
        <line num="1" count="412" type="stmt"/>
        <line num="3" count="75" type="stmt"/>
        <line num="8" count="75" type="stmt"/>
        <line num="9" count="412" type="stmt"/>
        <line num="10" count="412" type="stmt"/>
        <line num="11" count="412" type="stmt"/>
        <line num="12" count="412" type="stmt"/>
        <line num="14" count="412" type="stmt"/>
        <line num="16" count="412" type="stmt"/>
        <line num="19" count="75" type="stmt"/>
      </file>
      <file name="theme.js" path="/Users/vergelbarit/Documents/appDevelopment/react-redux-jsonplaceholder/src/utils/theme.js">
        <metrics statements="0" coveredstatements="0" conditionals="0" coveredconditionals="0" methods="0" coveredmethods="0"/>
      </file>
    </package>
  </project>
</coverage>
