{"/Users/vergelbarit/Documents/appDevelopment/react-redux-jsonplaceholder/src/App.js": {"path":"/Users/vergelbarit/Documents/appDevelopment/react-redux-jsonplaceholder/src/App.js","statementMap":{"0":{"start":{"line":7,"column":2},"end":{"line":11,"column":4}}},"fnMap":{"0":{"name":"App","decl":{"start":{"line":6,"column":9},"end":{"line":6,"column":12}},"loc":{"start":{"line":6,"column":15},"end":{"line":12,"column":1}},"line":6}},"branchMap":{},"s":{"0":75},"f":{"0":75},"b":{},"_coverageSchema":"1a1c01bbd47fc00a2c39e90264f33305004495a9","hash":"24fa947272b1660b0721999462ea433296cb9c09"}
,"/Users/vergelbarit/Documents/appDevelopment/react-redux-jsonplaceholder/src/index.js": {"path":"/Users/vergelbarit/Documents/appDevelopment/react-redux-jsonplaceholder/src/index.js","statementMap":{"0":{"start":{"line":12,"column":0},"end":{"line":23,"column":2}},"1":{"start":{"line":25,"column":0},"end":{"line":25,"column":27}}},"fnMap":{},"branchMap":{},"s":{"0":75,"1":75},"f":{},"b":{},"_coverageSchema":"1a1c01bbd47fc00a2c39e90264f33305004495a9","hash":"8b8e6a0f8f1f73a898ae37e2d31d58c238f7c311"}
,"/Users/vergelbarit/Documents/appDevelopment/react-redux-jsonplaceholder/src/routes.js": {"path":"/Users/vergelbarit/Documents/appDevelopment/react-redux-jsonplaceholder/src/routes.js","statementMap":{"0":{"start":{"line":7,"column":28},"end":{"line":29,"column":1}},"1":{"start":{"line":8,"column":2},"end":{"line":28,"column":13}},"2":{"start":{"line":11,"column":26},"end":{"line":11,"column":41}},"3":{"start":{"line":12,"column":8},"end":{"line":25,"column":10}},"4":{"start":{"line":18,"column":14},"end":{"line":22,"column":25}},"5":{"start":{"line":31,"column":15},"end":{"line":82,"column":1}},"6":{"start":{"line":35,"column":26},"end":{"line":35,"column":64}},"7":{"start":{"line":40,"column":26},"end":{"line":40,"column":69}},"8":{"start":{"line":45,"column":26},"end":{"line":45,"column":55}},"9":{"start":{"line":50,"column":26},"end":{"line":50,"column":57}},"10":{"start":{"line":55,"column":26},"end":{"line":55,"column":55}},"11":{"start":{"line":60,"column":26},"end":{"line":60,"column":54}},"12":{"start":{"line":65,"column":26},"end":{"line":65,"column":54}},"13":{"start":{"line":70,"column":26},"end":{"line":70,"column":54}},"14":{"start":{"line":80,"column":21},"end":{"line":80,"column":45}}},"fnMap":{"0":{"name":"(anonymous_0)","decl":{"start":{"line":7,"column":28},"end":{"line":7,"column":29}},"loc":{"start":{"line":8,"column":2},"end":{"line":28,"column":13}},"line":8},"1":{"name":"(anonymous_1)","decl":{"start":{"line":10,"column":18},"end":{"line":10,"column":19}},"loc":{"start":{"line":10,"column":32},"end":{"line":26,"column":7}},"line":10},"2":{"name":"(anonymous_2)","decl":{"start":{"line":17,"column":20},"end":{"line":17,"column":21}},"loc":{"start":{"line":18,"column":14},"end":{"line":22,"column":25}},"line":18},"3":{"name":"(anonymous_3)","decl":{"start":{"line":35,"column":20},"end":{"line":35,"column":21}},"loc":{"start":{"line":35,"column":26},"end":{"line":35,"column":64}},"line":35},"4":{"name":"(anonymous_4)","decl":{"start":{"line":40,"column":20},"end":{"line":40,"column":21}},"loc":{"start":{"line":40,"column":26},"end":{"line":40,"column":69}},"line":40},"5":{"name":"(anonymous_5)","decl":{"start":{"line":45,"column":20},"end":{"line":45,"column":21}},"loc":{"start":{"line":45,"column":26},"end":{"line":45,"column":55}},"line":45},"6":{"name":"(anonymous_6)","decl":{"start":{"line":50,"column":20},"end":{"line":50,"column":21}},"loc":{"start":{"line":50,"column":26},"end":{"line":50,"column":57}},"line":50},"7":{"name":"(anonymous_7)","decl":{"start":{"line":55,"column":20},"end":{"line":55,"column":21}},"loc":{"start":{"line":55,"column":26},"end":{"line":55,"column":55}},"line":55},"8":{"name":"(anonymous_8)","decl":{"start":{"line":60,"column":20},"end":{"line":60,"column":21}},"loc":{"start":{"line":60,"column":26},"end":{"line":60,"column":54}},"line":60},"9":{"name":"(anonymous_9)","decl":{"start":{"line":65,"column":20},"end":{"line":65,"column":21}},"loc":{"start":{"line":65,"column":26},"end":{"line":65,"column":54}},"line":65},"10":{"name":"(anonymous_10)","decl":{"start":{"line":70,"column":20},"end":{"line":70,"column":21}},"loc":{"start":{"line":70,"column":26},"end":{"line":70,"column":54}},"line":70},"11":{"name":"(anonymous_11)","decl":{"start":{"line":80,"column":15},"end":{"line":80,"column":16}},"loc":{"start":{"line":80,"column":21},"end":{"line":80,"column":45}},"line":80}},"branchMap":{"0":{"loc":{"start":{"line":7,"column":29},"end":{"line":7,"column":40}},"type":"default-arg","locations":[{"start":{"line":7,"column":38},"end":{"line":7,"column":40}}],"line":7}},"s":{"0":75,"1":75,"2":750,"3":750,"4":75,"5":75,"6":0,"7":0,"8":7,"9":9,"10":9,"11":7,"12":14,"13":7,"14":0},"f":{"0":75,"1":750,"2":75,"3":0,"4":0,"5":7,"6":9,"7":9,"8":7,"9":14,"10":7,"11":0},"b":{"0":[0]},"_coverageSchema":"1a1c01bbd47fc00a2c39e90264f33305004495a9","hash":"06e89b5f667e3e3bea499ae383cc0ff38f1648b3"}
,"/Users/vergelbarit/Documents/appDevelopment/react-redux-jsonplaceholder/src/serviceWorker.js": {"path":"/Users/vergelbarit/Documents/appDevelopment/react-redux-jsonplaceholder/src/serviceWorker.js","statementMap":{"0":{"start":{"line":1,"column":20},"end":{"line":7,"column":1}},"1":{"start":{"line":10,"column":2},"end":{"line":31,"column":3}},"2":{"start":{"line":11,"column":22},"end":{"line":11,"column":75}},"3":{"start":{"line":12,"column":4},"end":{"line":14,"column":5}},"4":{"start":{"line":13,"column":6},"end":{"line":13,"column":13}},"5":{"start":{"line":16,"column":4},"end":{"line":30,"column":7}},"6":{"start":{"line":17,"column":20},"end":{"line":17,"column":65}},"7":{"start":{"line":19,"column":6},"end":{"line":29,"column":7}},"8":{"start":{"line":20,"column":8},"end":{"line":20,"column":47}},"9":{"start":{"line":21,"column":8},"end":{"line":26,"column":11}},"10":{"start":{"line":22,"column":10},"end":{"line":25,"column":12}},"11":{"start":{"line":28,"column":8},"end":{"line":28,"column":39}},"12":{"start":{"line":35,"column":2},"end":{"line":65,"column":7}},"13":{"start":{"line":38,"column":6},"end":{"line":61,"column":8}},"14":{"start":{"line":39,"column":33},"end":{"line":39,"column":56}},"15":{"start":{"line":40,"column":8},"end":{"line":42,"column":9}},"16":{"start":{"line":41,"column":10},"end":{"line":41,"column":17}},"17":{"start":{"line":43,"column":8},"end":{"line":60,"column":10}},"18":{"start":{"line":44,"column":10},"end":{"line":59,"column":11}},"19":{"start":{"line":45,"column":12},"end":{"line":58,"column":13}},"20":{"start":{"line":46,"column":14},"end":{"line":49,"column":16}},"21":{"start":{"line":50,"column":14},"end":{"line":52,"column":15}},"22":{"start":{"line":51,"column":16},"end":{"line":51,"column":46}},"23":{"start":{"line":54,"column":14},"end":{"line":54,"column":64}},"24":{"start":{"line":55,"column":14},"end":{"line":57,"column":15}},"25":{"start":{"line":56,"column":16},"end":{"line":56,"column":47}},"26":{"start":{"line":64,"column":6},"end":{"line":64,"column":72}},"27":{"start":{"line":69,"column":2},"end":{"line":91,"column":7}},"28":{"start":{"line":73,"column":26},"end":{"line":73,"column":62}},"29":{"start":{"line":74,"column":6},"end":{"line":85,"column":7}},"30":{"start":{"line":78,"column":8},"end":{"line":82,"column":11}},"31":{"start":{"line":79,"column":10},"end":{"line":81,"column":13}},"32":{"start":{"line":80,"column":12},"end":{"line":80,"column":37}},"33":{"start":{"line":84,"column":8},"end":{"line":84,"column":39}},"34":{"start":{"line":88,"column":6},"end":{"line":90,"column":8}},"35":{"start":{"line":95,"column":2},"end":{"line":103,"column":3}},"36":{"start":{"line":96,"column":4},"end":{"line":102,"column":9}},"37":{"start":{"line":98,"column":8},"end":{"line":98,"column":34}},"38":{"start":{"line":101,"column":8},"end":{"line":101,"column":37}}},"fnMap":{"0":{"name":"register","decl":{"start":{"line":9,"column":16},"end":{"line":9,"column":24}},"loc":{"start":{"line":9,"column":33},"end":{"line":32,"column":1}},"line":9},"1":{"name":"(anonymous_1)","decl":{"start":{"line":16,"column":36},"end":{"line":16,"column":37}},"loc":{"start":{"line":16,"column":42},"end":{"line":30,"column":5}},"line":16},"2":{"name":"(anonymous_2)","decl":{"start":{"line":21,"column":43},"end":{"line":21,"column":44}},"loc":{"start":{"line":21,"column":49},"end":{"line":26,"column":9}},"line":21},"3":{"name":"registerValidSW","decl":{"start":{"line":34,"column":9},"end":{"line":34,"column":24}},"loc":{"start":{"line":34,"column":40},"end":{"line":66,"column":1}},"line":34},"4":{"name":"(anonymous_4)","decl":{"start":{"line":37,"column":10},"end":{"line":37,"column":11}},"loc":{"start":{"line":37,"column":28},"end":{"line":62,"column":5}},"line":37},"5":{"name":"(anonymous_5)","decl":{"start":{"line":38,"column":35},"end":{"line":38,"column":36}},"loc":{"start":{"line":38,"column":41},"end":{"line":61,"column":7}},"line":38},"6":{"name":"(anonymous_6)","decl":{"start":{"line":43,"column":41},"end":{"line":43,"column":42}},"loc":{"start":{"line":43,"column":47},"end":{"line":60,"column":9}},"line":43},"7":{"name":"(anonymous_7)","decl":{"start":{"line":63,"column":11},"end":{"line":63,"column":12}},"loc":{"start":{"line":63,"column":22},"end":{"line":65,"column":5}},"line":63},"8":{"name":"checkValidServiceWorker","decl":{"start":{"line":68,"column":9},"end":{"line":68,"column":32}},"loc":{"start":{"line":68,"column":48},"end":{"line":92,"column":1}},"line":68},"9":{"name":"(anonymous_9)","decl":{"start":{"line":72,"column":10},"end":{"line":72,"column":11}},"loc":{"start":{"line":72,"column":24},"end":{"line":86,"column":5}},"line":72},"10":{"name":"(anonymous_10)","decl":{"start":{"line":78,"column":43},"end":{"line":78,"column":44}},"loc":{"start":{"line":78,"column":61},"end":{"line":82,"column":9}},"line":78},"11":{"name":"(anonymous_11)","decl":{"start":{"line":79,"column":41},"end":{"line":79,"column":42}},"loc":{"start":{"line":79,"column":47},"end":{"line":81,"column":11}},"line":79},"12":{"name":"(anonymous_12)","decl":{"start":{"line":87,"column":11},"end":{"line":87,"column":12}},"loc":{"start":{"line":87,"column":17},"end":{"line":91,"column":5}},"line":87},"13":{"name":"unregister","decl":{"start":{"line":94,"column":16},"end":{"line":94,"column":26}},"loc":{"start":{"line":94,"column":29},"end":{"line":104,"column":1}},"line":94},"14":{"name":"(anonymous_14)","decl":{"start":{"line":97,"column":12},"end":{"line":97,"column":13}},"loc":{"start":{"line":97,"column":30},"end":{"line":99,"column":7}},"line":97},"15":{"name":"(anonymous_15)","decl":{"start":{"line":100,"column":13},"end":{"line":100,"column":14}},"loc":{"start":{"line":100,"column":24},"end":{"line":102,"column":7}},"line":100}},"branchMap":{"0":{"loc":{"start":{"line":2,"column":2},"end":{"line":6,"column":5}},"type":"binary-expr","locations":[{"start":{"line":2,"column":2},"end":{"line":2,"column":42}},{"start":{"line":3,"column":4},"end":{"line":3,"column":40}},{"start":{"line":4,"column":4},"end":{"line":6,"column":5}}],"line":2},"1":{"loc":{"start":{"line":10,"column":2},"end":{"line":31,"column":3}},"type":"if","locations":[{"start":{"line":10,"column":2},"end":{"line":31,"column":3}},{"start":{"line":10,"column":2},"end":{"line":31,"column":3}}],"line":10},"2":{"loc":{"start":{"line":10,"column":6},"end":{"line":10,"column":75}},"type":"binary-expr","locations":[{"start":{"line":10,"column":6},"end":{"line":10,"column":43}},{"start":{"line":10,"column":47},"end":{"line":10,"column":75}}],"line":10},"3":{"loc":{"start":{"line":12,"column":4},"end":{"line":14,"column":5}},"type":"if","locations":[{"start":{"line":12,"column":4},"end":{"line":14,"column":5}},{"start":{"line":12,"column":4},"end":{"line":14,"column":5}}],"line":12},"4":{"loc":{"start":{"line":19,"column":6},"end":{"line":29,"column":7}},"type":"if","locations":[{"start":{"line":19,"column":6},"end":{"line":29,"column":7}},{"start":{"line":19,"column":6},"end":{"line":29,"column":7}}],"line":19},"5":{"loc":{"start":{"line":40,"column":8},"end":{"line":42,"column":9}},"type":"if","locations":[{"start":{"line":40,"column":8},"end":{"line":42,"column":9}},{"start":{"line":40,"column":8},"end":{"line":42,"column":9}}],"line":40},"6":{"loc":{"start":{"line":44,"column":10},"end":{"line":59,"column":11}},"type":"if","locations":[{"start":{"line":44,"column":10},"end":{"line":59,"column":11}},{"start":{"line":44,"column":10},"end":{"line":59,"column":11}}],"line":44},"7":{"loc":{"start":{"line":45,"column":12},"end":{"line":58,"column":13}},"type":"if","locations":[{"start":{"line":45,"column":12},"end":{"line":58,"column":13}},{"start":{"line":45,"column":12},"end":{"line":58,"column":13}}],"line":45},"8":{"loc":{"start":{"line":50,"column":14},"end":{"line":52,"column":15}},"type":"if","locations":[{"start":{"line":50,"column":14},"end":{"line":52,"column":15}},{"start":{"line":50,"column":14},"end":{"line":52,"column":15}}],"line":50},"9":{"loc":{"start":{"line":50,"column":18},"end":{"line":50,"column":43}},"type":"binary-expr","locations":[{"start":{"line":50,"column":18},"end":{"line":50,"column":24}},{"start":{"line":50,"column":28},"end":{"line":50,"column":43}}],"line":50},"10":{"loc":{"start":{"line":55,"column":14},"end":{"line":57,"column":15}},"type":"if","locations":[{"start":{"line":55,"column":14},"end":{"line":57,"column":15}},{"start":{"line":55,"column":14},"end":{"line":57,"column":15}}],"line":55},"11":{"loc":{"start":{"line":55,"column":18},"end":{"line":55,"column":44}},"type":"binary-expr","locations":[{"start":{"line":55,"column":18},"end":{"line":55,"column":24}},{"start":{"line":55,"column":28},"end":{"line":55,"column":44}}],"line":55},"12":{"loc":{"start":{"line":74,"column":6},"end":{"line":85,"column":7}},"type":"if","locations":[{"start":{"line":74,"column":6},"end":{"line":85,"column":7}},{"start":{"line":74,"column":6},"end":{"line":85,"column":7}}],"line":74},"13":{"loc":{"start":{"line":75,"column":8},"end":{"line":76,"column":73}},"type":"binary-expr","locations":[{"start":{"line":75,"column":8},"end":{"line":75,"column":31}},{"start":{"line":76,"column":9},"end":{"line":76,"column":28}},{"start":{"line":76,"column":32},"end":{"line":76,"column":72}}],"line":75},"14":{"loc":{"start":{"line":95,"column":2},"end":{"line":103,"column":3}},"type":"if","locations":[{"start":{"line":95,"column":2},"end":{"line":103,"column":3}},{"start":{"line":95,"column":2},"end":{"line":103,"column":3}}],"line":95}},"s":{"0":75,"1":0,"2":0,"3":0,"4":0,"5":0,"6":0,"7":0,"8":0,"9":0,"10":0,"11":0,"12":0,"13":0,"14":0,"15":0,"16":0,"17":0,"18":0,"19":0,"20":0,"21":0,"22":0,"23":0,"24":0,"25":0,"26":0,"27":0,"28":0,"29":0,"30":0,"31":0,"32":0,"33":0,"34":0,"35":75,"36":75,"37":0,"38":0},"f":{"0":0,"1":0,"2":0,"3":0,"4":0,"5":0,"6":0,"7":0,"8":0,"9":0,"10":0,"11":0,"12":0,"13":75,"14":0,"15":0},"b":{"0":[75,0,0],"1":[0,0],"2":[0,0],"3":[0,0],"4":[0,0],"5":[0,0],"6":[0,0],"7":[0,0],"8":[0,0],"9":[0,0],"10":[0,0],"11":[0,0],"12":[0,0],"13":[0,0,0],"14":[75,0]},"_coverageSchema":"1a1c01bbd47fc00a2c39e90264f33305004495a9","hash":"8a983f43a88e7773c259c76b1fe646e82d7f3baa"}
,"/Users/vergelbarit/Documents/appDevelopment/react-redux-jsonplaceholder/src/containers/albums/index.js": {"path":"/Users/vergelbarit/Documents/appDevelopment/react-redux-jsonplaceholder/src/containers/albums/index.js","statementMap":{"0":{"start":{"line":28,"column":18},"end":{"line":60,"column":3}},"1":{"start":{"line":28,"column":41},"end":{"line":60,"column":1}},"2":{"start":{"line":62,"column":23},"end":{"line":148,"column":1}},"3":{"start":{"line":69,"column":30},"end":{"line":69,"column":43}},"4":{"start":{"line":70,"column":26},"end":{"line":70,"column":37}},"5":{"start":{"line":71,"column":32},"end":{"line":71,"column":43}},"6":{"start":{"line":72,"column":32},"end":{"line":72,"column":44}},"7":{"start":{"line":73,"column":38},"end":{"line":73,"column":50}},"8":{"start":{"line":74,"column":18},"end":{"line":74,"column":29}},"9":{"start":{"line":75,"column":16},"end":{"line":75,"column":45}},"10":{"start":{"line":77,"column":2},"end":{"line":79,"column":33}},"11":{"start":{"line":78,"column":4},"end":{"line":78,"column":46}},"12":{"start":{"line":78,"column":27},"end":{"line":78,"column":46}},"13":{"start":{"line":81,"column":2},"end":{"line":85,"column":38}},"14":{"start":{"line":82,"column":4},"end":{"line":84,"column":5}},"15":{"start":{"line":83,"column":6},"end":{"line":83,"column":58}},"16":{"start":{"line":87,"column":2},"end":{"line":89,"column":51}},"17":{"start":{"line":88,"column":4},"end":{"line":88,"column":50}},"18":{"start":{"line":91,"column":23},"end":{"line":95,"column":3}},"19":{"start":{"line":92,"column":4},"end":{"line":92,"column":19}},"20":{"start":{"line":93,"column":4},"end":{"line":93,"column":33}},"21":{"start":{"line":94,"column":4},"end":{"line":94,"column":27}},"22":{"start":{"line":96,"column":2},"end":{"line":147,"column":6}},"23":{"start":{"line":96,"column":40},"end":{"line":96,"column":67}},"24":{"start":{"line":98,"column":4},"end":{"line":147,"column":6}},"25":{"start":{"line":108,"column":14},"end":{"line":131,"column":21}},"26":{"start":{"line":126,"column":39},"end":{"line":126,"column":64}},"27":{"start":{"line":150,"column":27},"end":{"line":153,"column":2}},"28":{"start":{"line":150,"column":42},"end":{"line":153,"column":1}},"29":{"start":{"line":151,"column":26},"end":{"line":151,"column":54}},"30":{"start":{"line":152,"column":28},"end":{"line":152,"column":58}},"31":{"start":{"line":155,"column":24},"end":{"line":159,"column":2}}},"fnMap":{"0":{"name":"(anonymous_0)","decl":{"start":{"line":28,"column":29},"end":{"line":28,"column":30}},"loc":{"start":{"line":28,"column":41},"end":{"line":60,"column":1}},"line":28},"1":{"name":"(anonymous_1)","decl":{"start":{"line":62,"column":23},"end":{"line":62,"column":24}},"loc":{"start":{"line":68,"column":6},"end":{"line":148,"column":1}},"line":68},"2":{"name":"(anonymous_2)","decl":{"start":{"line":77,"column":12},"end":{"line":77,"column":13}},"loc":{"start":{"line":77,"column":18},"end":{"line":79,"column":3}},"line":77},"3":{"name":"(anonymous_3)","decl":{"start":{"line":81,"column":12},"end":{"line":81,"column":13}},"loc":{"start":{"line":81,"column":18},"end":{"line":85,"column":3}},"line":81},"4":{"name":"(anonymous_4)","decl":{"start":{"line":87,"column":12},"end":{"line":87,"column":13}},"loc":{"start":{"line":87,"column":18},"end":{"line":89,"column":3}},"line":87},"5":{"name":"(anonymous_5)","decl":{"start":{"line":91,"column":23},"end":{"line":91,"column":24}},"loc":{"start":{"line":91,"column":41},"end":{"line":95,"column":3}},"line":91},"6":{"name":"(anonymous_6)","decl":{"start":{"line":107,"column":27},"end":{"line":107,"column":28}},"loc":{"start":{"line":108,"column":14},"end":{"line":131,"column":21}},"line":108},"7":{"name":"(anonymous_7)","decl":{"start":{"line":126,"column":33},"end":{"line":126,"column":34}},"loc":{"start":{"line":126,"column":39},"end":{"line":126,"column":64}},"line":126},"8":{"name":"(anonymous_8)","decl":{"start":{"line":150,"column":27},"end":{"line":150,"column":28}},"loc":{"start":{"line":150,"column":42},"end":{"line":153,"column":1}},"line":150},"9":{"name":"(anonymous_9)","decl":{"start":{"line":151,"column":20},"end":{"line":151,"column":21}},"loc":{"start":{"line":151,"column":26},"end":{"line":151,"column":54}},"line":151},"10":{"name":"(anonymous_10)","decl":{"start":{"line":152,"column":20},"end":{"line":152,"column":21}},"loc":{"start":{"line":152,"column":28},"end":{"line":152,"column":58}},"line":152}},"branchMap":{"0":{"loc":{"start":{"line":78,"column":4},"end":{"line":78,"column":46}},"type":"if","locations":[{"start":{"line":78,"column":4},"end":{"line":78,"column":46}},{"start":{"line":78,"column":4},"end":{"line":78,"column":46}}],"line":78},"1":{"loc":{"start":{"line":82,"column":4},"end":{"line":84,"column":5}},"type":"if","locations":[{"start":{"line":82,"column":4},"end":{"line":84,"column":5}},{"start":{"line":82,"column":4},"end":{"line":84,"column":5}}],"line":82},"2":{"loc":{"start":{"line":96,"column":2},"end":{"line":147,"column":6}},"type":"if","locations":[{"start":{"line":96,"column":2},"end":{"line":147,"column":6}},{"start":{"line":96,"column":2},"end":{"line":147,"column":6}}],"line":96},"3":{"loc":{"start":{"line":106,"column":11},"end":{"line":135,"column":11}},"type":"cond-expr","locations":[{"start":{"line":107,"column":12},"end":{"line":132,"column":14}},{"start":{"line":134,"column":12},"end":{"line":134,"column":33}}],"line":106}},"s":{"0":7,"1":7,"2":7,"3":82,"4":82,"5":82,"6":82,"7":82,"8":82,"9":82,"10":82,"11":14,"12":7,"13":82,"14":7,"15":0,"16":82,"17":24,"18":82,"19":1,"20":1,"21":1,"22":82,"23":0,"24":82,"25":260,"26":2,"27":7,"28":14,"29":7,"30":2,"31":7},"f":{"0":7,"1":82,"2":14,"3":7,"4":24,"5":1,"6":260,"7":2,"8":14,"9":7,"10":2},"b":{"0":[7,7],"1":[0,7],"2":[0,82],"3":[26,56]},"_coverageSchema":"1a1c01bbd47fc00a2c39e90264f33305004495a9","hash":"4ad38631e51f9559e659239c07850e830dc08465"}
,"/Users/vergelbarit/Documents/appDevelopment/react-redux-jsonplaceholder/src/containers/albums/components/add-modal.js": {"path":"/Users/vergelbarit/Documents/appDevelopment/react-redux-jsonplaceholder/src/containers/albums/components/add-modal.js","statementMap":{"0":{"start":{"line":14,"column":18},"end":{"line":36,"column":3}},"1":{"start":{"line":14,"column":41},"end":{"line":36,"column":1}},"2":{"start":{"line":39,"column":18},"end":{"line":39,"column":29}},"3":{"start":{"line":40,"column":26},"end":{"line":40,"column":47}},"4":{"start":{"line":41,"column":34},"end":{"line":41,"column":52}},"5":{"start":{"line":43,"column":21},"end":{"line":45,"column":3}},"6":{"start":{"line":44,"column":4},"end":{"line":44,"column":18}},"7":{"start":{"line":47,"column":22},"end":{"line":49,"column":3}},"8":{"start":{"line":48,"column":4},"end":{"line":48,"column":19}},"9":{"start":{"line":51,"column":23},"end":{"line":53,"column":3}},"10":{"start":{"line":52,"column":4},"end":{"line":52,"column":36}},"11":{"start":{"line":55,"column":21},"end":{"line":61,"column":3}},"12":{"start":{"line":56,"column":4},"end":{"line":56,"column":27}},"13":{"start":{"line":57,"column":17},"end":{"line":57,"column":47}},"14":{"start":{"line":58,"column":4},"end":{"line":58,"column":24}},"15":{"start":{"line":59,"column":4},"end":{"line":59,"column":18}},"16":{"start":{"line":60,"column":4},"end":{"line":60,"column":20}},"17":{"start":{"line":63,"column":2},"end":{"line":107,"column":4}},"18":{"start":{"line":110,"column":27},"end":{"line":112,"column":2}},"19":{"start":{"line":110,"column":42},"end":{"line":112,"column":1}},"20":{"start":{"line":111,"column":27},"end":{"line":111,"column":56}}},"fnMap":{"0":{"name":"(anonymous_0)","decl":{"start":{"line":14,"column":29},"end":{"line":14,"column":30}},"loc":{"start":{"line":14,"column":41},"end":{"line":36,"column":1}},"line":14},"1":{"name":"AddItemModal","decl":{"start":{"line":38,"column":9},"end":{"line":38,"column":21}},"loc":{"start":{"line":38,"column":41},"end":{"line":108,"column":1}},"line":38},"2":{"name":"(anonymous_2)","decl":{"start":{"line":43,"column":21},"end":{"line":43,"column":22}},"loc":{"start":{"line":43,"column":27},"end":{"line":45,"column":3}},"line":43},"3":{"name":"(anonymous_3)","decl":{"start":{"line":47,"column":22},"end":{"line":47,"column":23}},"loc":{"start":{"line":47,"column":28},"end":{"line":49,"column":3}},"line":47},"4":{"name":"(anonymous_4)","decl":{"start":{"line":51,"column":23},"end":{"line":51,"column":24}},"loc":{"start":{"line":51,"column":34},"end":{"line":53,"column":3}},"line":51},"5":{"name":"(anonymous_5)","decl":{"start":{"line":55,"column":21},"end":{"line":55,"column":22}},"loc":{"start":{"line":55,"column":32},"end":{"line":61,"column":3}},"line":55},"6":{"name":"(anonymous_6)","decl":{"start":{"line":110,"column":27},"end":{"line":110,"column":28}},"loc":{"start":{"line":110,"column":42},"end":{"line":112,"column":1}},"line":110},"7":{"name":"(anonymous_7)","decl":{"start":{"line":111,"column":17},"end":{"line":111,"column":18}},"loc":{"start":{"line":111,"column":27},"end":{"line":111,"column":56}},"line":111}},"branchMap":{},"s":{"0":7,"1":7,"2":18,"3":18,"4":18,"5":18,"6":2,"7":18,"8":0,"9":18,"10":0,"11":18,"12":0,"13":0,"14":0,"15":0,"16":0,"17":18,"18":7,"19":14,"20":0},"f":{"0":7,"1":18,"2":2,"3":0,"4":0,"5":0,"6":14,"7":0},"b":{},"_coverageSchema":"1a1c01bbd47fc00a2c39e90264f33305004495a9","hash":"3f53374a26fdc425dffe7e02b09be177ead10e88"}
,"/Users/vergelbarit/Documents/appDevelopment/react-redux-jsonplaceholder/src/containers/albums/components/edit-modal.js": {"path":"/Users/vergelbarit/Documents/appDevelopment/react-redux-jsonplaceholder/src/containers/albums/components/edit-modal.js","statementMap":{"0":{"start":{"line":14,"column":18},"end":{"line":36,"column":3}},"1":{"start":{"line":14,"column":41},"end":{"line":36,"column":1}},"2":{"start":{"line":39,"column":18},"end":{"line":39,"column":29}},"3":{"start":{"line":40,"column":26},"end":{"line":40,"column":47}},"4":{"start":{"line":41,"column":34},"end":{"line":41,"column":61}},"5":{"start":{"line":43,"column":21},"end":{"line":45,"column":3}},"6":{"start":{"line":44,"column":4},"end":{"line":44,"column":18}},"7":{"start":{"line":47,"column":22},"end":{"line":49,"column":3}},"8":{"start":{"line":48,"column":4},"end":{"line":48,"column":19}},"9":{"start":{"line":51,"column":23},"end":{"line":53,"column":3}},"10":{"start":{"line":52,"column":4},"end":{"line":52,"column":36}},"11":{"start":{"line":55,"column":21},"end":{"line":60,"column":3}},"12":{"start":{"line":56,"column":4},"end":{"line":56,"column":27}},"13":{"start":{"line":57,"column":17},"end":{"line":57,"column":46}},"14":{"start":{"line":58,"column":4},"end":{"line":58,"column":25}},"15":{"start":{"line":59,"column":4},"end":{"line":59,"column":18}},"16":{"start":{"line":62,"column":2},"end":{"line":106,"column":4}},"17":{"start":{"line":109,"column":27},"end":{"line":111,"column":2}},"18":{"start":{"line":109,"column":42},"end":{"line":111,"column":1}},"19":{"start":{"line":110,"column":28},"end":{"line":110,"column":58}}},"fnMap":{"0":{"name":"(anonymous_0)","decl":{"start":{"line":14,"column":29},"end":{"line":14,"column":30}},"loc":{"start":{"line":14,"column":41},"end":{"line":36,"column":1}},"line":14},"1":{"name":"EditModal","decl":{"start":{"line":38,"column":9},"end":{"line":38,"column":18}},"loc":{"start":{"line":38,"column":46},"end":{"line":107,"column":1}},"line":38},"2":{"name":"(anonymous_2)","decl":{"start":{"line":43,"column":21},"end":{"line":43,"column":22}},"loc":{"start":{"line":43,"column":27},"end":{"line":45,"column":3}},"line":43},"3":{"name":"(anonymous_3)","decl":{"start":{"line":47,"column":22},"end":{"line":47,"column":23}},"loc":{"start":{"line":47,"column":28},"end":{"line":49,"column":3}},"line":47},"4":{"name":"(anonymous_4)","decl":{"start":{"line":51,"column":23},"end":{"line":51,"column":24}},"loc":{"start":{"line":51,"column":34},"end":{"line":53,"column":3}},"line":51},"5":{"name":"(anonymous_5)","decl":{"start":{"line":55,"column":21},"end":{"line":55,"column":22}},"loc":{"start":{"line":55,"column":32},"end":{"line":60,"column":3}},"line":55},"6":{"name":"(anonymous_6)","decl":{"start":{"line":109,"column":27},"end":{"line":109,"column":28}},"loc":{"start":{"line":109,"column":42},"end":{"line":111,"column":1}},"line":109},"7":{"name":"(anonymous_7)","decl":{"start":{"line":110,"column":18},"end":{"line":110,"column":19}},"loc":{"start":{"line":110,"column":28},"end":{"line":110,"column":58}},"line":110}},"branchMap":{},"s":{"0":7,"1":7,"2":160,"3":160,"4":160,"5":160,"6":0,"7":160,"8":0,"9":160,"10":0,"11":160,"12":0,"13":0,"14":0,"15":0,"16":160,"17":7,"18":160,"19":0},"f":{"0":7,"1":160,"2":0,"3":0,"4":0,"5":0,"6":160,"7":0},"b":{},"_coverageSchema":"1a1c01bbd47fc00a2c39e90264f33305004495a9","hash":"f058d7318008afac2946c2b3c28ab750ceeca891"}
,"/Users/vergelbarit/Documents/appDevelopment/react-redux-jsonplaceholder/src/containers/comments/index.js": {"path":"/Users/vergelbarit/Documents/appDevelopment/react-redux-jsonplaceholder/src/containers/comments/index.js","statementMap":{"0":{"start":{"line":26,"column":18},"end":{"line":64,"column":3}},"1":{"start":{"line":26,"column":41},"end":{"line":64,"column":1}},"2":{"start":{"line":66,"column":25},"end":{"line":147,"column":1}},"3":{"start":{"line":73,"column":30},"end":{"line":73,"column":43}},"4":{"start":{"line":74,"column":26},"end":{"line":74,"column":37}},"5":{"start":{"line":75,"column":32},"end":{"line":75,"column":43}},"6":{"start":{"line":76,"column":32},"end":{"line":76,"column":44}},"7":{"start":{"line":77,"column":42},"end":{"line":77,"column":54}},"8":{"start":{"line":78,"column":18},"end":{"line":78,"column":29}},"9":{"start":{"line":79,"column":16},"end":{"line":79,"column":47}},"10":{"start":{"line":81,"column":2},"end":{"line":83,"column":37}},"11":{"start":{"line":82,"column":4},"end":{"line":82,"column":50}},"12":{"start":{"line":82,"column":29},"end":{"line":82,"column":50}},"13":{"start":{"line":85,"column":2},"end":{"line":89,"column":38}},"14":{"start":{"line":86,"column":4},"end":{"line":88,"column":5}},"15":{"start":{"line":87,"column":6},"end":{"line":87,"column":58}},"16":{"start":{"line":91,"column":2},"end":{"line":93,"column":53}},"17":{"start":{"line":92,"column":4},"end":{"line":92,"column":54}},"18":{"start":{"line":95,"column":23},"end":{"line":99,"column":3}},"19":{"start":{"line":96,"column":4},"end":{"line":96,"column":19}},"20":{"start":{"line":97,"column":4},"end":{"line":97,"column":33}},"21":{"start":{"line":98,"column":4},"end":{"line":98,"column":27}},"22":{"start":{"line":101,"column":2},"end":{"line":146,"column":4}},"23":{"start":{"line":112,"column":12},"end":{"line":129,"column":19}},"24":{"start":{"line":119,"column":33},"end":{"line":119,"column":60}},"25":{"start":{"line":149,"column":27},"end":{"line":152,"column":2}},"26":{"start":{"line":149,"column":42},"end":{"line":152,"column":1}},"27":{"start":{"line":150,"column":28},"end":{"line":150,"column":58}},"28":{"start":{"line":151,"column":30},"end":{"line":151,"column":62}},"29":{"start":{"line":154,"column":24},"end":{"line":158,"column":2}}},"fnMap":{"0":{"name":"(anonymous_0)","decl":{"start":{"line":26,"column":29},"end":{"line":26,"column":30}},"loc":{"start":{"line":26,"column":41},"end":{"line":64,"column":1}},"line":26},"1":{"name":"(anonymous_1)","decl":{"start":{"line":66,"column":25},"end":{"line":66,"column":26}},"loc":{"start":{"line":72,"column":6},"end":{"line":147,"column":1}},"line":72},"2":{"name":"(anonymous_2)","decl":{"start":{"line":81,"column":12},"end":{"line":81,"column":13}},"loc":{"start":{"line":81,"column":18},"end":{"line":83,"column":3}},"line":81},"3":{"name":"(anonymous_3)","decl":{"start":{"line":85,"column":12},"end":{"line":85,"column":13}},"loc":{"start":{"line":85,"column":18},"end":{"line":89,"column":3}},"line":85},"4":{"name":"(anonymous_4)","decl":{"start":{"line":91,"column":12},"end":{"line":91,"column":13}},"loc":{"start":{"line":91,"column":18},"end":{"line":93,"column":3}},"line":91},"5":{"name":"(anonymous_5)","decl":{"start":{"line":95,"column":23},"end":{"line":95,"column":24}},"loc":{"start":{"line":95,"column":41},"end":{"line":99,"column":3}},"line":95},"6":{"name":"(anonymous_6)","decl":{"start":{"line":111,"column":27},"end":{"line":111,"column":28}},"loc":{"start":{"line":112,"column":12},"end":{"line":129,"column":19}},"line":112},"7":{"name":"(anonymous_7)","decl":{"start":{"line":119,"column":27},"end":{"line":119,"column":28}},"loc":{"start":{"line":119,"column":33},"end":{"line":119,"column":60}},"line":119},"8":{"name":"(anonymous_8)","decl":{"start":{"line":149,"column":27},"end":{"line":149,"column":28}},"loc":{"start":{"line":149,"column":42},"end":{"line":152,"column":1}},"line":149},"9":{"name":"(anonymous_9)","decl":{"start":{"line":150,"column":22},"end":{"line":150,"column":23}},"loc":{"start":{"line":150,"column":28},"end":{"line":150,"column":58}},"line":150},"10":{"name":"(anonymous_10)","decl":{"start":{"line":151,"column":22},"end":{"line":151,"column":23}},"loc":{"start":{"line":151,"column":30},"end":{"line":151,"column":62}},"line":151}},"branchMap":{"0":{"loc":{"start":{"line":82,"column":4},"end":{"line":82,"column":50}},"type":"if","locations":[{"start":{"line":82,"column":4},"end":{"line":82,"column":50}},{"start":{"line":82,"column":4},"end":{"line":82,"column":50}}],"line":82},"1":{"loc":{"start":{"line":86,"column":4},"end":{"line":88,"column":5}},"type":"if","locations":[{"start":{"line":86,"column":4},"end":{"line":88,"column":5}},{"start":{"line":86,"column":4},"end":{"line":88,"column":5}}],"line":86},"2":{"loc":{"start":{"line":110,"column":9},"end":{"line":133,"column":9}},"type":"cond-expr","locations":[{"start":{"line":111,"column":10},"end":{"line":130,"column":12}},{"start":{"line":132,"column":10},"end":{"line":132,"column":31}}],"line":110}},"s":{"0":9,"1":9,"2":9,"3":110,"4":110,"5":110,"6":110,"7":110,"8":110,"9":110,"10":110,"11":20,"12":9,"13":110,"14":9,"15":0,"16":110,"17":32,"18":110,"19":1,"20":1,"21":1,"22":110,"23":380,"24":2,"25":9,"26":18,"27":9,"28":2,"29":9},"f":{"0":9,"1":110,"2":20,"3":9,"4":32,"5":1,"6":380,"7":2,"8":18,"9":9,"10":2},"b":{"0":[9,11],"1":[0,9],"2":[38,72]},"_coverageSchema":"1a1c01bbd47fc00a2c39e90264f33305004495a9","hash":"9fa059369caf873858ac5fb3dc9653c857c646c8"}
,"/Users/vergelbarit/Documents/appDevelopment/react-redux-jsonplaceholder/src/containers/comments/components/add-modal.js": {"path":"/Users/vergelbarit/Documents/appDevelopment/react-redux-jsonplaceholder/src/containers/comments/components/add-modal.js","statementMap":{"0":{"start":{"line":14,"column":18},"end":{"line":36,"column":3}},"1":{"start":{"line":14,"column":41},"end":{"line":36,"column":1}},"2":{"start":{"line":39,"column":18},"end":{"line":39,"column":29}},"3":{"start":{"line":40,"column":26},"end":{"line":40,"column":47}},"4":{"start":{"line":41,"column":28},"end":{"line":45,"column":4}},"5":{"start":{"line":47,"column":21},"end":{"line":49,"column":3}},"6":{"start":{"line":48,"column":4},"end":{"line":48,"column":18}},"7":{"start":{"line":51,"column":22},"end":{"line":53,"column":3}},"8":{"start":{"line":52,"column":4},"end":{"line":52,"column":19}},"9":{"start":{"line":55,"column":23},"end":{"line":57,"column":3}},"10":{"start":{"line":56,"column":4},"end":{"line":56,"column":68}},"11":{"start":{"line":59,"column":21},"end":{"line":70,"column":3}},"12":{"start":{"line":60,"column":34},"end":{"line":60,"column":39}},"13":{"start":{"line":61,"column":4},"end":{"line":61,"column":27}},"14":{"start":{"line":62,"column":17},"end":{"line":62,"column":49}},"15":{"start":{"line":63,"column":4},"end":{"line":63,"column":26}},"16":{"start":{"line":64,"column":4},"end":{"line":64,"column":18}},"17":{"start":{"line":65,"column":4},"end":{"line":69,"column":7}},"18":{"start":{"line":72,"column":2},"end":{"line":147,"column":4}},"19":{"start":{"line":150,"column":27},"end":{"line":152,"column":2}},"20":{"start":{"line":150,"column":42},"end":{"line":152,"column":1}},"21":{"start":{"line":151,"column":29},"end":{"line":151,"column":60}}},"fnMap":{"0":{"name":"(anonymous_0)","decl":{"start":{"line":14,"column":29},"end":{"line":14,"column":30}},"loc":{"start":{"line":14,"column":41},"end":{"line":36,"column":1}},"line":14},"1":{"name":"AddCommentModal","decl":{"start":{"line":38,"column":9},"end":{"line":38,"column":24}},"loc":{"start":{"line":38,"column":46},"end":{"line":148,"column":1}},"line":38},"2":{"name":"(anonymous_2)","decl":{"start":{"line":47,"column":21},"end":{"line":47,"column":22}},"loc":{"start":{"line":47,"column":27},"end":{"line":49,"column":3}},"line":47},"3":{"name":"(anonymous_3)","decl":{"start":{"line":51,"column":22},"end":{"line":51,"column":23}},"loc":{"start":{"line":51,"column":28},"end":{"line":53,"column":3}},"line":51},"4":{"name":"(anonymous_4)","decl":{"start":{"line":55,"column":23},"end":{"line":55,"column":24}},"loc":{"start":{"line":55,"column":34},"end":{"line":57,"column":3}},"line":55},"5":{"name":"(anonymous_5)","decl":{"start":{"line":59,"column":21},"end":{"line":59,"column":22}},"loc":{"start":{"line":59,"column":32},"end":{"line":70,"column":3}},"line":59},"6":{"name":"(anonymous_6)","decl":{"start":{"line":150,"column":27},"end":{"line":150,"column":28}},"loc":{"start":{"line":150,"column":42},"end":{"line":152,"column":1}},"line":150},"7":{"name":"(anonymous_7)","decl":{"start":{"line":151,"column":19},"end":{"line":151,"column":20}},"loc":{"start":{"line":151,"column":29},"end":{"line":151,"column":60}},"line":151}},"branchMap":{},"s":{"0":9,"1":9,"2":22,"3":22,"4":22,"5":22,"6":2,"7":22,"8":0,"9":22,"10":0,"11":22,"12":0,"13":0,"14":0,"15":0,"16":0,"17":0,"18":22,"19":9,"20":18,"21":0},"f":{"0":9,"1":22,"2":2,"3":0,"4":0,"5":0,"6":18,"7":0},"b":{},"_coverageSchema":"1a1c01bbd47fc00a2c39e90264f33305004495a9","hash":"d500c9e0845ede07f1f8be41c84df125741a9368"}
,"/Users/vergelbarit/Documents/appDevelopment/react-redux-jsonplaceholder/src/containers/comments/components/edit-modal.js": {"path":"/Users/vergelbarit/Documents/appDevelopment/react-redux-jsonplaceholder/src/containers/comments/components/edit-modal.js","statementMap":{"0":{"start":{"line":13,"column":18},"end":{"line":35,"column":3}},"1":{"start":{"line":13,"column":41},"end":{"line":35,"column":1}},"2":{"start":{"line":38,"column":18},"end":{"line":38,"column":29}},"3":{"start":{"line":39,"column":26},"end":{"line":39,"column":47}},"4":{"start":{"line":40,"column":32},"end":{"line":40,"column":60}},"5":{"start":{"line":42,"column":21},"end":{"line":44,"column":3}},"6":{"start":{"line":43,"column":4},"end":{"line":43,"column":18}},"7":{"start":{"line":46,"column":22},"end":{"line":48,"column":3}},"8":{"start":{"line":47,"column":4},"end":{"line":47,"column":19}},"9":{"start":{"line":50,"column":23},"end":{"line":52,"column":3}},"10":{"start":{"line":51,"column":4},"end":{"line":51,"column":35}},"11":{"start":{"line":54,"column":21},"end":{"line":59,"column":3}},"12":{"start":{"line":55,"column":4},"end":{"line":55,"column":27}},"13":{"start":{"line":56,"column":17},"end":{"line":56,"column":46}},"14":{"start":{"line":57,"column":4},"end":{"line":57,"column":27}},"15":{"start":{"line":58,"column":4},"end":{"line":58,"column":18}},"16":{"start":{"line":61,"column":2},"end":{"line":107,"column":4}},"17":{"start":{"line":110,"column":27},"end":{"line":112,"column":2}},"18":{"start":{"line":110,"column":42},"end":{"line":112,"column":1}},"19":{"start":{"line":111,"column":30},"end":{"line":111,"column":62}}},"fnMap":{"0":{"name":"(anonymous_0)","decl":{"start":{"line":13,"column":29},"end":{"line":13,"column":30}},"loc":{"start":{"line":13,"column":41},"end":{"line":35,"column":1}},"line":13},"1":{"name":"TransitionsModal","decl":{"start":{"line":37,"column":9},"end":{"line":37,"column":25}},"loc":{"start":{"line":37,"column":57},"end":{"line":108,"column":1}},"line":37},"2":{"name":"(anonymous_2)","decl":{"start":{"line":42,"column":21},"end":{"line":42,"column":22}},"loc":{"start":{"line":42,"column":27},"end":{"line":44,"column":3}},"line":42},"3":{"name":"(anonymous_3)","decl":{"start":{"line":46,"column":22},"end":{"line":46,"column":23}},"loc":{"start":{"line":46,"column":28},"end":{"line":48,"column":3}},"line":46},"4":{"name":"(anonymous_4)","decl":{"start":{"line":50,"column":23},"end":{"line":50,"column":24}},"loc":{"start":{"line":50,"column":34},"end":{"line":52,"column":3}},"line":50},"5":{"name":"(anonymous_5)","decl":{"start":{"line":54,"column":21},"end":{"line":54,"column":22}},"loc":{"start":{"line":54,"column":32},"end":{"line":59,"column":3}},"line":54},"6":{"name":"(anonymous_6)","decl":{"start":{"line":110,"column":27},"end":{"line":110,"column":28}},"loc":{"start":{"line":110,"column":42},"end":{"line":112,"column":1}},"line":110},"7":{"name":"(anonymous_7)","decl":{"start":{"line":111,"column":20},"end":{"line":111,"column":21}},"loc":{"start":{"line":111,"column":30},"end":{"line":111,"column":62}},"line":111}},"branchMap":{},"s":{"0":9,"1":9,"2":204,"3":204,"4":204,"5":204,"6":0,"7":204,"8":0,"9":204,"10":0,"11":204,"12":0,"13":0,"14":0,"15":0,"16":204,"17":9,"18":204,"19":0},"f":{"0":9,"1":204,"2":0,"3":0,"4":0,"5":0,"6":204,"7":0},"b":{},"_coverageSchema":"1a1c01bbd47fc00a2c39e90264f33305004495a9","hash":"082de2b14971497f0ecae82ae2bb233e03f8a718"}
,"/Users/vergelbarit/Documents/appDevelopment/react-redux-jsonplaceholder/src/containers/components/link.js": {"path":"/Users/vergelbarit/Documents/appDevelopment/react-redux-jsonplaceholder/src/containers/components/link.js","statementMap":{"0":{"start":{"line":9,"column":32},"end":{"line":9,"column":37}},"1":{"start":{"line":11,"column":21},"end":{"line":17,"column":3}},"2":{"start":{"line":13,"column":6},"end":{"line":15,"column":8}},"3":{"start":{"line":14,"column":8},"end":{"line":14,"column":49}},"4":{"start":{"line":19,"column":2},"end":{"line":26,"column":4}},"5":{"start":{"line":28,"column":0},"end":{"line":32,"column":2}}},"fnMap":{"0":{"name":"ListItemLink","decl":{"start":{"line":8,"column":9},"end":{"line":8,"column":21}},"loc":{"start":{"line":8,"column":29},"end":{"line":27,"column":1}},"line":8},"1":{"name":"(anonymous_1)","decl":{"start":{"line":12,"column":4},"end":{"line":12,"column":5}},"loc":{"start":{"line":13,"column":6},"end":{"line":15,"column":8}},"line":13},"2":{"name":"(anonymous_2)","decl":{"start":{"line":13,"column":23},"end":{"line":13,"column":24}},"loc":{"start":{"line":14,"column":8},"end":{"line":14,"column":49}},"line":14}},"branchMap":{},"s":{"0":0,"1":0,"2":0,"3":0,"4":0,"5":75},"f":{"0":0,"1":0,"2":0},"b":{},"_coverageSchema":"1a1c01bbd47fc00a2c39e90264f33305004495a9","hash":"076377ed7d5327ec6d48935559d1a7c16be5f457"}
,"/Users/vergelbarit/Documents/appDevelopment/react-redux-jsonplaceholder/src/containers/components/skeleton.component.js": {"path":"/Users/vergelbarit/Documents/appDevelopment/react-redux-jsonplaceholder/src/containers/components/skeleton.component.js","statementMap":{"0":{"start":{"line":5,"column":13},"end":{"line":5,"column":44}},"1":{"start":{"line":7,"column":2},"end":{"line":12,"column":5}},"2":{"start":{"line":8,"column":4},"end":{"line":11,"column":11}}},"fnMap":{"0":{"name":"SkeletonComponent","decl":{"start":{"line":6,"column":24},"end":{"line":6,"column":41}},"loc":{"start":{"line":6,"column":44},"end":{"line":13,"column":1}},"line":6},"1":{"name":"(anonymous_1)","decl":{"start":{"line":7,"column":18},"end":{"line":7,"column":19}},"loc":{"start":{"line":8,"column":4},"end":{"line":11,"column":11}},"line":8}},"branchMap":{},"s":{"0":53,"1":211,"2":2110},"f":{"0":211,"1":2110},"b":{},"_coverageSchema":"1a1c01bbd47fc00a2c39e90264f33305004495a9","hash":"d4a8029a9a7771400feed9cf08ecd3a9cd57616a"}
,"/Users/vergelbarit/Documents/appDevelopment/react-redux-jsonplaceholder/src/containers/extra/loading-screen.js": {"path":"/Users/vergelbarit/Documents/appDevelopment/react-redux-jsonplaceholder/src/containers/extra/loading-screen.js","statementMap":{"0":{"start":{"line":5,"column":18},"end":{"line":15,"column":3}},"1":{"start":{"line":5,"column":41},"end":{"line":15,"column":1}},"2":{"start":{"line":17,"column":22},"end":{"line":35,"column":1}},"3":{"start":{"line":18,"column":18},"end":{"line":18,"column":29}},"4":{"start":{"line":20,"column":2},"end":{"line":26,"column":9}},"5":{"start":{"line":21,"column":4},"end":{"line":21,"column":22}},"6":{"start":{"line":23,"column":4},"end":{"line":25,"column":6}},"7":{"start":{"line":24,"column":6},"end":{"line":24,"column":23}},"8":{"start":{"line":28,"column":2},"end":{"line":34,"column":4}}},"fnMap":{"0":{"name":"(anonymous_0)","decl":{"start":{"line":5,"column":29},"end":{"line":5,"column":30}},"loc":{"start":{"line":5,"column":41},"end":{"line":15,"column":1}},"line":5},"1":{"name":"(anonymous_1)","decl":{"start":{"line":17,"column":22},"end":{"line":17,"column":23}},"loc":{"start":{"line":17,"column":28},"end":{"line":35,"column":1}},"line":17},"2":{"name":"(anonymous_2)","decl":{"start":{"line":20,"column":12},"end":{"line":20,"column":13}},"loc":{"start":{"line":20,"column":18},"end":{"line":26,"column":3}},"line":20},"3":{"name":"(anonymous_3)","decl":{"start":{"line":23,"column":11},"end":{"line":23,"column":12}},"loc":{"start":{"line":23,"column":17},"end":{"line":25,"column":5}},"line":23}},"branchMap":{},"s":{"0":75,"1":53,"2":75,"3":106,"4":106,"5":53,"6":53,"7":53,"8":106},"f":{"0":53,"1":106,"2":53,"3":53},"b":{},"_coverageSchema":"1a1c01bbd47fc00a2c39e90264f33305004495a9","hash":"c1afdb0eb72411500b0666e3a6fc4226427d8094"}
,"/Users/vergelbarit/Documents/appDevelopment/react-redux-jsonplaceholder/src/containers/landing/index.js": {"path":"/Users/vergelbarit/Documents/appDevelopment/react-redux-jsonplaceholder/src/containers/landing/index.js","statementMap":{"0":{"start":{"line":15,"column":18},"end":{"line":42,"column":3}},"1":{"start":{"line":15,"column":41},"end":{"line":42,"column":1}},"2":{"start":{"line":43,"column":14},"end":{"line":50,"column":1}},"3":{"start":{"line":53,"column":18},"end":{"line":53,"column":29}},"4":{"start":{"line":54,"column":2},"end":{"line":91,"column":4}},"5":{"start":{"line":67,"column":12},"end":{"line":86,"column":19}}},"fnMap":{"0":{"name":"(anonymous_0)","decl":{"start":{"line":15,"column":29},"end":{"line":15,"column":30}},"loc":{"start":{"line":15,"column":41},"end":{"line":42,"column":1}},"line":15},"1":{"name":"App","decl":{"start":{"line":52,"column":9},"end":{"line":52,"column":12}},"loc":{"start":{"line":52,"column":15},"end":{"line":92,"column":1}},"line":52},"2":{"name":"(anonymous_2)","decl":{"start":{"line":66,"column":21},"end":{"line":66,"column":22}},"loc":{"start":{"line":67,"column":12},"end":{"line":86,"column":19}},"line":67}},"branchMap":{},"s":{"0":75,"1":22,"2":75,"3":44,"4":44,"5":264},"f":{"0":22,"1":44,"2":264},"b":{},"_coverageSchema":"1a1c01bbd47fc00a2c39e90264f33305004495a9","hash":"228f5724bb903bf358c1c52483d1f20d3afe2b24"}
,"/Users/vergelbarit/Documents/appDevelopment/react-redux-jsonplaceholder/src/containers/layout/index.js": {"path":"/Users/vergelbarit/Documents/appDevelopment/react-redux-jsonplaceholder/src/containers/layout/index.js","statementMap":{"0":{"start":{"line":12,"column":18},"end":{"line":18,"column":3}},"1":{"start":{"line":12,"column":41},"end":{"line":18,"column":1}},"2":{"start":{"line":21,"column":23},"end":{"line":21,"column":28}},"3":{"start":{"line":22,"column":18},"end":{"line":22,"column":29}},"4":{"start":{"line":23,"column":18},"end":{"line":27,"column":4}},"5":{"start":{"line":29,"column":22},"end":{"line":37,"column":3}},"6":{"start":{"line":30,"column":19},"end":{"line":32,"column":5}},"7":{"start":{"line":34,"column":4},"end":{"line":36,"column":5}},"8":{"start":{"line":35,"column":6},"end":{"line":35,"column":69}},"9":{"start":{"line":39,"column":2},"end":{"line":45,"column":4}},"10":{"start":{"line":48,"column":0},"end":{"line":51,"column":2}},"11":{"start":{"line":54,"column":2},"end":{"line":66,"column":4}}},"fnMap":{"0":{"name":"(anonymous_0)","decl":{"start":{"line":12,"column":29},"end":{"line":12,"column":30}},"loc":{"start":{"line":12,"column":41},"end":{"line":18,"column":1}},"line":12},"1":{"name":"ScrollTop","decl":{"start":{"line":20,"column":9},"end":{"line":20,"column":18}},"loc":{"start":{"line":20,"column":26},"end":{"line":46,"column":1}},"line":20},"2":{"name":"(anonymous_2)","decl":{"start":{"line":29,"column":22},"end":{"line":29,"column":23}},"loc":{"start":{"line":29,"column":33},"end":{"line":37,"column":3}},"line":29},"3":{"name":"BackToTop","decl":{"start":{"line":53,"column":24},"end":{"line":53,"column":33}},"loc":{"start":{"line":53,"column":41},"end":{"line":67,"column":1}},"line":53}},"branchMap":{"0":{"loc":{"start":{"line":30,"column":20},"end":{"line":30,"column":58}},"type":"binary-expr","locations":[{"start":{"line":30,"column":20},"end":{"line":30,"column":46}},{"start":{"line":30,"column":50},"end":{"line":30,"column":58}}],"line":30},"1":{"loc":{"start":{"line":34,"column":4},"end":{"line":36,"column":5}},"type":"if","locations":[{"start":{"line":34,"column":4},"end":{"line":36,"column":5}},{"start":{"line":34,"column":4},"end":{"line":36,"column":5}}],"line":34}},"s":{"0":75,"1":75,"2":222,"3":222,"4":222,"5":222,"6":0,"7":0,"8":0,"9":222,"10":75,"11":75},"f":{"0":75,"1":222,"2":0,"3":75},"b":{"0":[0,0],"1":[0,0]},"_coverageSchema":"1a1c01bbd47fc00a2c39e90264f33305004495a9","hash":"712cf5a9b0a647af0cdf70afbb285173d7bc6ded"}
,"/Users/vergelbarit/Documents/appDevelopment/react-redux-jsonplaceholder/src/containers/layout/components/navbar.js": {"path":"/Users/vergelbarit/Documents/appDevelopment/react-redux-jsonplaceholder/src/containers/layout/components/navbar.js","statementMap":{"0":{"start":{"line":13,"column":18},"end":{"line":43,"column":3}},"1":{"start":{"line":13,"column":41},"end":{"line":43,"column":1}},"2":{"start":{"line":46,"column":18},"end":{"line":46,"column":29}},"3":{"start":{"line":48,"column":2},"end":{"line":95,"column":4}}},"fnMap":{"0":{"name":"(anonymous_0)","decl":{"start":{"line":13,"column":29},"end":{"line":13,"column":30}},"loc":{"start":{"line":13,"column":41},"end":{"line":43,"column":1}},"line":13},"1":{"name":"Navigation","decl":{"start":{"line":45,"column":24},"end":{"line":45,"column":34}},"loc":{"start":{"line":45,"column":37},"end":{"line":96,"column":1}},"line":45}},"branchMap":{},"s":{"0":75,"1":75,"2":150,"3":150},"f":{"0":75,"1":150},"b":{},"_coverageSchema":"1a1c01bbd47fc00a2c39e90264f33305004495a9","hash":"573963fa059815d273bf0083798905132b5a8ff1"}
,"/Users/vergelbarit/Documents/appDevelopment/react-redux-jsonplaceholder/src/containers/layout/components/side-bar.js": {"path":"/Users/vergelbarit/Documents/appDevelopment/react-redux-jsonplaceholder/src/containers/layout/components/side-bar.js","statementMap":{"0":{"start":{"line":21,"column":18},"end":{"line":40,"column":3}},"1":{"start":{"line":21,"column":41},"end":{"line":40,"column":1}},"2":{"start":{"line":41,"column":14},"end":{"line":49,"column":1}},"3":{"start":{"line":52,"column":18},"end":{"line":52,"column":29}},"4":{"start":{"line":53,"column":28},"end":{"line":58,"column":4}},"5":{"start":{"line":60,"column":23},"end":{"line":69,"column":3}},"6":{"start":{"line":60,"column":41},"end":{"line":69,"column":3}},"7":{"start":{"line":61,"column":4},"end":{"line":66,"column":5}},"8":{"start":{"line":65,"column":6},"end":{"line":65,"column":13}},"9":{"start":{"line":68,"column":4},"end":{"line":68,"column":43}},"10":{"start":{"line":71,"column":15},"end":{"line":106,"column":3}},"11":{"start":{"line":72,"column":4},"end":{"line":105,"column":10}},"12":{"start":{"line":82,"column":10},"end":{"line":89,"column":16}},"13":{"start":{"line":108,"column":2},"end":{"line":129,"column":4}}},"fnMap":{"0":{"name":"(anonymous_0)","decl":{"start":{"line":21,"column":29},"end":{"line":21,"column":30}},"loc":{"start":{"line":21,"column":41},"end":{"line":40,"column":1}},"line":21},"1":{"name":"SideBarShared","decl":{"start":{"line":51,"column":24},"end":{"line":51,"column":37}},"loc":{"start":{"line":51,"column":40},"end":{"line":130,"column":1}},"line":51},"2":{"name":"(anonymous_2)","decl":{"start":{"line":60,"column":23},"end":{"line":60,"column":24}},"loc":{"start":{"line":60,"column":41},"end":{"line":69,"column":3}},"line":60},"3":{"name":"(anonymous_3)","decl":{"start":{"line":60,"column":41},"end":{"line":60,"column":42}},"loc":{"start":{"line":60,"column":52},"end":{"line":69,"column":3}},"line":60},"4":{"name":"(anonymous_4)","decl":{"start":{"line":71,"column":15},"end":{"line":71,"column":16}},"loc":{"start":{"line":72,"column":4},"end":{"line":105,"column":10}},"line":72},"5":{"name":"(anonymous_5)","decl":{"start":{"line":81,"column":19},"end":{"line":81,"column":20}},"loc":{"start":{"line":82,"column":10},"end":{"line":89,"column":16}},"line":82}},"branchMap":{"0":{"loc":{"start":{"line":61,"column":4},"end":{"line":66,"column":5}},"type":"if","locations":[{"start":{"line":61,"column":4},"end":{"line":66,"column":5}},{"start":{"line":61,"column":4},"end":{"line":66,"column":5}}],"line":61},"1":{"loc":{"start":{"line":62,"column":6},"end":{"line":63,"column":52}},"type":"binary-expr","locations":[{"start":{"line":62,"column":6},"end":{"line":62,"column":30}},{"start":{"line":63,"column":7},"end":{"line":63,"column":26}},{"start":{"line":63,"column":30},"end":{"line":63,"column":51}}],"line":62},"2":{"loc":{"start":{"line":74,"column":28},"end":{"line":74,"column":67}},"type":"binary-expr","locations":[{"start":{"line":74,"column":28},"end":{"line":74,"column":44}},{"start":{"line":74,"column":48},"end":{"line":74,"column":67}}],"line":74}},"s":{"0":75,"1":0,"2":75,"3":0,"4":0,"5":0,"6":0,"7":0,"8":0,"9":0,"10":0,"11":0,"12":0,"13":0},"f":{"0":0,"1":0,"2":0,"3":0,"4":0,"5":0},"b":{"0":[0,0],"1":[0,0,0],"2":[0,0]},"_coverageSchema":"1a1c01bbd47fc00a2c39e90264f33305004495a9","hash":"db8a2e91beb7b23d6af4af89da52bd6208ca88b9"}
,"/Users/vergelbarit/Documents/appDevelopment/react-redux-jsonplaceholder/src/containers/photos/index.js": {"path":"/Users/vergelbarit/Documents/appDevelopment/react-redux-jsonplaceholder/src/containers/photos/index.js","statementMap":{"0":{"start":{"line":26,"column":18},"end":{"line":60,"column":3}},"1":{"start":{"line":26,"column":41},"end":{"line":60,"column":1}},"2":{"start":{"line":62,"column":23},"end":{"line":149,"column":1}},"3":{"start":{"line":70,"column":30},"end":{"line":70,"column":43}},"4":{"start":{"line":71,"column":26},"end":{"line":71,"column":37}},"5":{"start":{"line":72,"column":32},"end":{"line":72,"column":43}},"6":{"start":{"line":73,"column":32},"end":{"line":73,"column":44}},"7":{"start":{"line":74,"column":38},"end":{"line":74,"column":50}},"8":{"start":{"line":75,"column":18},"end":{"line":75,"column":29}},"9":{"start":{"line":76,"column":16},"end":{"line":76,"column":45}},"10":{"start":{"line":78,"column":2},"end":{"line":80,"column":33}},"11":{"start":{"line":79,"column":4},"end":{"line":79,"column":46}},"12":{"start":{"line":79,"column":27},"end":{"line":79,"column":46}},"13":{"start":{"line":82,"column":2},"end":{"line":87,"column":58}},"14":{"start":{"line":83,"column":4},"end":{"line":86,"column":5}},"15":{"start":{"line":84,"column":6},"end":{"line":84,"column":58}},"16":{"start":{"line":85,"column":6},"end":{"line":85,"column":27}},"17":{"start":{"line":88,"column":2},"end":{"line":90,"column":51}},"18":{"start":{"line":89,"column":4},"end":{"line":89,"column":50}},"19":{"start":{"line":92,"column":23},"end":{"line":96,"column":3}},"20":{"start":{"line":93,"column":4},"end":{"line":93,"column":19}},"21":{"start":{"line":94,"column":4},"end":{"line":94,"column":33}},"22":{"start":{"line":95,"column":4},"end":{"line":95,"column":27}},"23":{"start":{"line":98,"column":2},"end":{"line":148,"column":4}},"24":{"start":{"line":108,"column":12},"end":{"line":132,"column":19}},"25":{"start":{"line":115,"column":33},"end":{"line":115,"column":58}},"26":{"start":{"line":151,"column":27},"end":{"line":154,"column":2}},"27":{"start":{"line":151,"column":42},"end":{"line":154,"column":1}},"28":{"start":{"line":152,"column":26},"end":{"line":152,"column":54}},"29":{"start":{"line":153,"column":28},"end":{"line":153,"column":58}},"30":{"start":{"line":156,"column":24},"end":{"line":160,"column":2}}},"fnMap":{"0":{"name":"(anonymous_0)","decl":{"start":{"line":26,"column":29},"end":{"line":26,"column":30}},"loc":{"start":{"line":26,"column":41},"end":{"line":60,"column":1}},"line":26},"1":{"name":"(anonymous_1)","decl":{"start":{"line":62,"column":23},"end":{"line":62,"column":24}},"loc":{"start":{"line":69,"column":6},"end":{"line":149,"column":1}},"line":69},"2":{"name":"(anonymous_2)","decl":{"start":{"line":78,"column":12},"end":{"line":78,"column":13}},"loc":{"start":{"line":78,"column":18},"end":{"line":80,"column":3}},"line":78},"3":{"name":"(anonymous_3)","decl":{"start":{"line":82,"column":12},"end":{"line":82,"column":13}},"loc":{"start":{"line":82,"column":18},"end":{"line":87,"column":3}},"line":82},"4":{"name":"(anonymous_4)","decl":{"start":{"line":88,"column":12},"end":{"line":88,"column":13}},"loc":{"start":{"line":88,"column":18},"end":{"line":90,"column":3}},"line":88},"5":{"name":"(anonymous_5)","decl":{"start":{"line":92,"column":23},"end":{"line":92,"column":24}},"loc":{"start":{"line":92,"column":41},"end":{"line":96,"column":3}},"line":92},"6":{"name":"(anonymous_6)","decl":{"start":{"line":107,"column":25},"end":{"line":107,"column":26}},"loc":{"start":{"line":108,"column":12},"end":{"line":132,"column":19}},"line":108},"7":{"name":"(anonymous_7)","decl":{"start":{"line":115,"column":27},"end":{"line":115,"column":28}},"loc":{"start":{"line":115,"column":33},"end":{"line":115,"column":58}},"line":115},"8":{"name":"(anonymous_8)","decl":{"start":{"line":151,"column":27},"end":{"line":151,"column":28}},"loc":{"start":{"line":151,"column":42},"end":{"line":154,"column":1}},"line":151},"9":{"name":"(anonymous_9)","decl":{"start":{"line":152,"column":20},"end":{"line":152,"column":21}},"loc":{"start":{"line":152,"column":26},"end":{"line":152,"column":54}},"line":152},"10":{"name":"(anonymous_10)","decl":{"start":{"line":153,"column":20},"end":{"line":153,"column":21}},"loc":{"start":{"line":153,"column":28},"end":{"line":153,"column":58}},"line":153}},"branchMap":{"0":{"loc":{"start":{"line":79,"column":4},"end":{"line":79,"column":46}},"type":"if","locations":[{"start":{"line":79,"column":4},"end":{"line":79,"column":46}},{"start":{"line":79,"column":4},"end":{"line":79,"column":46}}],"line":79},"1":{"loc":{"start":{"line":83,"column":4},"end":{"line":86,"column":5}},"type":"if","locations":[{"start":{"line":83,"column":4},"end":{"line":86,"column":5}},{"start":{"line":83,"column":4},"end":{"line":86,"column":5}}],"line":83},"2":{"loc":{"start":{"line":106,"column":9},"end":{"line":136,"column":9}},"type":"cond-expr","locations":[{"start":{"line":107,"column":10},"end":{"line":133,"column":12}},{"start":{"line":135,"column":10},"end":{"line":135,"column":31}}],"line":106}},"s":{"0":9,"1":9,"2":9,"3":102,"4":102,"5":102,"6":102,"7":102,"8":102,"9":102,"10":102,"11":17,"12":9,"13":102,"14":9,"15":0,"16":0,"17":102,"18":30,"19":102,"20":2,"21":2,"22":2,"23":102,"24":320,"25":2,"26":9,"27":18,"28":9,"29":2,"30":9},"f":{"0":9,"1":102,"2":17,"3":9,"4":30,"5":2,"6":320,"7":2,"8":18,"9":9,"10":2},"b":{"0":[9,8],"1":[0,9],"2":[32,70]},"_coverageSchema":"1a1c01bbd47fc00a2c39e90264f33305004495a9","hash":"81ff6f73b42e0316dc7bf4c1ab2490afa36ec9c2"}
,"/Users/vergelbarit/Documents/appDevelopment/react-redux-jsonplaceholder/src/containers/photos/components/add-modal.js": {"path":"/Users/vergelbarit/Documents/appDevelopment/react-redux-jsonplaceholder/src/containers/photos/components/add-modal.js","statementMap":{"0":{"start":{"line":13,"column":18},"end":{"line":35,"column":3}},"1":{"start":{"line":13,"column":41},"end":{"line":35,"column":1}},"2":{"start":{"line":38,"column":18},"end":{"line":38,"column":29}},"3":{"start":{"line":39,"column":26},"end":{"line":39,"column":47}},"4":{"start":{"line":40,"column":28},"end":{"line":43,"column":4}},"5":{"start":{"line":44,"column":21},"end":{"line":46,"column":3}},"6":{"start":{"line":45,"column":4},"end":{"line":45,"column":18}},"7":{"start":{"line":48,"column":22},"end":{"line":50,"column":3}},"8":{"start":{"line":49,"column":4},"end":{"line":49,"column":19}},"9":{"start":{"line":51,"column":23},"end":{"line":53,"column":3}},"10":{"start":{"line":52,"column":4},"end":{"line":52,"column":68}},"11":{"start":{"line":55,"column":21},"end":{"line":64,"column":3}},"12":{"start":{"line":56,"column":4},"end":{"line":56,"column":27}},"13":{"start":{"line":57,"column":17},"end":{"line":57,"column":29}},"14":{"start":{"line":58,"column":4},"end":{"line":58,"column":24}},"15":{"start":{"line":59,"column":4},"end":{"line":59,"column":18}},"16":{"start":{"line":60,"column":4},"end":{"line":63,"column":7}},"17":{"start":{"line":66,"column":2},"end":{"line":123,"column":4}},"18":{"start":{"line":126,"column":27},"end":{"line":128,"column":2}},"19":{"start":{"line":126,"column":42},"end":{"line":128,"column":1}},"20":{"start":{"line":127,"column":27},"end":{"line":127,"column":56}}},"fnMap":{"0":{"name":"(anonymous_0)","decl":{"start":{"line":13,"column":29},"end":{"line":13,"column":30}},"loc":{"start":{"line":13,"column":41},"end":{"line":35,"column":1}},"line":13},"1":{"name":"AddItemModal","decl":{"start":{"line":37,"column":9},"end":{"line":37,"column":21}},"loc":{"start":{"line":37,"column":41},"end":{"line":124,"column":1}},"line":37},"2":{"name":"(anonymous_2)","decl":{"start":{"line":44,"column":21},"end":{"line":44,"column":22}},"loc":{"start":{"line":44,"column":27},"end":{"line":46,"column":3}},"line":44},"3":{"name":"(anonymous_3)","decl":{"start":{"line":48,"column":22},"end":{"line":48,"column":23}},"loc":{"start":{"line":48,"column":28},"end":{"line":50,"column":3}},"line":48},"4":{"name":"(anonymous_4)","decl":{"start":{"line":51,"column":23},"end":{"line":51,"column":24}},"loc":{"start":{"line":51,"column":34},"end":{"line":53,"column":3}},"line":51},"5":{"name":"(anonymous_5)","decl":{"start":{"line":55,"column":21},"end":{"line":55,"column":22}},"loc":{"start":{"line":55,"column":32},"end":{"line":64,"column":3}},"line":55},"6":{"name":"(anonymous_6)","decl":{"start":{"line":126,"column":27},"end":{"line":126,"column":28}},"loc":{"start":{"line":126,"column":42},"end":{"line":128,"column":1}},"line":126},"7":{"name":"(anonymous_7)","decl":{"start":{"line":127,"column":17},"end":{"line":127,"column":18}},"loc":{"start":{"line":127,"column":27},"end":{"line":127,"column":56}},"line":127}},"branchMap":{},"s":{"0":9,"1":9,"2":22,"3":22,"4":22,"5":22,"6":2,"7":22,"8":0,"9":22,"10":0,"11":22,"12":0,"13":0,"14":0,"15":0,"16":0,"17":22,"18":9,"19":18,"20":0},"f":{"0":9,"1":22,"2":2,"3":0,"4":0,"5":0,"6":18,"7":0},"b":{},"_coverageSchema":"1a1c01bbd47fc00a2c39e90264f33305004495a9","hash":"653d4d4eacf6691b70643c9b199d1abd1c6270f8"}
,"/Users/vergelbarit/Documents/appDevelopment/react-redux-jsonplaceholder/src/containers/photos/components/edit-modal.js": {"path":"/Users/vergelbarit/Documents/appDevelopment/react-redux-jsonplaceholder/src/containers/photos/components/edit-modal.js","statementMap":{"0":{"start":{"line":13,"column":18},"end":{"line":35,"column":3}},"1":{"start":{"line":13,"column":41},"end":{"line":35,"column":1}},"2":{"start":{"line":38,"column":18},"end":{"line":38,"column":29}},"3":{"start":{"line":39,"column":26},"end":{"line":39,"column":47}},"4":{"start":{"line":40,"column":28},"end":{"line":40,"column":55}},"5":{"start":{"line":42,"column":21},"end":{"line":44,"column":3}},"6":{"start":{"line":43,"column":4},"end":{"line":43,"column":18}},"7":{"start":{"line":46,"column":22},"end":{"line":48,"column":3}},"8":{"start":{"line":47,"column":4},"end":{"line":47,"column":19}},"9":{"start":{"line":50,"column":23},"end":{"line":52,"column":3}},"10":{"start":{"line":51,"column":4},"end":{"line":51,"column":33}},"11":{"start":{"line":54,"column":21},"end":{"line":59,"column":3}},"12":{"start":{"line":55,"column":4},"end":{"line":55,"column":27}},"13":{"start":{"line":56,"column":17},"end":{"line":56,"column":36}},"14":{"start":{"line":57,"column":4},"end":{"line":57,"column":25}},"15":{"start":{"line":58,"column":4},"end":{"line":58,"column":18}},"16":{"start":{"line":61,"column":2},"end":{"line":108,"column":4}},"17":{"start":{"line":111,"column":27},"end":{"line":113,"column":2}},"18":{"start":{"line":111,"column":42},"end":{"line":113,"column":1}},"19":{"start":{"line":112,"column":28},"end":{"line":112,"column":58}}},"fnMap":{"0":{"name":"(anonymous_0)","decl":{"start":{"line":13,"column":29},"end":{"line":13,"column":30}},"loc":{"start":{"line":13,"column":41},"end":{"line":35,"column":1}},"line":13},"1":{"name":"TransitionsModal","decl":{"start":{"line":37,"column":9},"end":{"line":37,"column":25}},"loc":{"start":{"line":37,"column":53},"end":{"line":109,"column":1}},"line":37},"2":{"name":"(anonymous_2)","decl":{"start":{"line":42,"column":21},"end":{"line":42,"column":22}},"loc":{"start":{"line":42,"column":27},"end":{"line":44,"column":3}},"line":42},"3":{"name":"(anonymous_3)","decl":{"start":{"line":46,"column":22},"end":{"line":46,"column":23}},"loc":{"start":{"line":46,"column":28},"end":{"line":48,"column":3}},"line":46},"4":{"name":"(anonymous_4)","decl":{"start":{"line":50,"column":23},"end":{"line":50,"column":24}},"loc":{"start":{"line":50,"column":34},"end":{"line":52,"column":3}},"line":50},"5":{"name":"(anonymous_5)","decl":{"start":{"line":54,"column":21},"end":{"line":54,"column":22}},"loc":{"start":{"line":54,"column":32},"end":{"line":59,"column":3}},"line":54},"6":{"name":"(anonymous_6)","decl":{"start":{"line":111,"column":27},"end":{"line":111,"column":28}},"loc":{"start":{"line":111,"column":42},"end":{"line":113,"column":1}},"line":111},"7":{"name":"(anonymous_7)","decl":{"start":{"line":112,"column":18},"end":{"line":112,"column":19}},"loc":{"start":{"line":112,"column":28},"end":{"line":112,"column":58}},"line":112}},"branchMap":{},"s":{"0":9,"1":8,"2":200,"3":200,"4":200,"5":200,"6":0,"7":200,"8":0,"9":200,"10":0,"11":200,"12":0,"13":0,"14":0,"15":0,"16":200,"17":9,"18":200,"19":0},"f":{"0":8,"1":200,"2":0,"3":0,"4":0,"5":0,"6":200,"7":0},"b":{},"_coverageSchema":"1a1c01bbd47fc00a2c39e90264f33305004495a9","hash":"7dec9076d28cdf540c40a40804b0123dc6e6a190"}
,"/Users/vergelbarit/Documents/appDevelopment/react-redux-jsonplaceholder/src/containers/posts/index.js": {"path":"/Users/vergelbarit/Documents/appDevelopment/react-redux-jsonplaceholder/src/containers/posts/index.js","statementMap":{"0":{"start":{"line":26,"column":18},"end":{"line":60,"column":3}},"1":{"start":{"line":26,"column":41},"end":{"line":60,"column":1}},"2":{"start":{"line":62,"column":22},"end":{"line":141,"column":1}},"3":{"start":{"line":70,"column":30},"end":{"line":70,"column":43}},"4":{"start":{"line":71,"column":26},"end":{"line":71,"column":37}},"5":{"start":{"line":72,"column":32},"end":{"line":72,"column":43}},"6":{"start":{"line":73,"column":32},"end":{"line":73,"column":44}},"7":{"start":{"line":74,"column":36},"end":{"line":74,"column":48}},"8":{"start":{"line":75,"column":18},"end":{"line":75,"column":29}},"9":{"start":{"line":76,"column":16},"end":{"line":76,"column":44}},"10":{"start":{"line":78,"column":2},"end":{"line":80,"column":31}},"11":{"start":{"line":79,"column":4},"end":{"line":79,"column":44}},"12":{"start":{"line":79,"column":26},"end":{"line":79,"column":44}},"13":{"start":{"line":82,"column":2},"end":{"line":87,"column":57}},"14":{"start":{"line":83,"column":4},"end":{"line":86,"column":5}},"15":{"start":{"line":84,"column":6},"end":{"line":84,"column":58}},"16":{"start":{"line":85,"column":6},"end":{"line":85,"column":26}},"17":{"start":{"line":89,"column":2},"end":{"line":91,"column":50}},"18":{"start":{"line":90,"column":4},"end":{"line":90,"column":48}},"19":{"start":{"line":93,"column":23},"end":{"line":97,"column":3}},"20":{"start":{"line":94,"column":4},"end":{"line":94,"column":19}},"21":{"start":{"line":95,"column":4},"end":{"line":95,"column":33}},"22":{"start":{"line":96,"column":4},"end":{"line":96,"column":27}},"23":{"start":{"line":99,"column":2},"end":{"line":140,"column":4}},"24":{"start":{"line":109,"column":12},"end":{"line":124,"column":19}},"25":{"start":{"line":116,"column":33},"end":{"line":116,"column":57}},"26":{"start":{"line":143,"column":27},"end":{"line":146,"column":2}},"27":{"start":{"line":143,"column":42},"end":{"line":146,"column":1}},"28":{"start":{"line":144,"column":25},"end":{"line":144,"column":52}},"29":{"start":{"line":145,"column":27},"end":{"line":145,"column":56}},"30":{"start":{"line":148,"column":24},"end":{"line":152,"column":2}}},"fnMap":{"0":{"name":"(anonymous_0)","decl":{"start":{"line":26,"column":29},"end":{"line":26,"column":30}},"loc":{"start":{"line":26,"column":41},"end":{"line":60,"column":1}},"line":26},"1":{"name":"(anonymous_1)","decl":{"start":{"line":62,"column":22},"end":{"line":62,"column":23}},"loc":{"start":{"line":69,"column":6},"end":{"line":141,"column":1}},"line":69},"2":{"name":"(anonymous_2)","decl":{"start":{"line":78,"column":12},"end":{"line":78,"column":13}},"loc":{"start":{"line":78,"column":18},"end":{"line":80,"column":3}},"line":78},"3":{"name":"(anonymous_3)","decl":{"start":{"line":82,"column":12},"end":{"line":82,"column":13}},"loc":{"start":{"line":82,"column":18},"end":{"line":87,"column":3}},"line":82},"4":{"name":"(anonymous_4)","decl":{"start":{"line":89,"column":12},"end":{"line":89,"column":13}},"loc":{"start":{"line":89,"column":18},"end":{"line":91,"column":3}},"line":89},"5":{"name":"(anonymous_5)","decl":{"start":{"line":93,"column":23},"end":{"line":93,"column":24}},"loc":{"start":{"line":93,"column":41},"end":{"line":97,"column":3}},"line":93},"6":{"name":"(anonymous_6)","decl":{"start":{"line":108,"column":24},"end":{"line":108,"column":25}},"loc":{"start":{"line":109,"column":12},"end":{"line":124,"column":19}},"line":109},"7":{"name":"(anonymous_7)","decl":{"start":{"line":116,"column":27},"end":{"line":116,"column":28}},"loc":{"start":{"line":116,"column":33},"end":{"line":116,"column":57}},"line":116},"8":{"name":"(anonymous_8)","decl":{"start":{"line":143,"column":27},"end":{"line":143,"column":28}},"loc":{"start":{"line":143,"column":42},"end":{"line":146,"column":1}},"line":143},"9":{"name":"(anonymous_9)","decl":{"start":{"line":144,"column":19},"end":{"line":144,"column":20}},"loc":{"start":{"line":144,"column":25},"end":{"line":144,"column":52}},"line":144},"10":{"name":"(anonymous_10)","decl":{"start":{"line":145,"column":19},"end":{"line":145,"column":20}},"loc":{"start":{"line":145,"column":27},"end":{"line":145,"column":56}},"line":145}},"branchMap":{"0":{"loc":{"start":{"line":79,"column":4},"end":{"line":79,"column":44}},"type":"if","locations":[{"start":{"line":79,"column":4},"end":{"line":79,"column":44}},{"start":{"line":79,"column":4},"end":{"line":79,"column":44}}],"line":79},"1":{"loc":{"start":{"line":83,"column":4},"end":{"line":86,"column":5}},"type":"if","locations":[{"start":{"line":83,"column":4},"end":{"line":86,"column":5}},{"start":{"line":83,"column":4},"end":{"line":86,"column":5}}],"line":83},"2":{"loc":{"start":{"line":107,"column":9},"end":{"line":128,"column":9}},"type":"cond-expr","locations":[{"start":{"line":108,"column":10},"end":{"line":125,"column":12}},{"start":{"line":127,"column":10},"end":{"line":127,"column":31}}],"line":107}},"s":{"0":7,"1":7,"2":7,"3":90,"4":90,"5":90,"6":90,"7":90,"8":90,"9":90,"10":90,"11":16,"12":7,"13":90,"14":7,"15":0,"16":0,"17":90,"18":26,"19":90,"20":1,"21":1,"22":1,"23":90,"24":340,"25":2,"26":7,"27":14,"28":7,"29":2,"30":7},"f":{"0":7,"1":90,"2":16,"3":7,"4":26,"5":1,"6":340,"7":2,"8":14,"9":7,"10":2},"b":{"0":[7,9],"1":[0,7],"2":[34,56]},"_coverageSchema":"1a1c01bbd47fc00a2c39e90264f33305004495a9","hash":"14dcf43a8480247527d885e984377c8eab4d9971"}
,"/Users/vergelbarit/Documents/appDevelopment/react-redux-jsonplaceholder/src/containers/posts/components/add-modal.js": {"path":"/Users/vergelbarit/Documents/appDevelopment/react-redux-jsonplaceholder/src/containers/posts/components/add-modal.js","statementMap":{"0":{"start":{"line":13,"column":18},"end":{"line":35,"column":3}},"1":{"start":{"line":13,"column":41},"end":{"line":35,"column":1}},"2":{"start":{"line":38,"column":18},"end":{"line":38,"column":29}},"3":{"start":{"line":39,"column":26},"end":{"line":39,"column":47}},"4":{"start":{"line":40,"column":28},"end":{"line":40,"column":46}},"5":{"start":{"line":41,"column":26},"end":{"line":41,"column":44}},"6":{"start":{"line":43,"column":21},"end":{"line":45,"column":3}},"7":{"start":{"line":44,"column":4},"end":{"line":44,"column":18}},"8":{"start":{"line":47,"column":22},"end":{"line":49,"column":3}},"9":{"start":{"line":48,"column":4},"end":{"line":48,"column":19}},"10":{"start":{"line":51,"column":23},"end":{"line":53,"column":3}},"11":{"start":{"line":52,"column":4},"end":{"line":52,"column":33}},"12":{"start":{"line":54,"column":21},"end":{"line":56,"column":3}},"13":{"start":{"line":55,"column":4},"end":{"line":55,"column":32}},"14":{"start":{"line":58,"column":21},"end":{"line":65,"column":3}},"15":{"start":{"line":59,"column":4},"end":{"line":59,"column":27}},"16":{"start":{"line":60,"column":17},"end":{"line":60,"column":43}},"17":{"start":{"line":61,"column":4},"end":{"line":61,"column":23}},"18":{"start":{"line":62,"column":4},"end":{"line":62,"column":18}},"19":{"start":{"line":63,"column":4},"end":{"line":63,"column":16}},"20":{"start":{"line":64,"column":4},"end":{"line":64,"column":17}},"21":{"start":{"line":67,"column":2},"end":{"line":126,"column":4}},"22":{"start":{"line":129,"column":27},"end":{"line":131,"column":2}},"23":{"start":{"line":129,"column":42},"end":{"line":131,"column":1}},"24":{"start":{"line":130,"column":26},"end":{"line":130,"column":54}}},"fnMap":{"0":{"name":"(anonymous_0)","decl":{"start":{"line":13,"column":29},"end":{"line":13,"column":30}},"loc":{"start":{"line":13,"column":41},"end":{"line":35,"column":1}},"line":13},"1":{"name":"AddItemModal","decl":{"start":{"line":37,"column":9},"end":{"line":37,"column":21}},"loc":{"start":{"line":37,"column":40},"end":{"line":127,"column":1}},"line":37},"2":{"name":"(anonymous_2)","decl":{"start":{"line":43,"column":21},"end":{"line":43,"column":22}},"loc":{"start":{"line":43,"column":27},"end":{"line":45,"column":3}},"line":43},"3":{"name":"(anonymous_3)","decl":{"start":{"line":47,"column":22},"end":{"line":47,"column":23}},"loc":{"start":{"line":47,"column":28},"end":{"line":49,"column":3}},"line":47},"4":{"name":"(anonymous_4)","decl":{"start":{"line":51,"column":23},"end":{"line":51,"column":24}},"loc":{"start":{"line":51,"column":34},"end":{"line":53,"column":3}},"line":51},"5":{"name":"(anonymous_5)","decl":{"start":{"line":54,"column":21},"end":{"line":54,"column":22}},"loc":{"start":{"line":54,"column":32},"end":{"line":56,"column":3}},"line":54},"6":{"name":"(anonymous_6)","decl":{"start":{"line":58,"column":21},"end":{"line":58,"column":22}},"loc":{"start":{"line":58,"column":32},"end":{"line":65,"column":3}},"line":58},"7":{"name":"(anonymous_7)","decl":{"start":{"line":129,"column":27},"end":{"line":129,"column":28}},"loc":{"start":{"line":129,"column":42},"end":{"line":131,"column":1}},"line":129},"8":{"name":"(anonymous_8)","decl":{"start":{"line":130,"column":16},"end":{"line":130,"column":17}},"loc":{"start":{"line":130,"column":26},"end":{"line":130,"column":54}},"line":130}},"branchMap":{},"s":{"0":7,"1":7,"2":18,"3":18,"4":18,"5":18,"6":18,"7":2,"8":18,"9":0,"10":18,"11":0,"12":18,"13":0,"14":18,"15":0,"16":0,"17":0,"18":0,"19":0,"20":0,"21":18,"22":7,"23":14,"24":0},"f":{"0":7,"1":18,"2":2,"3":0,"4":0,"5":0,"6":0,"7":14,"8":0},"b":{},"_coverageSchema":"1a1c01bbd47fc00a2c39e90264f33305004495a9","hash":"8b7bb8904aa95574da5bc1b564bb693c616266f1"}
,"/Users/vergelbarit/Documents/appDevelopment/react-redux-jsonplaceholder/src/containers/posts/components/edit-modal.js": {"path":"/Users/vergelbarit/Documents/appDevelopment/react-redux-jsonplaceholder/src/containers/posts/components/edit-modal.js","statementMap":{"0":{"start":{"line":13,"column":18},"end":{"line":35,"column":3}},"1":{"start":{"line":13,"column":41},"end":{"line":35,"column":1}},"2":{"start":{"line":38,"column":18},"end":{"line":38,"column":29}},"3":{"start":{"line":39,"column":26},"end":{"line":39,"column":47}},"4":{"start":{"line":40,"column":28},"end":{"line":40,"column":54}},"5":{"start":{"line":41,"column":26},"end":{"line":41,"column":51}},"6":{"start":{"line":43,"column":21},"end":{"line":45,"column":3}},"7":{"start":{"line":44,"column":4},"end":{"line":44,"column":18}},"8":{"start":{"line":47,"column":22},"end":{"line":49,"column":3}},"9":{"start":{"line":48,"column":4},"end":{"line":48,"column":19}},"10":{"start":{"line":51,"column":23},"end":{"line":53,"column":3}},"11":{"start":{"line":52,"column":4},"end":{"line":52,"column":33}},"12":{"start":{"line":55,"column":21},"end":{"line":57,"column":3}},"13":{"start":{"line":56,"column":4},"end":{"line":56,"column":32}},"14":{"start":{"line":59,"column":21},"end":{"line":64,"column":3}},"15":{"start":{"line":60,"column":4},"end":{"line":60,"column":27}},"16":{"start":{"line":61,"column":17},"end":{"line":61,"column":41}},"17":{"start":{"line":62,"column":4},"end":{"line":62,"column":24}},"18":{"start":{"line":63,"column":4},"end":{"line":63,"column":18}},"19":{"start":{"line":66,"column":2},"end":{"line":119,"column":4}},"20":{"start":{"line":122,"column":27},"end":{"line":124,"column":2}},"21":{"start":{"line":122,"column":42},"end":{"line":124,"column":1}},"22":{"start":{"line":123,"column":27},"end":{"line":123,"column":56}}},"fnMap":{"0":{"name":"(anonymous_0)","decl":{"start":{"line":13,"column":29},"end":{"line":13,"column":30}},"loc":{"start":{"line":13,"column":41},"end":{"line":35,"column":1}},"line":13},"1":{"name":"TransitionsModal","decl":{"start":{"line":37,"column":9},"end":{"line":37,"column":25}},"loc":{"start":{"line":37,"column":51},"end":{"line":120,"column":1}},"line":37},"2":{"name":"(anonymous_2)","decl":{"start":{"line":43,"column":21},"end":{"line":43,"column":22}},"loc":{"start":{"line":43,"column":27},"end":{"line":45,"column":3}},"line":43},"3":{"name":"(anonymous_3)","decl":{"start":{"line":47,"column":22},"end":{"line":47,"column":23}},"loc":{"start":{"line":47,"column":28},"end":{"line":49,"column":3}},"line":47},"4":{"name":"(anonymous_4)","decl":{"start":{"line":51,"column":23},"end":{"line":51,"column":24}},"loc":{"start":{"line":51,"column":34},"end":{"line":53,"column":3}},"line":51},"5":{"name":"(anonymous_5)","decl":{"start":{"line":55,"column":21},"end":{"line":55,"column":22}},"loc":{"start":{"line":55,"column":32},"end":{"line":57,"column":3}},"line":55},"6":{"name":"(anonymous_6)","decl":{"start":{"line":59,"column":21},"end":{"line":59,"column":22}},"loc":{"start":{"line":59,"column":32},"end":{"line":64,"column":3}},"line":59},"7":{"name":"(anonymous_7)","decl":{"start":{"line":122,"column":27},"end":{"line":122,"column":28}},"loc":{"start":{"line":122,"column":42},"end":{"line":124,"column":1}},"line":122},"8":{"name":"(anonymous_8)","decl":{"start":{"line":123,"column":17},"end":{"line":123,"column":18}},"loc":{"start":{"line":123,"column":27},"end":{"line":123,"column":56}},"line":123}},"branchMap":{},"s":{"0":7,"1":7,"2":164,"3":164,"4":164,"5":164,"6":164,"7":0,"8":164,"9":0,"10":164,"11":0,"12":164,"13":0,"14":164,"15":0,"16":0,"17":0,"18":0,"19":164,"20":7,"21":164,"22":0},"f":{"0":7,"1":164,"2":0,"3":0,"4":0,"5":0,"6":0,"7":164,"8":0},"b":{},"_coverageSchema":"1a1c01bbd47fc00a2c39e90264f33305004495a9","hash":"7f6287cdd52be8e64ad211e89981a1008d9df38a"}
[...]
"start":{"line":7,"column":31},"end":{"line":9,"column":2}},"3":{"start":{"line":7,"column":38},"end":{"line":9,"column":1}},"4":{"start":{"line":11,"column":33},"end":{"line":14,"column":2}},"5":{"start":{"line":11,"column":45},"end":{"line":14,"column":1}},"6":{"start":{"line":16,"column":33},"end":{"line":19,"column":2}},"7":{"start":{"line":16,"column":52},"end":{"line":19,"column":1}},"8":{"start":{"line":21,"column":29},"end":{"line":23,"column":2}},"9":{"start":{"line":21,"column":36},"end":{"line":23,"column":1}},"10":{"start":{"line":25,"column":31},"end":{"line":28,"column":2}},"11":{"start":{"line":25,"column":42},"end":{"line":28,"column":1}},"12":{"start":{"line":30,"column":31},"end":{"line":33,"column":2}},"13":{"start":{"line":30,"column":50},"end":{"line":33,"column":1}},"14":{"start":{"line":35,"column":28},"end":{"line":37,"column":2}},"15":{"start":{"line":35,"column":35},"end":{"line":37,"column":1}},"16":{"start":{"line":39,"column":30},"end":{"line":42,"column":2}},"17":{"start":{"line":39,"column":41},"end":{"line":42,"column":1}},"18":{"start":{"line":44,"column":30},"end":{"line":47,"column":2}},"19":{"start":{"line":44,"column":49},"end":{"line":47,"column":1}},"20":{"start":{"line":49,"column":31},"end":{"line":51,"column":2}},"21":{"start":{"line":49,"column":38},"end":{"line":51,"column":1}},"22":{"start":{"line":53,"column":33},"end":{"line":56,"column":2}},"23":{"start":{"line":53,"column":42},"end":{"line":56,"column":1}},"24":{"start":{"line":58,"column":33},"end":{"line":61,"column":2}},"25":{"start":{"line":58,"column":52},"end":{"line":61,"column":1}}},"fnMap":{"0":{"name":"(anonymous_0)","decl":{"start":{"line":3,"column":33},"end":{"line":3,"column":34}},"loc":{"start":{"line":3,"column":40},"end":{"line":5,"column":1}},"line":3},"1":{"name":"(anonymous_1)","decl":{"start":{"line":7,"column":31},"end":{"line":7,"column":32}},"loc":{"start":{"line":7,"column":38},"end":{"line":9,"column":1}},"line":7},"2":{"name":"(anonymous_2)","decl":{"start":{"line":11,"column":33},"end":{"line":11,"column":34}},"loc":{"start":{"line":11,"column":45},"end":{"line":14,"column":1}},"line":11},"3":{"name":"(anonymous_3)","decl":{"start":{"line":16,"column":33},"end":{"line":16,"column":34}},"loc":{"start":{"line":16,"column":52},"end":{"line":19,"column":1}},"line":16},"4":{"name":"(anonymous_4)","decl":{"start":{"line":21,"column":29},"end":{"line":21,"column":30}},"loc":{"start":{"line":21,"column":36},"end":{"line":23,"column":1}},"line":21},"5":{"name":"(anonymous_5)","decl":{"start":{"line":25,"column":31},"end":{"line":25,"column":32}},"loc":{"start":{"line":25,"column":42},"end":{"line":28,"column":1}},"line":25},"6":{"name":"(anonymous_6)","decl":{"start":{"line":30,"column":31},"end":{"line":30,"column":32}},"loc":{"start":{"line":30,"column":50},"end":{"line":33,"column":1}},"line":30},"7":{"name":"(anonymous_7)","decl":{"start":{"line":35,"column":28},"end":{"line":35,"column":29}},"loc":{"start":{"line":35,"column":35},"end":{"line":37,"column":1}},"line":35},"8":{"name":"(anonymous_8)","decl":{"start":{"line":39,"column":30},"end":{"line":39,"column":31}},"loc":{"start":{"line":39,"column":41},"end":{"line":42,"column":1}},"line":39},"9":{"name":"(anonymous_9)","decl":{"start":{"line":44,"column":30},"end":{"line":44,"column":31}},"loc":{"start":{"line":44,"column":49},"end":{"line":47,"column":1}},"line":44},"10":{"name":"(anonymous_10)","decl":{"start":{"line":49,"column":31},"end":{"line":49,"column":32}},"loc":{"start":{"line":49,"column":38},"end":{"line":51,"column":1}},"line":49},"11":{"name":"(anonymous_11)","decl":{"start":{"line":53,"column":33},"end":{"line":53,"column":34}},"loc":{"start":{"line":53,"column":42},"end":{"line":56,"column":1}},"line":53},"12":{"name":"(anonymous_12)","decl":{"start":{"line":58,"column":33},"end":{"line":58,"column":34}},"loc":{"start":{"line":58,"column":52},"end":{"line":61,"column":1}},"line":58}},"branchMap":{},"s":{"0":75,"1":7,"2":75,"3":7,"4":75,"5":7,"6":75,"7":0,"8":75,"9":0,"10":75,"11":0,"12":75,"13":0,"14":75,"15":0,"16":75,"17":0,"18":75,"19":0,"20":75,"21":2,"22":75,"23":0,"24":75,"25":0},"f":{"0":7,"1":7,"2":7,"3":0,"4":0,"5":0,"6":0,"7":0,"8":0,"9":0,"10":2,"11":0,"12":0},"b":{},"_coverageSchema":"1a1c01bbd47fc00a2c39e90264f33305004495a9","hash":"86bfba5b19f50c2527aad07b4812160e7ea77165"}
,"/Users/vergelbarit/Documents/appDevelopment/react-redux-jsonplaceholder/src/redux/users/users.reducer.js": {"path":"/Users/vergelbarit/Documents/appDevelopment/react-redux-jsonplaceholder/src/redux/users/users.reducer.js","statementMap":{"0":{"start":{"line":8,"column":21},"end":{"line":13,"column":1}},"1":{"start":{"line":15,"column":20},"end":{"line":70,"column":1}},"2":{"start":{"line":16,"column":2},"end":{"line":69,"column":3}},"3":{"start":{"line":18,"column":6},"end":{"line":22,"column":8}},"4":{"start":{"line":27,"column":6},"end":{"line":30,"column":8}},"5":{"start":{"line":32,"column":6},"end":{"line":36,"column":8}},"6":{"start":{"line":39,"column":6},"end":{"line":43,"column":8}},"7":{"start":{"line":46,"column":6},"end":{"line":50,"column":8}},"8":{"start":{"line":53,"column":6},"end":{"line":57,"column":8}},"9":{"start":{"line":62,"column":6},"end":{"line":66,"column":8}},"10":{"start":{"line":68,"column":6},"end":{"line":68,"column":19}}},"fnMap":{"0":{"name":"(anonymous_0)","decl":{"start":{"line":15,"column":20},"end":{"line":15,"column":21}},"loc":{"start":{"line":15,"column":54},"end":{"line":70,"column":1}},"line":15}},"branchMap":{"0":{"loc":{"start":{"line":15,"column":21},"end":{"line":15,"column":41}},"type":"default-arg","locations":[{"start":{"line":15,"column":29},"end":{"line":15,"column":41}}],"line":15},"1":{"loc":{"start":{"line":16,"column":2},"end":{"line":69,"column":3}},"type":"switch","locations":[{"start":{"line":17,"column":4},"end":{"line":22,"column":8}},{"start":{"line":23,"column":4},"end":{"line":23,"column":44}},{"start":{"line":24,"column":4},"end":{"line":24,"column":44}},{"start":{"line":25,"column":4},"end":{"line":25,"column":42}},{"start":{"line":26,"column":4},"end":{"line":30,"column":8}},{"start":{"line":31,"column":4},"end":{"line":36,"column":8}},{"start":{"line":38,"column":4},"end":{"line":43,"column":8}},{"start":{"line":45,"column":4},"end":{"line":50,"column":8}},{"start":{"line":52,"column":4},"end":{"line":57,"column":8}},{"start":{"line":58,"column":4},"end":{"line":58,"column":46}},{"start":{"line":59,"column":4},"end":{"line":59,"column":46}},{"start":{"line":60,"column":4},"end":{"line":60,"column":44}},{"start":{"line":61,"column":4},"end":{"line":66,"column":8}},{"start":{"line":67,"column":4},"end":{"line":68,"column":19}}],"line":16}},"s":{"0":75,"1":75,"2":562,"3":7,"4":9,"5":7,"6":0,"7":0,"8":0,"9":0,"10":539},"f":{"0":562},"b":{"0":[225],"1":[7,2,9,9,9,7,0,0,0,0,0,0,0,539]},"_coverageSchema":"1a1c01bbd47fc00a2c39e90264f33305004495a9","hash":"8ccbe6a95d0cc1e5c964641326ef275605bacdbc"}
,"/Users/vergelbarit/Documents/appDevelopment/react-redux-jsonplaceholder/src/redux/users/users.sagas.js": {"path":"/Users/vergelbarit/Documents/appDevelopment/react-redux-jsonplaceholder/src/redux/users/users.sagas.js","statementMap":{"0":{"start":{"line":17,"column":2},"end":{"line":22,"column":3}},"1":{"start":{"line":18,"column":18},"end":{"line":18,"column":66}},"2":{"start":{"line":18,"column":57},"end":{"line":18,"column":65}},"3":{"start":{"line":19,"column":4},"end":{"line":19,"column":40}},"4":{"start":{"line":21,"column":4},"end":{"line":21,"column":48}},"5":{"start":{"line":26,"column":2},"end":{"line":35,"column":3}},"6":{"start":{"line":27,"column":17},"end":{"line":27,"column":31}},"7":{"start":{"line":28,"column":23},"end":{"line":30,"column":30}},"8":{"start":{"line":30,"column":21},"end":{"line":30,"column":29}},"9":{"start":{"line":32,"column":4},"end":{"line":32,"column":43}},"10":{"start":{"line":34,"column":4},"end":{"line":34,"column":46}},"11":{"start":{"line":39,"column":2},"end":{"line":46,"column":3}},"12":{"start":{"line":40,"column":17},"end":{"line":40,"column":31}},"13":{"start":{"line":41,"column":22},"end":{"line":41,"column":78}},"14":{"start":{"line":41,"column":69},"end":{"line":41,"column":77}},"15":{"start":{"line":43,"column":4},"end":{"line":43,"column":41}},"16":{"start":{"line":45,"column":4},"end":{"line":45,"column":45}},"17":{"start":{"line":50,"column":2},"end":{"line":56,"column":3}},"18":{"start":{"line":51,"column":15},"end":{"line":51,"column":29}},"19":{"start":{"line":52,"column":4},"end":{"line":52,"column":64}},"20":{"start":{"line":52,"column":52},"end":{"line":52,"column":62}},"21":{"start":{"line":53,"column":4},"end":{"line":53,"column":37}},"22":{"start":{"line":55,"column":4},"end":{"line":55,"column":48}},"23":{"start":{"line":60,"column":2},"end":{"line":60,"column":33}},"24":{"start":{"line":67,"column":2},"end":{"line":67,"column":71}},"25":{"start":{"line":68,"column":2},"end":{"line":68,"column":73}},"26":{"start":{"line":69,"column":2},"end":{"line":69,"column":77}},"27":{"start":{"line":70,"column":2},"end":{"line":70,"column":77}},"28":{"start":{"line":71,"column":2},"end":{"line":83,"column":4}}},"fnMap":{"0":{"name":"fetchUsersStartAsync","decl":{"start":{"line":16,"column":17},"end":{"line":16,"column":37}},"loc":{"start":{"line":16,"column":40},"end":{"line":23,"column":1}},"line":16},"1":{"name":"(anonymous_1)","decl":{"start":{"line":18,"column":48},"end":{"line":18,"column":49}},"loc":{"start":{"line":18,"column":57},"end":{"line":18,"column":65}},"line":18},"2":{"name":"editUserStartAsync","decl":{"start":{"line":25,"column":17},"end":{"line":25,"column":35}},"loc":{"start":{"line":25,"column":44},"end":{"line":36,"column":1}},"line":25},"3":{"name":"(anonymous_3)","decl":{"start":{"line":30,"column":12},"end":{"line":30,"column":13}},"loc":{"start":{"line":30,"column":21},"end":{"line":30,"column":29}},"line":30},"4":{"name":"addUserStartAsync","decl":{"start":{"line":38,"column":17},"end":{"line":38,"column":34}},"loc":{"start":{"line":38,"column":43},"end":{"line":47,"column":1}},"line":38},"5":{"name":"(anonymous_5)","decl":{"start":{"line":41,"column":60},"end":{"line":41,"column":61}},"loc":{"start":{"line":41,"column":69},"end":{"line":41,"column":77}},"line":41},"6":{"name":"deleteUserStateAsync","decl":{"start":{"line":49,"column":17},"end":{"line":49,"column":37}},"loc":{"start":{"line":49,"column":46},"end":{"line":57,"column":1}},"line":49},"7":{"name":"(anonymous_7)","decl":{"start":{"line":52,"column":43},"end":{"line":52,"column":44}},"loc":{"start":{"line":52,"column":52},"end":{"line":52,"column":62}},"line":52},"8":{"name":"clearUserMessagesStart","decl":{"start":{"line":59,"column":17},"end":{"line":59,"column":39}},"loc":{"start":{"line":59,"column":42},"end":{"line":61,"column":1}},"line":59},"9":{"name":"UsersSaga","decl":{"start":{"line":66,"column":25},"end":{"line":66,"column":34}},"loc":{"start":{"line":66,"column":37},"end":{"line":84,"column":1}},"line":66}},"branchMap":{},"s":{"0":7,"1":7,"2":7,"3":7,"4":0,"5":0,"6":0,"7":0,"8":0,"9":0,"10":0,"11":0,"12":0,"13":0,"14":0,"15":0,"16":0,"17":2,"18":2,"19":2,"20":0,"21":0,"22":0,"23":7,"24":75,"25":75,"26":75,"27":75,"28":75},"f":{"0":7,"1":7,"2":0,"3":0,"4":0,"5":0,"6":2,"7":0,"8":7,"9":75},"b":{},"_coverageSchema":"1a1c01bbd47fc00a2c39e90264f33305004495a9","hash":"7058800504d30a7d766cf5d2bf4ec297d3915cc7"}
,"/Users/vergelbarit/Documents/appDevelopment/react-redux-jsonplaceholder/src/redux/users/users.selectors.js": {"path":"/Users/vergelbarit/Documents/appDevelopment/react-redux-jsonplaceholder/src/redux/users/users.selectors.js","statementMap":{"0":{"start":{"line":3,"column":27},"end":{"line":3,"column":49}},"1":{"start":{"line":3,"column":38},"end":{"line":3,"column":49}},"2":{"start":{"line":5,"column":31},"end":{"line":8,"column":1}},"3":{"start":{"line":7,"column":13},"end":{"line":7,"column":23}},"4":{"start":{"line":10,"column":39},"end":{"line":13,"column":1}},"5":{"start":{"line":12,"column":13},"end":{"line":12,"column":31}},"6":{"start":{"line":15,"column":38},"end":{"line":18,"column":1}},"7":{"start":{"line":17,"column":13},"end":{"line":17,"column":29}}},"fnMap":{"0":{"name":"(anonymous_0)","decl":{"start":{"line":3,"column":27},"end":{"line":3,"column":28}},"loc":{"start":{"line":3,"column":38},"end":{"line":3,"column":49}},"line":3},"1":{"name":"(anonymous_1)","decl":{"start":{"line":7,"column":2},"end":{"line":7,"column":3}},"loc":{"start":{"line":7,"column":13},"end":{"line":7,"column":23}},"line":7},"2":{"name":"(anonymous_2)","decl":{"start":{"line":12,"column":2},"end":{"line":12,"column":3}},"loc":{"start":{"line":12,"column":13},"end":{"line":12,"column":31}},"line":12},"3":{"name":"(anonymous_3)","decl":{"start":{"line":17,"column":2},"end":{"line":17,"column":3}},"loc":{"start":{"line":17,"column":13},"end":{"line":17,"column":29}},"line":17}},"branchMap":{},"s":{"0":7,"1":111,"2":7,"3":30,"4":7,"5":30,"6":7,"7":30},"f":{"0":111,"1":30,"2":30,"3":30},"b":{},"_coverageSchema":"1a1c01bbd47fc00a2c39e90264f33305004495a9","hash":"0760b0469f4569fb977152e31bd93f09c0367d86"}
,"/Users/vergelbarit/Documents/appDevelopment/react-redux-jsonplaceholder/src/redux/users/users.types.js": {"path":"/Users/vergelbarit/Documents/appDevelopment/react-redux-jsonplaceholder/src/redux/users/users.types.js","statementMap":{"0":{"start":{"line":1,"column":25},"end":{"line":19,"column":1}}},"fnMap":{},"branchMap":{},"s":{"0":75},"f":{},"b":{},"_coverageSchema":"1a1c01bbd47fc00a2c39e90264f33305004495a9","hash":"a754666abe49e82d03844fd9786065dc0c44f200"}
,"/Users/vergelbarit/Documents/appDevelopment/react-redux-jsonplaceholder/src/utils/axios.js": {"path":"/Users/vergelbarit/Documents/appDevelopment/react-redux-jsonplaceholder/src/utils/axios.js","statementMap":{},"fnMap":{},"branchMap":{},"s":{},"f":{},"b":{},"_coverageSchema":"1a1c01bbd47fc00a2c39e90264f33305004495a9","hash":"93928bc001aca91e976b1c5cbcc7fca92a0fdf9f"}
,"/Users/vergelbarit/Documents/appDevelopment/react-redux-jsonplaceholder/src/utils/logger.js": {"path":"/Users/vergelbarit/Documents/appDevelopment/react-redux-jsonplaceholder/src/utils/logger.js","statementMap":{"0":{"start":{"line":1,"column":15},"end":{"line":8,"column":1}},"1":{"start":{"line":1,"column":26},"end":{"line":8,"column":1}},"2":{"start":{"line":1,"column":36},"end":{"line":8,"column":1}},"3":{"start":{"line":2,"column":2},"end":{"line":2,"column":29}},"4":{"start":{"line":3,"column":2},"end":{"line":3,"column":38}},"5":{"start":{"line":4,"column":15},"end":{"line":4,"column":27}},"6":{"start":{"line":5,"column":2},"end":{"line":5,"column":46}},"7":{"start":{"line":6,"column":2},"end":{"line":6,"column":21}},"8":{"start":{"line":7,"column":2},"end":{"line":7,"column":16}}},"fnMap":{"0":{"name":"(anonymous_0)","decl":{"start":{"line":1,"column":15},"end":{"line":1,"column":16}},"loc":{"start":{"line":1,"column":26},"end":{"line":8,"column":1}},"line":1},"1":{"name":"(anonymous_1)","decl":{"start":{"line":1,"column":26},"end":{"line":1,"column":27}},"loc":{"start":{"line":1,"column":36},"end":{"line":8,"column":1}},"line":1},"2":{"name":"(anonymous_2)","decl":{"start":{"line":1,"column":36},"end":{"line":1,"column":37}},"loc":{"start":{"line":1,"column":48},"end":{"line":8,"column":1}},"line":1}},"branchMap":{},"s":{"0":75,"1":75,"2":75,"3":337,"4":337,"5":337,"6":337,"7":337,"8":337},"f":{"0":75,"1":75,"2":337},"b":{},"_coverageSchema":"1a1c01bbd47fc00a2c39e90264f33305004495a9","hash":"bfba9c18ccd0f1538c43c1a856e20c28ee1f834b"}
,"/Users/vergelbarit/Documents/appDevelopment/react-redux-jsonplaceholder/src/utils/modifier.js": {"path":"/Users/vergelbarit/Documents/appDevelopment/react-redux-jsonplaceholder/src/utils/modifier.js","statementMap":{"0":{"start":{"line":1,"column":33},"end":{"line":5,"column":1}},"1":{"start":{"line":2,"column":15},"end":{"line":2,"column":68}},"2":{"start":{"line":2,"column":40},"end":{"line":2,"column":67}},"3":{"start":{"line":3,"column":2},"end":{"line":3,"column":52}},"4":{"start":{"line":4,"column":2},"end":{"line":4,"column":19}},"5":{"start":{"line":7,"column":26},"end":{"line":10,"column":1}},"6":{"start":{"line":8,"column":2},"end":{"line":8,"column":27}},"7":{"start":{"line":9,"column":2},"end":{"line":9,"column":18}},"8":{"start":{"line":12,"column":26},"end":{"line":14,"column":1}},"9":{"start":{"line":13,"column":2},"end":{"line":13,"column":51}},"10":{"start":{"line":13,"column":35},"end":{"line":13,"column":49}}},"fnMap":{"0":{"name":"(anonymous_0)","decl":{"start":{"line":1,"column":33},"end":{"line":1,"column":34}},"loc":{"start":{"line":1,"column":62},"end":{"line":5,"column":1}},"line":1},"1":{"name":"(anonymous_1)","decl":{"start":{"line":2,"column":30},"end":{"line":2,"column":31}},"loc":{"start":{"line":2,"column":40},"end":{"line":2,"column":67}},"line":2},"2":{"name":"(anonymous_2)","decl":{"start":{"line":7,"column":26},"end":{"line":7,"column":27}},"loc":{"start":{"line":7,"column":51},"end":{"line":10,"column":1}},"line":7},"3":{"name":"(anonymous_3)","decl":{"start":{"line":12,"column":26},"end":{"line":12,"column":27}},"loc":{"start":{"line":12,"column":44},"end":{"line":14,"column":1}},"line":12},"4":{"name":"(anonymous_4)","decl":{"start":{"line":13,"column":25},"end":{"line":13,"column":26}},"loc":{"start":{"line":13,"column":35},"end":{"line":13,"column":49}},"line":13}},"branchMap":{},"s":{"0":75,"1":0,"2":0,"3":0,"4":0,"5":75,"6":0,"7":0,"8":75,"9":8,"10":2000},"f":{"0":0,"1":0,"2":0,"3":8,"4":2000},"b":{},"_coverageSchema":"1a1c01bbd47fc00a2c39e90264f33305004495a9","hash":"98d802e733fd2afdf2252d071c17d06e97023c62"}
,"/Users/vergelbarit/Documents/appDevelopment/react-redux-jsonplaceholder/src/utils/monitor.js": {"path":"/Users/vergelbarit/Documents/appDevelopment/react-redux-jsonplaceholder/src/utils/monitor.js","statementMap":{"0":{"start":{"line":1,"column":14},"end":{"line":1,"column":56}},"1":{"start":{"line":1,"column":26},"end":{"line":1,"column":56}},"2":{"start":{"line":3,"column":31},"end":{"line":20,"column":1}},"3":{"start":{"line":3,"column":48},"end":{"line":20,"column":1}},"4":{"start":{"line":8,"column":27},"end":{"line":17,"column":3}},"5":{"start":{"line":9,"column":18},"end":{"line":9,"column":35}},"6":{"start":{"line":10,"column":21},"end":{"line":10,"column":43}},"7":{"start":{"line":11,"column":16},"end":{"line":11,"column":33}},"8":{"start":{"line":12,"column":17},"end":{"line":12,"column":35}},"9":{"start":{"line":14,"column":4},"end":{"line":14,"column":47}},"10":{"start":{"line":16,"column":4},"end":{"line":16,"column":20}},"11":{"start":{"line":19,"column":2},"end":{"line":19,"column":63}}},"fnMap":{"0":{"name":"(anonymous_0)","decl":{"start":{"line":1,"column":14},"end":{"line":1,"column":15}},"loc":{"start":{"line":1,"column":26},"end":{"line":1,"column":56}},"line":1},"1":{"name":"(anonymous_1)","decl":{"start":{"line":3,"column":31},"end":{"line":3,"column":32}},"loc":{"start":{"line":3,"column":48},"end":{"line":20,"column":1}},"line":3},"2":{"name":"(anonymous_2)","decl":{"start":{"line":3,"column":48},"end":{"line":3,"column":49}},"loc":{"start":{"line":7,"column":5},"end":{"line":20,"column":1}},"line":7},"3":{"name":"(anonymous_3)","decl":{"start":{"line":8,"column":27},"end":{"line":8,"column":28}},"loc":{"start":{"line":8,"column":46},"end":{"line":17,"column":3}},"line":8}},"branchMap":{},"s":{"0":75,"1":412,"2":75,"3":75,"4":75,"5":412,"6":412,"7":412,"8":412,"9":412,"10":412,"11":75},"f":{"0":412,"1":75,"2":75,"3":412},"b":{},"_coverageSchema":"1a1c01bbd47fc00a2c39e90264f33305004495a9","hash":"b3c29447f103fea38388c6ad9cd96996eee661e9"}
,"/Users/vergelbarit/Documents/appDevelopment/react-redux-jsonplaceholder/src/utils/theme.js": {"path":"/Users/vergelbarit/Documents/appDevelopment/react-redux-jsonplaceholder/src/utils/theme.js","statementMap":{},"fnMap":{},"branchMap":{},"s":{},"f":{},"b":{},"_coverageSchema":"1a1c01bbd47fc00a2c39e90264f33305004495a9","hash":"0edc0ef40eff71d7346886f388f33796876bdaae"}
}
