{"total": {"lines":{"total":919,"covered":619,"skipped":0,"pct":67.36},"statements":{"total":1073,"covered":712,"skipped":0,"pct":66.36},"functions":{"total":398,"covered":233,"skipped":0,"pct":58.54},"branches":{"total":174,"covered":76,"skipped":0,"pct":43.68}}
,"/Users/vergelbarit/Documents/appDevelopment/react-redux-jsonplaceholder/src/App.js": {"lines":{"total":1,"covered":1,"skipped":0,"pct":100},"functions":{"total":1,"covered":1,"skipped":0,"pct":100},"statements":{"total":1,"covered":1,"skipped":0,"pct":100},"branches":{"total":0,"covered":0,"skipped":0,"pct":100}}
,"/Users/vergelbarit/Documents/appDevelopment/react-redux-jsonplaceholder/src/index.js": {"lines":{"total":2,"covered":2,"skipped":0,"pct":100},"functions":{"total":0,"covered":0,"skipped":0,"pct":100},"statements":{"total":2,"covered":2,"skipped":0,"pct":100},"branches":{"total":0,"covered":0,"skipped":0,"pct":100}}
,"/Users/vergelbarit/Documents/appDevelopment/react-redux-jsonplaceholder/src/routes.js": {"lines":{"total":15,"covered":12,"skipped":0,"pct":80},"functions":{"total":12,"covered":9,"skipped":0,"pct":75},"statements":{"total":15,"covered":12,"skipped":0,"pct":80},"branches":{"total":1,"covered":0,"skipped":0,"pct":0}}
,"/Users/vergelbarit/Documents/appDevelopment/react-redux-jsonplaceholder/src/serviceWorker.js": {"lines":{"total":39,"covered":3,"skipped":0,"pct":7.69},"functions":{"total":16,"covered":1,"skipped":0,"pct":6.25},"statements":{"total":39,"covered":3,"skipped":0,"pct":7.69},"branches":{"total":32,"covered":2,"skipped":0,"pct":6.25}}
,"/Users/vergelbarit/Documents/appDevelopment/react-redux-jsonplaceholder/src/containers/albums/index.js": {"lines":{"total":28,"covered":27,"skipped":0,"pct":96.43},"functions":{"total":11,"covered":11,"skipped":0,"pct":100},"statements":{"total":32,"covered":30,"skipped":0,"pct":93.75},"branches":{"total":8,"covered":6,"skipped":0,"pct":75}}
,"/Users/vergelbarit/Documents/appDevelopment/react-redux-jsonplaceholder/src/containers/albums/components/add-modal.js": {"lines":{"total":19,"covered":11,"skipped":0,"pct":57.89},"functions":{"total":8,"covered":4,"skipped":0,"pct":50},"statements":{"total":21,"covered":13,"skipped":0,"pct":61.9},"branches":{"total":0,"covered":0,"skipped":0,"pct":100}}
,"/Users/vergelbarit/Documents/appDevelopment/react-redux-jsonplaceholder/src/containers/albums/components/edit-modal.js": {"lines":{"total":18,"covered":10,"skipped":0,"pct":55.56},"functions":{"total":8,"covered":3,"skipped":0,"pct":37.5},"statements":{"total":20,"covered":12,"skipped":0,"pct":60},"branches":{"total":0,"covered":0,"skipped":0,"pct":100}}
,"/Users/vergelbarit/Documents/appDevelopment/react-redux-jsonplaceholder/src/containers/comments/index.js": {"lines":{"total":27,"covered":26,"skipped":0,"pct":96.3},"functions":{"total":11,"covered":11,"skipped":0,"pct":100},"statements":{"total":30,"covered":29,"skipped":0,"pct":96.67},"branches":{"total":6,"covered":5,"skipped":0,"pct":83.33}}
,"/Users/vergelbarit/Documents/appDevelopment/react-redux-jsonplaceholder/src/containers/comments/components/add-modal.js": {"lines":{"total":20,"covered":11,"skipped":0,"pct":55},"functions":{"total":8,"covered":4,"skipped":0,"pct":50},"statements":{"total":22,"covered":13,"skipped":0,"pct":59.09},"branches":{"total":0,"covered":0,"skipped":0,"pct":100}}
,"/Users/vergelbarit/Documents/appDevelopment/react-redux-jsonplaceholder/src/containers/comments/components/edit-modal.js": {"lines":{"total":18,"covered":10,"skipped":0,"pct":55.56},"functions":{"total":8,"covered":3,"skipped":0,"pct":37.5},"statements":{"total":20,"covered":12,"skipped":0,"pct":60},"branches":{"total":0,"covered":0,"skipped":0,"pct":100}}
,"/Users/vergelbarit/Documents/appDevelopment/react-redux-jsonplaceholder/src/containers/components/link.js": {"lines":{"total":6,"covered":1,"skipped":0,"pct":16.67},"functions":{"total":3,"covered":0,"skipped":0,"pct":0},"statements":{"total":6,"covered":1,"skipped":0,"pct":16.67},"branches":{"total":0,"covered":0,"skipped":0,"pct":100}}
,"/Users/vergelbarit/Documents/appDevelopment/react-redux-jsonplaceholder/src/containers/components/skeleton.component.js": {"lines":{"total":3,"covered":3,"skipped":0,"pct":100},"functions":{"total":2,"covered":2,"skipped":0,"pct":100},"statements":{"total":3,"covered":3,"skipped":0,"pct":100},"branches":{"total":0,"covered":0,"skipped":0,"pct":100}}
,"/Users/vergelbarit/Documents/appDevelopment/react-redux-jsonplaceholder/src/containers/extra/loading-screen.js": {"lines":{"total":8,"covered":8,"skipped":0,"pct":100},"functions":{"total":4,"covered":4,"skipped":0,"pct":100},"statements":{"total":9,"covered":9,"skipped":0,"pct":100},"branches":{"total":0,"covered":0,"skipped":0,"pct":100}}
,"/Users/vergelbarit/Documents/appDevelopment/react-redux-jsonplaceholder/src/containers/landing/index.js": {"lines":{"total":5,"covered":5,"skipped":0,"pct":100},"functions":{"total":3,"covered":3,"skipped":0,"pct":100},"statements":{"total":6,"covered":6,"skipped":0,"pct":100},"branches":{"total":0,"covered":0,"skipped":0,"pct":100}}
,"/Users/vergelbarit/Documents/appDevelopment/react-redux-jsonplaceholder/src/containers/layout/index.js": {"lines":{"total":11,"covered":8,"skipped":0,"pct":72.73},"functions":{"total":4,"covered":3,"skipped":0,"pct":75},"statements":{"total":12,"covered":9,"skipped":0,"pct":75},"branches":{"total":4,"covered":0,"skipped":0,"pct":0}}
,"/Users/vergelbarit/Documents/appDevelopment/react-redux-jsonplaceholder/src/containers/layout/components/navbar.js": {"lines":{"total":3,"covered":3,"skipped":0,"pct":100},"functions":{"total":2,"covered":2,"skipped":0,"pct":100},"statements":{"total":4,"covered":4,"skipped":0,"pct":100},"branches":{"total":0,"covered":0,"skipped":0,"pct":100}}
,"/Users/vergelbarit/Documents/appDevelopment/react-redux-jsonplaceholder/src/containers/layout/components/side-bar.js": {"lines":{"total":12,"covered":2,"skipped":0,"pct":16.67},"functions":{"total":6,"covered":0,"skipped":0,"pct":0},"statements":{"total":14,"covered":2,"skipped":0,"pct":14.29},"branches":{"total":7,"covered":0,"skipped":0,"pct":0}}
,"/Users/vergelbarit/Documents/appDevelopment/react-redux-jsonplaceholder/src/containers/photos/index.js": {"lines":{"total":28,"covered":26,"skipped":0,"pct":92.86},"functions":{"total":11,"covered":11,"skipped":0,"pct":100},"statements":{"total":31,"covered":29,"skipped":0,"pct":93.55},"branches":{"total":6,"covered":5,"skipped":0,"pct":83.33}}
,"/Users/vergelbarit/Documents/appDevelopment/react-redux-jsonplaceholder/src/containers/photos/components/add-modal.js": {"lines":{"total":19,"covered":11,"skipped":0,"pct":57.89},"functions":{"total":8,"covered":4,"skipped":0,"pct":50},"statements":{"total":21,"covered":13,"skipped":0,"pct":61.9},"branches":{"total":0,"covered":0,"skipped":0,"pct":100}}
,"/Users/vergelbarit/Documents/appDevelopment/react-redux-jsonplaceholder/src/containers/photos/components/edit-modal.js": {"lines":{"total":18,"covered":10,"skipped":0,"pct":55.56},"functions":{"total":8,"covered":3,"skipped":0,"pct":37.5},"statements":{"total":20,"covered":12,"skipped":0,"pct":60},"branches":{"total":0,"covered":0,"skipped":0,"pct":100}}
,"/Users/vergelbarit/Documents/appDevelopment/react-redux-jsonplaceholder/src/containers/posts/index.js": {"lines":{"total":28,"covered":26,"skipped":0,"pct":92.86},"functions":{"total":11,"covered":11,"skipped":0,"pct":100},"statements":{"total":31,"covered":29,"skipped":0,"pct":93.55},"branches":{"total":6,"covered":5,"skipped":0,"pct":83.33}}
,"/Users/vergelbarit/Documents/appDevelopment/react-redux-jsonplaceholder/src/containers/posts/components/add-modal.js": {"lines":{"total":23,"covered":13,"skipped":0,"pct":56.52},"functions":{"total":9,"covered":4,"skipped":0,"pct":44.44},"statements":{"total":25,"covered":15,"skipped":0,"pct":60},"branches":{"total":0,"covered":0,"skipped":0,"pct":100}}
,"/Users/vergelbarit/Documents/appDevelopment/react-redux-jsonplaceholder/src/containers/posts/components/edit-modal.js": {"lines":{"total":21,"covered":12,"skipped":0,"pct":57.14},"functions":{"total":9,"covered":3,"skipped":0,"pct":33.33},"statements":{"total":23,"covered":14,"skipped":0,"pct":60.87},"branches":{"total":0,"covered":0,"skipped":0,"pct":100}}
,"/Users/vergelbarit/Documents/appDevelopment/react-redux-jsonplaceholder/src/containers/todos/index.js": {"lines":{"total":27,"covered":26,"skipped":0,"pct":96.3},"functions":{"total":11,"covered":11,"skipped":0,"pct":100},"statements":{"total":30,"covered":29,"skipped":0,"pct":96.67},"branches":{"total":8,"covered":7,"skipped":0,"pct":87.5}}
,"/Users/vergelbarit/Documents/appDevelopment/react-redux-jsonplaceholder/src/containers/todos/components/add-modal.js": {"lines":{"total":19,"covered":11,"skipped":0,"pct":57.89},"functions":{"total":8,"covered":4,"skipped":0,"pct":50},"statements":{"total":21,"covered":13,"skipped":0,"pct":61.9},"branches":{"total":0,"covered":0,"skipped":0,"pct":100}}
,"/Users/vergelbarit/Documents/appDevelopment/react-redux-jsonplaceholder/src/containers/todos/components/edit-modal.js": {"lines":{"total":18,"covered":10,"skipped":0,"pct":55.56},"functions":{"total":8,"covered":3,"skipped":0,"pct":37.5},"statements":{"total":20,"covered":12,"skipped":0,"pct":60},"branches":{"total":0,"covered":0,"skipped":0,"pct":100}}
,"/Users/vergelbarit/Documents/appDevelopment/react-redux-jsonplaceholder/src/containers/users/index.js": {"lines":{"total":27,"covered":26,"skipped":0,"pct":96.3},"functions":{"total":11,"covered":11,"skipped":0,"pct":100},"statements":{"total":30,"covered":29,"skipped":0,"pct":96.67},"branches":{"total":6,"covered":5,"skipped":0,"pct":83.33}}
,"/Users/vergelbarit/Documents/appDevelopment/react-redux-jsonplaceholder/src/containers/users/components/add-modal.js": {"lines":{"total":19,"covered":11,"skipped":0,"pct":57.89},"functions":{"total":8,"covered":4,"skipped":0,"pct":50},"statements":{"total":21,"covered":13,"skipped":0,"pct":61.9},"branches":{"total":0,"covered":0,"skipped":0,"pct":100}}
,"/Users/vergelbarit/Documents/appDevelopment/react-redux-jsonplaceholder/src/containers/users/components/edit-modal.js": {"lines":{"total":18,"covered":10,"skipped":0,"pct":55.56},"functions":{"total":8,"covered":3,"skipped":0,"pct":37.5},"statements":{"total":20,"covered":12,"skipped":0,"pct":60},"branches":{"total":0,"covered":0,"skipped":0,"pct":100}}
,"/Users/vergelbarit/Documents/appDevelopment/react-redux-jsonplaceholder/src/redux/root.reducer.js": {"lines":{"total":2,"covered":2,"skipped":0,"pct":100},"functions":{"total":0,"covered":0,"skipped":0,"pct":100},"statements":{"total":2,"covered":2,"skipped":0,"pct":100},"branches":{"total":0,"covered":0,"skipped":0,"pct":100}}
,"/Users/vergelbarit/Documents/appDevelopment/react-redux-jsonplaceholder/src/redux/root.sagas.js": {"lines":{"total":1,"covered":1,"skipped":0,"pct":100},"functions":{"total":1,"covered":1,"skipped":0,"pct":100},"statements":{"total":1,"covered":1,"skipped":0,"pct":100},"branches":{"total":0,"covered":0,"skipped":0,"pct":100}}
,"/Users/vergelbarit/Documents/appDevelopment/react-redux-jsonplaceholder/src/redux/store.js": {"lines":{"total":8,"covered":8,"skipped":0,"pct":100},"functions":{"total":0,"covered":0,"skipped":0,"pct":100},"statements":{"total":8,"covered":8,"skipped":0,"pct":100},"branches":{"total":0,"covered":0,"skipped":0,"pct":100}}
,"/Users/vergelbarit/Documents/appDevelopment/react-redux-jsonplaceholder/src/redux/albums/albums.actions.js": {"lines":{"total":13,"covered":13,"skipped":0,"pct":100},"functions":{"total":13,"covered":4,"skipped":0,"pct":30.77},"statements":{"total":26,"covered":17,"skipped":0,"pct":65.38},"branches":{"total":0,"covered":0,"skipped":0,"pct":100}}
,"/Users/vergelbarit/Documents/appDevelopment/react-redux-jsonplaceholder/src/redux/albums/albums.reducer.js": {"lines":{"total":17,"covered":8,"skipped":0,"pct":47.06},"functions":{"total":1,"covered":1,"skipped":0,"pct":100},"statements":{"total":17,"covered":8,"skipped":0,"pct":47.06},"branches":{"total":15,"covered":6,"skipped":0,"pct":40}}
,"/Users/vergelbarit/Documents/appDevelopment/react-redux-jsonplaceholder/src/redux/albums/albums.sagas.js": {"lines":{"total":27,"covered":12,"skipped":0,"pct":44.44},"functions":{"total":10,"covered":5,"skipped":0,"pct":50},"statements":{"total":29,"covered":13,"skipped":0,"pct":44.83},"branches":{"total":0,"covered":0,"skipped":0,"pct":100}}
,"/Users/vergelbarit/Documents/appDevelopment/react-redux-jsonplaceholder/src/redux/albums/albums.selectors.js": {"lines":{"total":7,"covered":7,"skipped":0,"pct":100},"functions":{"total":4,"covered":4,"skipped":0,"pct":100},"statements":{"total":8,"covered":8,"skipped":0,"pct":100},"branches":{"total":0,"covered":0,"skipped":0,"pct":100}}
,"/Users/vergelbarit/Documents/appDevelopment/react-redux-jsonplaceholder/src/redux/albums/albums.types.js": {"lines":{"total":1,"covered":1,"skipped":0,"pct":100},"functions":{"total":0,"covered":0,"skipped":0,"pct":100},"statements":{"total":1,"covered":1,"skipped":0,"pct":100},"branches":{"total":0,"covered":0,"skipped":0,"pct":100}}
,"/Users/vergelbarit/Documents/appDevelopment/react-redux-jsonplaceholder/src/redux/comments/comments.actions.js": {"lines":{"total":13,"covered":13,"skipped":0,"pct":100},"functions":{"total":13,"covered":5,"skipped":0,"pct":38.46},"statements":{"total":26,"covered":18,"skipped":0,"pct":69.23},"branches":{"total":0,"covered":0,"skipped":0,"pct":100}}
,"/Users/vergelbarit/Documents/appDevelopment/react-redux-jsonplaceholder/src/redux/comments/comments.reducer.js": {"lines":{"total":17,"covered":9,"skipped":0,"pct":52.94},"functions":{"total":1,"covered":1,"skipped":0,"pct":100},"statements":{"total":17,"covered":9,"skipped":0,"pct":52.94},"branches":{"total":15,"covered":7,"skipped":0,"pct":46.67}}
,"/Users/vergelbarit/Documents/appDevelopment/react-redux-jsonplaceholder/src/redux/comments/comments.sagas.js": {"lines":{"total":28,"covered":14,"skipped":0,"pct":50},"functions":{"total":10,"covered":6,"skipped":0,"pct":60},"statements":{"total":30,"covered":16,"skipped":0,"pct":53.33},"branches":{"total":0,"covered":0,"skipped":0,"pct":100}}
,"/Users/vergelbarit/Documents/appDevelopment/react-redux-jsonplaceholder/src/redux/comments/comments.selectors.js": {"lines":{"total":7,"covered":7,"skipped":0,"pct":100},"functions":{"total":4,"covered":4,"skipped":0,"pct":100},"statements":{"total":8,"covered":8,"skipped":0,"pct":100},"branches":{"total":0,"covered":0,"skipped":0,"pct":100}}
,"/Users/vergelbarit/Documents/appDevelopment/react-redux-jsonplaceholder/src/redux/comments/comments.types.js": {"lines":{"total":1,"covered":1,"skipped":0,"pct":100},"functions":{"total":0,"covered":0,"skipped":0,"pct":100},"statements":{"total":1,"covered":1,"skipped":0,"pct":100},"branches":{"total":0,"covered":0,"skipped":0,"pct":100}}
,"/Users/vergelbarit/Documents/appDevelopment/react-redux-jsonplaceholder/src/redux/photos/photos.actions.js": {"lines":{"total":13,"covered":13,"skipped":0,"pct":100},"functions":{"total":13,"covered":4,"skipped":0,"pct":30.77},"statements":{"total":26,"covered":17,"skipped":0,"pct":65.38},"branches":{"total":0,"covered":0,"skipped":0,"pct":100}}
,"/Users/vergelbarit/Documents/appDevelopment/react-redux-jsonplaceholder/src/redux/photos/photos.reducer.js": {"lines":{"total":17,"covered":8,"skipped":0,"pct":47.06},"functions":{"total":1,"covered":1,"skipped":0,"pct":100},"statements":{"total":17,"covered":8,"skipped":0,"pct":47.06},"branches":{"total":15,"covered":6,"skipped":0,"pct":40}}
,"/Users/vergelbarit/Documents/appDevelopment/react-redux-jsonplaceholder/src/redux/photos/photos.sagas.js": {"lines":{"total":27,"covered":12,"skipped":0,"pct":44.44},"functions":{"total":10,"covered":5,"skipped":0,"pct":50},"statements":{"total":29,"covered":13,"skipped":0,"pct":44.83},"branches":{"total":0,"covered":0,"skipped":0,"pct":100}}
,"/Users/vergelbarit/Documents/appDevelopment/react-redux-jsonplaceholder/src/redux/photos/photos.selectors.js": {"lines":{"total":7,"covered":7,"skipped":0,"pct":100},"functions":{"total":4,"covered":4,"skipped":0,"pct":100},"statements":{"total":8,"covered":8,"skipped":0,"pct":100},"branches":{"total":0,"covered":0,"skipped":0,"pct":100}}
,"/Users/vergelbarit/Documents/appDevelopment/react-redux-jsonplaceholder/src/redux/photos/photos.types.js": {"lines":{"total":1,"covered":1,"skipped":0,"pct":100},"functions":{"total":0,"covered":0,"skipped":0,"pct":100},"statements":{"total":1,"covered":1,"skipped":0,"pct":100},"branches":{"total":0,"covered":0,"skipped":0,"pct":100}}
,"/Users/vergelbarit/Documents/appDevelopment/react-redux-jsonplaceholder/src/redux/posts/posts.actions.js": {"lines":{"total":13,"covered":13,"skipped":0,"pct":100},"functions":{"total":13,"covered":5,"skipped":0,"pct":38.46},"statements":{"total":26,"covered":18,"skipped":0,"pct":69.23},"branches":{"total":0,"covered":0,"skipped":0,"pct":100}}
,"/Users/vergelbarit/Documents/appDevelopment/react-redux-jsonplaceholder/src/redux/posts/posts.reducer.js": {"lines":{"total":17,"covered":9,"skipped":0,"pct":52.94},"functions":{"total":1,"covered":1,"skipped":0,"pct":100},"statements":{"total":17,"covered":9,"skipped":0,"pct":52.94},"branches":{"total":15,"covered":7,"skipped":0,"pct":46.67}}
,"/Users/vergelbarit/Documents/appDevelopment/react-redux-jsonplaceholder/src/redux/posts/posts.sagas.js": {"lines":{"total":26,"covered":13,"skipped":0,"pct":50},"functions":{"total":10,"covered":6,"skipped":0,"pct":60},"statements":{"total":29,"covered":15,"skipped":0,"pct":51.72},"branches":{"total":0,"covered":0,"skipped":0,"pct":100}}
,"/Users/vergelbarit/Documents/appDevelopment/react-redux-jsonplaceholder/src/redux/posts/posts.selectors.js": {"lines":{"total":7,"covered":7,"skipped":0,"pct":100},"functions":{"total":4,"covered":4,"skipped":0,"pct":100},"statements":{"total":8,"covered":8,"skipped":0,"pct":100},"branches":{"total":0,"covered":0,"skipped":0,"pct":100}}
,"/Users/vergelbarit/Documents/appDevelopment/react-redux-jsonplaceholder/src/redux/posts/posts.types.js": {"lines":{"total":1,"covered":1,"skipped":0,"pct":100},"functions":{"total":0,"covered":0,"skipped":0,"pct":100},"statements":{"total":1,"covered":1,"skipped":0,"pct":100},"branches":{"total":0,"covered":0,"skipped":0,"pct":100}}
,"/Users/vergelbarit/Documents/appDevelopment/react-redux-jsonplaceholder/src/redux/todos/todos.actions.js": {"lines":{"total":13,"covered":13,"skipped":0,"pct":100},"functions":{"total":13,"covered":5,"skipped":0,"pct":38.46},"statements":{"total":26,"covered":18,"skipped":0,"pct":69.23},"branches":{"total":0,"covered":0,"skipped":0,"pct":100}}
,"/Users/vergelbarit/Documents/appDevelopment/react-redux-jsonplaceholder/src/redux/todos/todos.reducer.js": {"lines":{"total":17,"covered":9,"skipped":0,"pct":52.94},"functions":{"total":1,"covered":1,"skipped":0,"pct":100},"statements":{"total":17,"covered":9,"skipped":0,"pct":52.94},"branches":{"total":15,"covered":7,"skipped":0,"pct":46.67}}
,"/Users/vergelbarit/Documents/appDevelopment/react-redux-jsonplaceholder/src/redux/todos/todos.sagas.js": {"lines":{"total":26,"covered":13,"skipped":0,"pct":50},"functions":{"total":10,"covered":6,"skipped":0,"pct":60},"statements":{"total":29,"covered":15,"skipped":0,"pct":51.72},"branches":{"total":0,"covered":0,"skipped":0,"pct":100}}
,"/Users/vergelbarit/Documents/appDevelopment/react-redux-jsonplaceholder/src/redux/todos/todos.selectors.js": {"lines":{"total":7,"covered":7,"skipped":0,"pct":100},"functions":{"total":4,"covered":4,"skipped":0,"pct":100},"statements":{"total":8,"covered":8,"skipped":0,"pct":100},"branches":{"total":0,"covered":0,"skipped":0,"pct":100}}
,"/Users/vergelbarit/Documents/appDevelopment/react-redux-jsonplaceholder/src/redux/todos/todos.types.js": {"lines":{"total":1,"covered":1,"skipped":0,"pct":100},"functions":{"total":0,"covered":0,"skipped":0,"pct":100},"statements":{"total":1,"covered":1,"skipped":0,"pct":100},"branches":{"total":0,"covered":0,"skipped":0,"pct":100}}
,"/Users/vergelbarit/Documents/appDevelopment/react-redux-jsonplaceholder/src/redux/users/users.actions.js": {"lines":{"total":13,"covered":13,"skipped":0,"pct":100},"functions":{"total":13,"covered":4,"skipped":0,"pct":30.77},"statements":{"total":26,"covered":17,"skipped":0,"pct":65.38},"branches":{"total":0,"covered":0,"skipped":0,"pct":100}}
,"/Users/vergelbarit/Documents/appDevelopment/react-redux-jsonplaceholder/src/redux/users/users.reducer.js": {"lines":{"total":11,"covered":7,"skipped":0,"pct":63.64},"functions":{"total":1,"covered":1,"skipped":0,"pct":100},"statements":{"total":11,"covered":7,"skipped":0,"pct":63.64},"branches":{"total":15,"covered":8,"skipped":0,"pct":53.33}}
,"/Users/vergelbarit/Documents/appDevelopment/react-redux-jsonplaceholder/src/redux/users/users.sagas.js": {"lines":{"total":26,"covered":12,"skipped":0,"pct":46.15},"functions":{"total":10,"covered":5,"skipped":0,"pct":50},"statements":{"total":29,"covered":13,"skipped":0,"pct":44.83},"branches":{"total":0,"covered":0,"skipped":0,"pct":100}}
,"/Users/vergelbarit/Documents/appDevelopment/react-redux-jsonplaceholder/src/redux/users/users.selectors.js": {"lines":{"total":7,"covered":7,"skipped":0,"pct":100},"functions":{"total":4,"covered":4,"skipped":0,"pct":100},"statements":{"total":8,"covered":8,"skipped":0,"pct":100},"branches":{"total":0,"covered":0,"skipped":0,"pct":100}}
,"/Users/vergelbarit/Documents/appDevelopment/react-redux-jsonplaceholder/src/redux/users/users.types.js": {"lines":{"total":1,"covered":1,"skipped":0,"pct":100},"functions":{"total":0,"covered":0,"skipped":0,"pct":100},"statements":{"total":1,"covered":1,"skipped":0,"pct":100},"branches":{"total":0,"covered":0,"skipped":0,"pct":100}}
,"/Users/vergelbarit/Documents/appDevelopment/react-redux-jsonplaceholder/src/utils/axios.js": {"lines":{"total":0,"covered":0,"skipped":0,"pct":0},"functions":{"total":0,"covered":0,"skipped":0,"pct":0},"statements":{"total":0,"covered":0,"skipped":0,"pct":0},"branches":{"total":0,"covered":0,"skipped":0,"pct":0}}
,"/Users/vergelbarit/Documents/appDevelopment/react-redux-jsonplaceholder/src/utils/logger.js": {"lines":{"total":7,"covered":7,"skipped":0,"pct":100},"functions":{"total":3,"covered":3,"skipped":0,"pct":100},"statements":{"total":9,"covered":9,"skipped":0,"pct":100},"branches":{"total":0,"covered":0,"skipped":0,"pct":100}}
,"/Users/vergelbarit/Documents/appDevelopment/react-redux-jsonplaceholder/src/utils/modifier.js": {"lines":{"total":9,"covered":4,"skipped":0,"pct":44.44},"functions":{"total":5,"covered":2,"skipped":0,"pct":40},"statements":{"total":11,"covered":5,"skipped":0,"pct":45.45},"branches":{"total":0,"covered":0,"skipped":0,"pct":100}}
,"/Users/vergelbarit/Documents/appDevelopment/react-redux-jsonplaceholder/src/utils/monitor.js": {"lines":{"total":10,"covered":10,"skipped":0,"pct":100},"functions":{"total":4,"covered":4,"skipped":0,"pct":100},"statements":{"total":12,"covered":12,"skipped":0,"pct":100},"branches":{"total":0,"covered":0,"skipped":0,"pct":100}}
,"/Users/vergelbarit/Documents/appDevelopment/react-redux-jsonplaceholder/src/utils/theme.js": {"lines":{"total":0,"covered":0,"skipped":0,"pct":0},"functions":{"total":0,"covered":0,"skipped":0,"pct":0},"statements":{"total":0,"covered":0,"skipped":0,"pct":0},"branches":{"total":0,"covered":0,"skipped":0,"pct":0}}
}
