TN:
SF:src/App.js
FN:6,App
FNF:1
FNH:1
FNDA:75,App
DA:7,75
LF:1
LH:1
BRF:0
BRH:0
end_of_record
TN:
SF:src/index.js
FNF:0
FNH:0
DA:12,75
DA:25,75
LF:2
LH:2
BRF:0
BRH:0
end_of_record
TN:
SF:src/routes.js
FN:7,(anonymous_0)
FN:10,(anonymous_1)
FN:17,(anonymous_2)
FN:35,(anonymous_3)
FN:40,(anonymous_4)
FN:45,(anonymous_5)
FN:50,(anonymous_6)
FN:55,(anonymous_7)
FN:60,(anonymous_8)
FN:65,(anonymous_9)
FN:70,(anonymous_10)
FN:80,(anonymous_11)
FNF:12
FNH:9
FNDA:75,(anonymous_0)
FNDA:750,(anonymous_1)
FNDA:75,(anonymous_2)
FNDA:0,(anonymous_3)
FNDA:0,(anonymous_4)
FNDA:7,(anonymous_5)
FNDA:9,(anonymous_6)
FNDA:9,(anonymous_7)
FNDA:7,(anonymous_8)
FNDA:14,(anonymous_9)
FNDA:7,(anonymous_10)
FNDA:0,(anonymous_11)
DA:7,75
DA:8,75
DA:11,750
DA:12,750
DA:18,75
DA:31,75
DA:35,0
DA:40,0
DA:45,7
DA:50,9
DA:55,9
DA:60,7
DA:65,14
DA:70,7
DA:80,0
LF:15
LH:12
BRDA:7,0,0,0
BRF:1
BRH:0
end_of_record
TN:
SF:src/serviceWorker.js
FN:9,register
FN:16,(anonymous_1)
FN:21,(anonymous_2)
FN:34,registerValidSW
FN:37,(anonymous_4)
FN:38,(anonymous_5)
FN:43,(anonymous_6)
FN:63,(anonymous_7)
FN:68,checkValidServiceWorker
FN:72,(anonymous_9)
FN:78,(anonymous_10)
FN:79,(anonymous_11)
FN:87,(anonymous_12)
FN:94,unregister
FN:97,(anonymous_14)
FN:100,(anonymous_15)
FNF:16
FNH:1
FNDA:0,register
FNDA:0,(anonymous_1)
FNDA:0,(anonymous_2)
FNDA:0,registerValidSW
FNDA:0,(anonymous_4)
FNDA:0,(anonymous_5)
FNDA:0,(anonymous_6)
FNDA:0,(anonymous_7)
FNDA:0,checkValidServiceWorker
FNDA:0,(anonymous_9)
FNDA:0,(anonymous_10)
FNDA:0,(anonymous_11)
FNDA:0,(anonymous_12)
FNDA:75,unregister
FNDA:0,(anonymous_14)
FNDA:0,(anonymous_15)
DA:1,75
DA:10,0
DA:11,0
DA:12,0
DA:13,0
DA:16,0
DA:17,0
DA:19,0
DA:20,0
DA:21,0
DA:22,0
DA:28,0
DA:35,0
DA:38,0
DA:39,0
DA:40,0
DA:41,0
DA:43,0
DA:44,0
DA:45,0
DA:46,0
DA:50,0
DA:51,0
DA:54,0
DA:55,0
DA:56,0
DA:64,0
DA:69,0
DA:73,0
DA:74,0
DA:78,0
DA:79,0
DA:80,0
DA:84,0
DA:88,0
DA:95,75
DA:96,75
DA:98,0
DA:101,0
LF:39
LH:3
BRDA:2,0,0,75
BRDA:2,0,1,0
BRDA:2,0,2,0
BRDA:10,1,0,0
BRDA:10,1,1,0
BRDA:10,2,0,0
BRDA:10,2,1,0
BRDA:12,3,0,0
BRDA:12,3,1,0
BRDA:19,4,0,0
BRDA:19,4,1,0
BRDA:40,5,0,0
BRDA:40,5,1,0
BRDA:44,6,0,0
BRDA:44,6,1,0
BRDA:45,7,0,0
BRDA:45,7,1,0
BRDA:50,8,0,0
BRDA:50,8,1,0
BRDA:50,9,0,0
BRDA:50,9,1,0
BRDA:55,10,0,0
BRDA:55,10,1,0
BRDA:55,11,0,0
BRDA:55,11,1,0
BRDA:74,12,0,0
BRDA:74,12,1,0
BRDA:75,13,0,0
BRDA:75,13,1,0
BRDA:75,13,2,0
BRDA:95,14,0,75
BRDA:95,14,1,0
BRF:32
BRH:2
end_of_record
TN:
SF:src/containers/albums/index.js
FN:28,(anonymous_0)
FN:62,(anonymous_1)
FN:77,(anonymous_2)
FN:81,(anonymous_3)
FN:87,(anonymous_4)
FN:91,(anonymous_5)
FN:107,(anonymous_6)
FN:126,(anonymous_7)
FN:150,(anonymous_8)
FN:151,(anonymous_9)
FN:152,(anonymous_10)
FNF:11
FNH:11
FNDA:7,(anonymous_0)
FNDA:82,(anonymous_1)
FNDA:14,(anonymous_2)
FNDA:7,(anonymous_3)
FNDA:24,(anonymous_4)
FNDA:1,(anonymous_5)
FNDA:260,(anonymous_6)
FNDA:2,(anonymous_7)
FNDA:14,(anonymous_8)
FNDA:7,(anonymous_9)
FNDA:2,(anonymous_10)
DA:28,7
DA:62,7
DA:69,82
DA:70,82
DA:71,82
DA:72,82
DA:73,82
DA:74,82
DA:75,82
DA:77,82
DA:78,14
DA:81,82
DA:82,7
DA:83,0
DA:87,82
DA:88,24
DA:91,82
DA:92,1
DA:93,1
DA:94,1
DA:96,82
DA:98,82
DA:108,260
DA:126,2
DA:150,14
DA:151,7
DA:152,2
DA:155,7
LF:28
LH:27
BRDA:78,0,0,7
BRDA:78,0,1,7
BRDA:82,1,0,0
BRDA:82,1,1,7
BRDA:96,2,0,0
BRDA:96,2,1,82
BRDA:106,3,0,26
BRDA:106,3,1,56
BRF:8
BRH:6
end_of_record
TN:
SF:src/containers/albums/components/add-modal.js
FN:14,(anonymous_0)
FN:38,AddItemModal
FN:43,(anonymous_2)
FN:47,(anonymous_3)
FN:51,(anonymous_4)
FN:55,(anonymous_5)
FN:110,(anonymous_6)
FN:111,(anonymous_7)
FNF:8
FNH:4
FNDA:7,(anonymous_0)
FNDA:18,AddItemModal
FNDA:2,(anonymous_2)
FNDA:0,(anonymous_3)
FNDA:0,(anonymous_4)
FNDA:0,(anonymous_5)
FNDA:14,(anonymous_6)
FNDA:0,(anonymous_7)
DA:14,7
DA:39,18
DA:40,18
DA:41,18
DA:43,18
DA:44,2
DA:47,18
DA:48,0
DA:51,18
DA:52,0
DA:55,18
DA:56,0
DA:57,0
DA:58,0
DA:59,0
DA:60,0
DA:63,18
DA:110,14
DA:111,0
LF:19
LH:11
BRF:0
BRH:0
end_of_record
TN:
SF:src/containers/albums/components/edit-modal.js
FN:14,(anonymous_0)
FN:38,EditModal
FN:43,(anonymous_2)
FN:47,(anonymous_3)
FN:51,(anonymous_4)
FN:55,(anonymous_5)
FN:109,(anonymous_6)
FN:110,(anonymous_7)
FNF:8
FNH:3
FNDA:7,(anonymous_0)
FNDA:160,EditModal
FNDA:0,(anonymous_2)
FNDA:0,(anonymous_3)
FNDA:0,(anonymous_4)
FNDA:0,(anonymous_5)
FNDA:160,(anonymous_6)
FNDA:0,(anonymous_7)
DA:14,7
DA:39,160
DA:40,160
DA:41,160
DA:43,160
DA:44,0
DA:47,160
DA:48,0
DA:51,160
DA:52,0
DA:55,160
DA:56,0
DA:57,0
DA:58,0
DA:59,0
DA:62,160
DA:109,160
DA:110,0
LF:18
LH:10
BRF:0
BRH:0
end_of_record
TN:
SF:src/containers/comments/index.js
FN:26,(anonymous_0)
FN:66,(anonymous_1)
FN:81,(anonymous_2)
FN:85,(anonymous_3)
FN:91,(anonymous_4)
FN:95,(anonymous_5)
FN:111,(anonymous_6)
FN:119,(anonymous_7)
FN:149,(anonymous_8)
FN:150,(anonymous_9)
FN:151,(anonymous_10)
FNF:11
FNH:11
FNDA:9,(anonymous_0)
FNDA:110,(anonymous_1)
FNDA:20,(anonymous_2)
FNDA:9,(anonymous_3)
FNDA:32,(anonymous_4)
FNDA:1,(anonymous_5)
FNDA:380,(anonymous_6)
FNDA:2,(anonymous_7)
FNDA:18,(anonymous_8)
FNDA:9,(anonymous_9)
FNDA:2,(anonymous_10)
DA:26,9
DA:66,9
DA:73,110
DA:74,110
DA:75,110
DA:76,110
DA:77,110
DA:78,110
DA:79,110
DA:81,110
DA:82,20
DA:85,110
DA:86,9
DA:87,0
DA:91,110
DA:92,32
DA:95,110
DA:96,1
DA:97,1
DA:98,1
DA:101,110
DA:112,380
DA:119,2
DA:149,18
DA:150,9
DA:151,2
DA:154,9
LF:27
LH:26
BRDA:82,0,0,9
BRDA:82,0,1,11
BRDA:86,1,0,0
BRDA:86,1,1,9
BRDA:110,2,0,38
BRDA:110,2,1,72
BRF:6
BRH:5
end_of_record
TN:
SF:src/containers/comments/components/add-modal.js
FN:14,(anonymous_0)
FN:38,AddCommentModal
FN:47,(anonymous_2)
FN:51,(anonymous_3)
FN:55,(anonymous_4)
FN:59,(anonymous_5)
FN:150,(anonymous_6)
FN:151,(anonymous_7)
FNF:8
FNH:4
FNDA:9,(anonymous_0)
FNDA:22,AddCommentModal
FNDA:2,(anonymous_2)
FNDA:0,(anonymous_3)
FNDA:0,(anonymous_4)
FNDA:0,(anonymous_5)
FNDA:18,(anonymous_6)
FNDA:0,(anonymous_7)
DA:14,9
DA:39,22
DA:40,22
DA:41,22
DA:47,22
DA:48,2
DA:51,22
DA:52,0
DA:55,22
DA:56,0
DA:59,22
DA:60,0
DA:61,0
DA:62,0
DA:63,0
DA:64,0
DA:65,0
DA:72,22
DA:150,18
DA:151,0
LF:20
LH:11
BRF:0
BRH:0
end_of_record
TN:
SF:src/containers/comments/components/edit-modal.js
FN:13,(anonymous_0)
FN:37,TransitionsModal
FN:42,(anonymous_2)
FN:46,(anonymous_3)
FN:50,(anonymous_4)
FN:54,(anonymous_5)
FN:110,(anonymous_6)
FN:111,(anonymous_7)
FNF:8
FNH:3
FNDA:9,(anonymous_0)
FNDA:204,TransitionsModal
FNDA:0,(anonymous_2)
FNDA:0,(anonymous_3)
FNDA:0,(anonymous_4)
FNDA:0,(anonymous_5)
FNDA:204,(anonymous_6)
FNDA:0,(anonymous_7)
DA:13,9
DA:38,204
DA:39,204
DA:40,204
DA:42,204
DA:43,0
DA:46,204
DA:47,0
DA:50,204
DA:51,0
DA:54,204
DA:55,0
DA:56,0
DA:57,0
DA:58,0
DA:61,204
DA:110,204
DA:111,0
LF:18
LH:10
BRF:0
BRH:0
end_of_record
TN:
SF:src/containers/components/link.js
FN:8,ListItemLink
FN:12,(anonymous_1)
FN:13,(anonymous_2)
FNF:3
FNH:0
FNDA:0,ListItemLink
FNDA:0,(anonymous_1)
FNDA:0,(anonymous_2)
DA:9,0
DA:11,0
DA:13,0
DA:14,0
DA:19,0
DA:28,75
LF:6
LH:1
BRF:0
BRH:0
end_of_record
TN:
SF:src/containers/components/skeleton.component.js
FN:6,SkeletonComponent
FN:7,(anonymous_1)
FNF:2
FNH:2
FNDA:211,SkeletonComponent
FNDA:2110,(anonymous_1)
DA:5,53
DA:7,211
DA:8,2110
LF:3
LH:3
BRF:0
BRH:0
end_of_record
TN:
SF:src/containers/extra/loading-screen.js
FN:5,(anonymous_0)
FN:17,(anonymous_1)
FN:20,(anonymous_2)
FN:23,(anonymous_3)
FNF:4
FNH:4
FNDA:53,(anonymous_0)
FNDA:106,(anonymous_1)
FNDA:53,(anonymous_2)
FNDA:53,(anonymous_3)
DA:5,75
DA:17,75
DA:18,106
DA:20,106
DA:21,53
DA:23,53
DA:24,53
DA:28,106
LF:8
LH:8
BRF:0
BRH:0
end_of_record
TN:
SF:src/containers/landing/index.js
FN:15,(anonymous_0)
FN:52,App
FN:66,(anonymous_2)
FNF:3
FNH:3
FNDA:22,(anonymous_0)
FNDA:44,App
FNDA:264,(anonymous_2)
DA:15,75
DA:43,75
DA:53,44
DA:54,44
DA:67,264
LF:5
LH:5
BRF:0
BRH:0
end_of_record
TN:
SF:src/containers/layout/index.js
FN:12,(anonymous_0)
FN:20,ScrollTop
FN:29,(anonymous_2)
FN:53,BackToTop
FNF:4
FNH:3
FNDA:75,(anonymous_0)
FNDA:222,ScrollTop
FNDA:0,(anonymous_2)
FNDA:75,BackToTop
DA:12,75
DA:21,222
DA:22,222
DA:23,222
DA:29,222
DA:30,0
DA:34,0
DA:35,0
DA:39,222
DA:48,75
DA:54,75
LF:11
LH:8
BRDA:30,0,0,0
BRDA:30,0,1,0
BRDA:34,1,0,0
BRDA:34,1,1,0
BRF:4
BRH:0
end_of_record
TN:
SF:src/containers/layout/components/navbar.js
FN:13,(anonymous_0)
FN:45,Navigation
FNF:2
FNH:2
FNDA:75,(anonymous_0)
FNDA:150,Navigation
DA:13,75
DA:46,150
DA:48,150
LF:3
LH:3
BRF:0
BRH:0
end_of_record
TN:
SF:src/containers/layout/components/side-bar.js
FN:21,(anonymous_0)
FN:51,SideBarShared
FN:60,(anonymous_2)
FN:60,(anonymous_3)
FN:71,(anonymous_4)
FN:81,(anonymous_5)
FNF:6
FNH:0
FNDA:0,(anonymous_0)
FNDA:0,SideBarShared
FNDA:0,(anonymous_2)
FNDA:0,(anonymous_3)
FNDA:0,(anonymous_4)
FNDA:0,(anonymous_5)
DA:21,75
DA:41,75
DA:52,0
DA:53,0
DA:60,0
DA:61,0
DA:65,0
DA:68,0
DA:71,0
DA:72,0
DA:82,0
DA:108,0
LF:12
LH:2
BRDA:61,0,0,0
BRDA:61,0,1,0
BRDA:62,1,0,0
BRDA:62,1,1,0
BRDA:62,1,2,0
BRDA:74,2,0,0
BRDA:74,2,1,0
BRF:7
BRH:0
end_of_record
TN:
SF:src/containers/photos/index.js
FN:26,(anonymous_0)
FN:62,(anonymous_1)
FN:78,(anonymous_2)
FN:82,(anonymous_3)
FN:88,(anonymous_4)
FN:92,(anonymous_5)
FN:107,(anonymous_6)
FN:115,(anonymous_7)
FN:151,(anonymous_8)
FN:152,(anonymous_9)
FN:153,(anonymous_10)
FNF:11
FNH:11
FNDA:9,(anonymous_0)
FNDA:102,(anonymous_1)
FNDA:17,(anonymous_2)
FNDA:9,(anonymous_3)
FNDA:30,(anonymous_4)
FNDA:2,(anonymous_5)
FNDA:320,(anonymous_6)
FNDA:2,(anonymous_7)
FNDA:18,(anonymous_8)
FNDA:9,(anonymous_9)
FNDA:2,(anonymous_10)
DA:26,9
DA:62,9
DA:70,102
DA:71,102
DA:72,102
DA:73,102
DA:74,102
DA:75,102
DA:76,102
DA:78,102
DA:79,17
DA:82,102
DA:83,9
DA:84,0
DA:85,0
DA:88,102
DA:89,30
DA:92,102
DA:93,2
DA:94,2
DA:95,2
DA:98,102
DA:108,320
DA:115,2
DA:151,18
DA:152,9
DA:153,2
DA:156,9
LF:28
LH:26
BRDA:79,0,0,9
BRDA:79,0,1,8
BRDA:83,1,0,0
BRDA:83,1,1,9
BRDA:106,2,0,32
BRDA:106,2,1,70
BRF:6
BRH:5
end_of_record
TN:
SF:src/containers/photos/components/add-modal.js
FN:13,(anonymous_0)
FN:37,AddItemModal
FN:44,(anonymous_2)
FN:48,(anonymous_3)
FN:51,(anonymous_4)
FN:55,(anonymous_5)
FN:126,(anonymous_6)
FN:127,(anonymous_7)
FNF:8
FNH:4
FNDA:9,(anonymous_0)
FNDA:22,AddItemModal
FNDA:2,(anonymous_2)
FNDA:0,(anonymous_3)
FNDA:0,(anonymous_4)
FNDA:0,(anonymous_5)
FNDA:18,(anonymous_6)
FNDA:0,(anonymous_7)
DA:13,9
DA:38,22
DA:39,22
DA:40,22
DA:44,22
DA:45,2
DA:48,22
DA:49,0
DA:51,22
DA:52,0
DA:55,22
DA:56,0
DA:57,0
DA:58,0
DA:59,0
DA:60,0
DA:66,22
DA:126,18
DA:127,0
LF:19
LH:11
BRF:0
BRH:0
end_of_record
TN:
SF:src/containers/photos/components/edit-modal.js
FN:13,(anonymous_0)
FN:37,TransitionsModal
FN:42,(anonymous_2)
FN:46,(anonymous_3)
FN:50,(anonymous_4)
FN:54,(anonymous_5)
FN:111,(anonymous_6)
FN:112,(anonymous_7)
FNF:8
FNH:3
FNDA:8,(anonymous_0)
FNDA:200,TransitionsModal
FNDA:0,(anonymous_2)
FNDA:0,(anonymous_3)
FNDA:0,(anonymous_4)
FNDA:0,(anonymous_5)
FNDA:200,(anonymous_6)
FNDA:0,(anonymous_7)
DA:13,9
DA:38,200
DA:39,200
DA:40,200
DA:42,200
DA:43,0
DA:46,200
DA:47,0
DA:50,200
DA:51,0
DA:54,200
DA:55,0
DA:56,0
DA:57,0
DA:58,0
DA:61,200
DA:111,200
DA:112,0
LF:18
LH:10
BRF:0
BRH:0
end_of_record
TN:
SF:src/containers/posts/index.js
FN:26,(anonymous_0)
FN:62,(anonymous_1)
FN:78,(anonymous_2)
FN:82,(anonymous_3)
FN:89,(anonymous_4)
FN:93,(anonymous_5)
FN:108,(anonymous_6)
FN:116,(anonymous_7)
FN:143,(anonymous_8)
FN:144,(anonymous_9)
FN:145,(anonymous_10)
FNF:11
FNH:11
FNDA:7,(anonymous_0)
FNDA:90,(anonymous_1)
FNDA:16,(anonymous_2)
FNDA:7,(anonymous_3)
FNDA:26,(anonymous_4)
FNDA:1,(anonymous_5)
FNDA:340,(anonymous_6)
FNDA:2,(anonymous_7)
FNDA:14,(anonymous_8)
FNDA:7,(anonymous_9)
FNDA:2,(anonymous_10)
DA:26,7
DA:62,7
DA:70,90
DA:71,90
DA:72,90
DA:73,90
DA:74,90
DA:75,90
DA:76,90
DA:78,90
DA:79,16
DA:82,90
DA:83,7
DA:84,0
DA:85,0
DA:89,90
DA:90,26
DA:93,90
DA:94,1
DA:95,1
DA:96,1
DA:99,90
DA:109,340
DA:116,2
DA:143,14
DA:144,7
DA:145,2
DA:148,7
LF:28
LH:26
BRDA:79,0,0,7
BRDA:79,0,1,9
BRDA:83,1,0,0
BRDA:83,1,1,7
BRDA:107,2,0,34
BRDA:107,2,1,56
BRF:6
BRH:5
end_of_record
TN:
SF:src/containers/posts/components/add-modal.js
FN:13,(anonymous_0)
FN:37,AddItemModal
FN:43,(anonymous_2)
FN:47,(anonymous_3)
FN:51,(anonymous_4)
FN:54,(anonymous_5)
FN:58,(anonymous_6)
FN:129,(anonymous_7)
FN:130,(anonymous_8)
FNF:9
FNH:4
FNDA:7,(anonymous_0)
FNDA:18,AddItemModal
FNDA:2,(anonymous_2)
FNDA:0,(anonymous_3)
FNDA:0,(anonymous_4)
FNDA:0,(anonymous_5)
FNDA:0,(anonymous_6)
FNDA:14,(anonymous_7)
FNDA:0,(anonymous_8)
DA:13,7
DA:38,18
DA:39,18
DA:40,18
DA:41,18
DA:43,18
DA:44,2
DA:47,18
DA:48,0
DA:51,18
DA:52,0
DA:54,18
DA:55,0
DA:58,18
DA:59,0
DA:60,0
DA:61,0
DA:62,0
DA:63,0
DA:64,0
DA:67,18
DA:129,14
DA:130,0
LF:23
LH:13
BRF:0
BRH:0
end_of_record
TN:
SF:src/containers/posts/components/edit-modal.js
FN:13,(anonymous_0)
FN:37,TransitionsModal
FN:43,(anonymous_2)
FN:47,(anonymous_3)
FN:51,(anonymous_4)
FN:55,(anonymous_5)
FN:59,(anonymous_6)
FN:122,(anonymous_7)
FN:123,(anonymous_8)
FNF:9
FNH:3
FNDA:7,(anonymous_0)
FNDA:164,TransitionsModal
FNDA:0,(anonymous_2)
FNDA:0,(anonymous_3)
FNDA:0,(anonymous_4)
FNDA:0,(anonymous_5)
FNDA:0,(anonymous_6)
FNDA:164,(anonymous_7)
FNDA:0,(anonymous_8)
DA:13,7
DA:38,164
DA:39,164
DA:40,164
DA:41,164
DA:43,164
DA:44,0
DA:47,164
DA:48,0
DA:51,164
DA:52,0
DA:55,164
DA:56,0
DA:59,164
DA:60,0
DA:61,0
DA:62,0
DA:63,0
DA:66,164
DA:122,164
DA:123,0
LF:21
LH:12
BRF:0
BRH:0
end_of_record
TN:
SF:src/containers/todos/index.js
FN:29,(anonymous_0)
FN:65,(anonymous_1)
FN:80,(anonymous_2)
FN:84,(anonymous_3)
FN:90,(anonymous_4)
FN:94,(anonymous_5)
FN:109,(anonymous_6)
FN:117,(anonymous_7)
FN:156,(anonymous_8)
FN:157,(anonymous_9)
FN:158,(anonymous_10)
FNF:11
FNH:11
FNDA:14,(anonymous_0)
FNDA:180,(anonymous_1)
FNDA:32,(anonymous_2)
FNDA:14,(anonymous_3)
FNDA:52,(anonymous_4)
FNDA:2,(anonymous_5)
FNDA:680,(anonymous_6)
FNDA:4,(anonymous_7)
FNDA:28,(anonymous_8)
FNDA:14,(anonymous_9)
FNDA:4,(anonymous_10)
DA:29,14
DA:65,14
DA:72,180
DA:73,180
DA:74,180
DA:75,180
DA:76,180
DA:77,180
DA:78,180
DA:80,180
DA:81,32
DA:84,180
DA:85,14
DA:86,0
DA:90,180
DA:91,52
DA:94,180
DA:95,2
DA:96,2
DA:97,2
DA:100,180
DA:110,680
DA:117,4
DA:156,28
DA:157,14
DA:158,4
DA:161,14
LF:27
LH:26
BRDA:81,0,0,14
BRDA:81,0,1,18
BRDA:85,1,0,0
BRDA:85,1,1,14
BRDA:108,2,0,68
BRDA:108,2,1,112
BRDA:130,3,0,232
BRDA:130,3,1,448
BRF:8
BRH:7
end_of_record
TN:
SF:src/containers/todos/components/add-modal.js
FN:13,(anonymous_0)
FN:37,AddItemModal
FN:42,(anonymous_2)
FN:46,(anonymous_3)
FN:50,(anonymous_4)
FN:54,(anonymous_5)
FN:115,(anonymous_6)
FN:116,(anonymous_7)
FNF:8
FNH:4
FNDA:14,(anonymous_0)
FNDA:36,AddItemModal
FNDA:4,(anonymous_2)
FNDA:0,(anonymous_3)
FNDA:0,(anonymous_4)
FNDA:0,(anonymous_5)
FNDA:28,(anonymous_6)
FNDA:0,(anonymous_7)
DA:13,14
DA:38,36
DA:39,36
DA:40,36
DA:42,36
DA:43,4
DA:46,36
DA:47,0
DA:50,36
DA:51,0
DA:54,36
DA:55,0
DA:56,0
DA:57,0
DA:58,0
DA:59,0
DA:62,36
DA:115,28
DA:116,0
LF:19
LH:11
BRF:0
BRH:0
end_of_record
TN:
SF:src/containers/todos/components/edit-modal.js
FN:13,(anonymous_0)
FN:37,TransitionsModal
FN:42,(anonymous_2)
FN:46,(anonymous_3)
FN:50,(anonymous_4)
FN:54,(anonymous_5)
FN:110,(anonymous_6)
FN:111,(anonymous_7)
FNF:8
FNH:3
FNDA:14,(anonymous_0)
FNDA:328,TransitionsModal
FNDA:0,(anonymous_2)
FNDA:0,(anonymous_3)
FNDA:0,(anonymous_4)
FNDA:0,(anonymous_5)
FNDA:328,(anonymous_6)
FNDA:0,(anonymous_7)
DA:13,14
DA:38,328
DA:39,328
DA:40,328
DA:42,328
DA:43,0
DA:46,328
DA:47,0
DA:50,328
DA:51,0
DA:54,328
DA:55,0
DA:56,0
DA:57,0
DA:58,0
DA:61,328
DA:110,328
DA:111,0
LF:18
LH:10
BRF:0
BRH:0
end_of_record
TN:
SF:src/containers/users/index.js
FN:26,(anonymous_0)
FN:62,(anonymous_1)
FN:77,(anonymous_2)
FN:81,(anonymous_3)
FN:87,(anonymous_4)
FN:91,(anonymous_5)
FN:106,(anonymous_6)
FN:114,(anonymous_7)
FN:146,(anonymous_8)
FN:147,(anonymous_9)
FN:148,(anonymous_10)
FNF:11
FNH:11
FNDA:7,(anonymous_0)
FNDA:78,(anonymous_1)
FNDA:14,(anonymous_2)
FNDA:7,(anonymous_3)
FNDA:23,(anonymous_4)
FNDA:1,(anonymous_5)
FNDA:220,(anonymous_6)
FNDA:2,(anonymous_7)
FNDA:14,(anonymous_8)
FNDA:7,(anonymous_9)
FNDA:2,(anonymous_10)
DA:26,7
DA:62,7
DA:69,78
DA:70,78
DA:71,78
DA:72,78
DA:73,78
DA:74,78
DA:75,78
DA:77,78
DA:78,14
DA:81,78
DA:82,7
DA:83,0
DA:87,78
DA:88,23
DA:91,78
DA:92,1
DA:93,1
DA:94,1
DA:97,78
DA:107,220
DA:114,2
DA:146,14
DA:147,7
DA:148,2
DA:151,7
LF:27
LH:26
BRDA:78,0,0,7
BRDA:78,0,1,7
BRDA:82,1,0,0
BRDA:82,1,1,7
BRDA:105,2,0,22
BRDA:105,2,1,56
BRF:6
BRH:5
end_of_record
TN:
SF:src/containers/users/components/add-modal.js
FN:13,(anonymous_0)
FN:38,AddItemModal
FN:64,(anonymous_2)
FN:68,(anonymous_3)
FN:72,(anonymous_4)
FN:85,(anonymous_5)
FN:276,(anonymous_6)
FN:277,(anonymous_7)
FNF:8
FNH:4
FNDA:7,(anonymous_0)
FNDA:18,AddItemModal
FNDA:2,(anonymous_2)
FNDA:0,(anonymous_3)
FNDA:0,(anonymous_4)
FNDA:0,(anonymous_5)
FNDA:14,(anonymous_6)
FNDA:0,(anonymous_7)
DA:13,7
DA:39,18
DA:40,18
DA:41,18
DA:64,18
DA:65,2
DA:68,18
DA:69,0
DA:72,18
DA:73,0
DA:85,18
DA:86,0
DA:87,0
DA:93,0
DA:94,0
DA:103,0
DA:112,18
DA:276,14
DA:277,0
LF:19
LH:11
BRF:0
BRH:0
end_of_record
TN:
SF:src/containers/users/components/edit-modal.js
FN:13,(anonymous_0)
FN:37,TransitionsModal
FN:42,(anonymous_2)
FN:46,(anonymous_3)
FN:50,(anonymous_4)
FN:54,(anonymous_5)
FN:110,(anonymous_6)
FN:111,(anonymous_7)
FNF:8
FNH:3
FNDA:7,(anonymous_0)
FNDA:140,TransitionsModal
FNDA:0,(anonymous_2)
FNDA:0,(anonymous_3)
FNDA:0,(anonymous_4)
FNDA:0,(anonymous_5)
FNDA:140,(anonymous_6)
FNDA:0,(anonymous_7)
DA:13,7
DA:38,140
DA:39,140
DA:40,140
DA:42,140
DA:43,0
DA:46,140
DA:47,0
DA:50,140
DA:51,0
DA:54,140
DA:55,0
DA:56,0
DA:57,0
DA:58,0
DA:61,140
DA:110,140
DA:111,0
LF:18
LH:10
BRF:0
BRH:0
end_of_record
TN:
SF:src/redux/root.reducer.js
FNF:0
FNH:0
DA:11,75
DA:16,75
LF:2
LH:2
BRF:0
BRH:0
end_of_record
TN:
SF:src/redux/root.sagas.js
FN:9,rootSaga
FNF:1
FNH:1
FNDA:75,rootSaga
DA:10,75
LF:1
LH:1
BRF:0
BRH:0
end_of_record
TN:
SF:src/redux/store.js
FNF:0
FNH:0
DA:10,75
DA:12,75
DA:13,75
DA:14,75
DA:15,75
DA:16,75
DA:18,75
DA:20,75
LF:8
LH:8
BRF:0
BRH:0
end_of_record
TN:
SF:src/redux/albums/albums.actions.js
FN:3,(anonymous_0)
FN:6,(anonymous_1)
FN:10,(anonymous_2)
FN:15,(anonymous_3)
FN:20,(anonymous_4)
FN:25,(anonymous_5)
FN:30,(anonymous_6)
FN:35,(anonymous_7)
FN:40,(anonymous_8)
FN:45,(anonymous_9)
FN:50,(anonymous_10)
FN:55,(anonymous_11)
FN:60,(anonymous_12)
FNF:13
FNH:4
FNDA:7,(anonymous_0)
FNDA:7,(anonymous_1)
FNDA:7,(anonymous_2)
FNDA:0,(anonymous_3)
FNDA:0,(anonymous_4)
FNDA:0,(anonymous_5)
FNDA:0,(anonymous_6)
FNDA:0,(anonymous_7)
FNDA:0,(anonymous_8)
FNDA:0,(anonymous_9)
FNDA:2,(anonymous_10)
FNDA:0,(anonymous_11)
FNDA:0,(anonymous_12)
DA:3,75
DA:6,75
DA:10,75
DA:15,75
DA:20,75
DA:25,75
DA:30,75
DA:35,75
DA:40,75
DA:45,75
DA:50,75
DA:55,75
DA:60,75
LF:13
LH:13
BRF:0
BRH:0
end_of_record
TN:
SF:src/redux/albums/albums.reducer.js
FN:15,(anonymous_0)
FNF:1
FNH:1
FNDA:562,(anonymous_0)
DA:8,75
DA:15,75
DA:16,562
DA:18,7
DA:24,7
DA:29,7
DA:35,0
DA:41,0
DA:46,0
DA:52,0
DA:58,0
DA:63,0
DA:69,0
DA:75,2
DA:80,0
DA:86,0
DA:92,539
LF:17
LH:8
BRDA:15,0,0,225
BRDA:16,1,0,7
BRDA:16,1,1,7
BRDA:16,1,2,7
BRDA:16,1,3,0
BRDA:16,1,4,0
BRDA:16,1,5,0
BRDA:16,1,6,0
BRDA:16,1,7,0
BRDA:16,1,8,0
BRDA:16,1,9,0
BRDA:16,1,10,2
BRDA:16,1,11,0
BRDA:16,1,12,0
BRDA:16,1,13,539
BRF:15
BRH:6
end_of_record
TN:
SF:src/redux/albums/albums.sagas.js
FN:16,fetchAlbumsStartAsync
FN:18,(anonymous_1)
FN:25,editAlbumStartAsync
FN:30,(anonymous_3)
FN:38,addAlbumStartAsync
FN:43,(anonymous_5)
FN:51,deleteAlbumStateAsync
FN:54,(anonymous_7)
FN:61,clearAlbumMessagesStart
FN:68,albumsSaga
FNF:10
FNH:5
FNDA:7,fetchAlbumsStartAsync
FNDA:7,(anonymous_1)
FNDA:0,editAlbumStartAsync
FNDA:0,(anonymous_3)
FNDA:0,addAlbumStartAsync
FNDA:0,(anonymous_5)
FNDA:2,deleteAlbumStateAsync
FNDA:0,(anonymous_7)
FNDA:7,clearAlbumMessagesStart
FNDA:75,albumsSaga
DA:17,7
DA:18,7
DA:19,7
DA:21,0
DA:26,0
DA:27,0
DA:28,0
DA:30,0
DA:32,0
DA:34,0
DA:39,0
DA:40,0
DA:41,0
DA:43,0
DA:45,0
DA:47,0
DA:52,2
DA:53,2
DA:54,2
DA:55,0
DA:57,0
DA:62,7
DA:69,75
DA:70,75
DA:71,75
DA:72,75
DA:73,75
LF:27
LH:12
BRF:0
BRH:0
end_of_record
TN:
SF:src/redux/albums/albums.selectors.js
FN:3,(anonymous_0)
FN:7,(anonymous_1)
FN:12,(anonymous_2)
FN:17,(anonymous_3)
FNF:4
FNH:4
FNDA:111,(anonymous_0)
FNDA:30,(anonymous_1)
FNDA:30,(anonymous_2)
FNDA:30,(anonymous_3)
DA:3,111
DA:5,7
DA:7,30
DA:10,7
DA:12,30
DA:15,7
DA:17,30
LF:7
LH:7
BRF:0
BRH:0
end_of_record
TN:
SF:src/redux/albums/albums.types.js
FNF:0
FNH:0
DA:1,75
LF:1
LH:1
BRF:0
BRH:0
end_of_record
TN:
SF:src/redux/comments/comments.actions.js
FN:3,(anonymous_0)
FN:6,(anonymous_1)
FN:10,(anonymous_2)
FN:15,(anonymous_3)
FN:20,(anonymous_4)
FN:25,(anonymous_5)
FN:30,(anonymous_6)
FN:35,(anonymous_7)
FN:40,(anonymous_8)
FN:45,(anonymous_9)
FN:50,(anonymous_10)
FN:55,(anonymous_11)
FN:60,(anonymous_12)
FNF:13
FNH:5
FNDA:11,(anonymous_0)
FNDA:9,(anonymous_1)
FNDA:9,(anonymous_2)
FNDA:0,(anonymous_3)
FNDA:0,(anonymous_4)
FNDA:0,(anonymous_5)
FNDA:0,(anonymous_6)
FNDA:0,(anonymous_7)
FNDA:0,(anonymous_8)
FNDA:0,(anonymous_9)
FNDA:2,(anonymous_10)
FNDA:2,(anonymous_11)
FNDA:0,(anonymous_12)
DA:3,75
DA:6,75
DA:10,75
DA:15,75
DA:20,75
DA:25,75
DA:30,75
DA:35,75
DA:40,75
DA:45,75
DA:50,75
DA:55,75
DA:60,75
LF:13
LH:13
BRF:0
BRH:0
end_of_record
TN:
SF:src/redux/comments/comments.reducer.js
FN:15,(anonymous_0)
FNF:1
FNH:1
FNDA:562,(anonymous_0)
DA:8,75
DA:15,75
DA:16,562
DA:18,11
DA:24,9
DA:29,9
DA:35,0
DA:41,0
DA:46,0
DA:52,0
DA:58,0
DA:63,0
DA:69,0
DA:75,2
DA:80,2
DA:86,0
DA:92,529
LF:17
LH:9
BRDA:15,0,0,225
BRDA:16,1,0,11
BRDA:16,1,1,9
BRDA:16,1,2,9
BRDA:16,1,3,0
BRDA:16,1,4,0
BRDA:16,1,5,0
BRDA:16,1,6,0
BRDA:16,1,7,0
BRDA:16,1,8,0
BRDA:16,1,9,0
BRDA:16,1,10,2
BRDA:16,1,11,2
BRDA:16,1,12,0
BRDA:16,1,13,529
BRF:15
BRH:7
end_of_record
TN:
SF:src/redux/comments/comments.sagas.js
FN:16,fetchCommentsStartAsync
FN:18,(anonymous_1)
FN:26,editCommentStartAsync
FN:31,(anonymous_3)
FN:39,addCommentStartAsync
FN:44,(anonymous_5)
FN:52,deleteCommentStateAsync
FN:55,(anonymous_7)
FN:62,clearCommentMessagesStart
FN:69,CommentsSaga
FNF:10
FNH:6
FNDA:9,fetchCommentsStartAsync
FNDA:9,(anonymous_1)
FNDA:0,editCommentStartAsync
FNDA:0,(anonymous_3)
FNDA:0,addCommentStartAsync
FNDA:0,(anonymous_5)
FNDA:2,deleteCommentStateAsync
FNDA:2,(anonymous_7)
FNDA:11,clearCommentMessagesStart
FNDA:75,CommentsSaga
DA:17,9
DA:18,9
DA:19,9
DA:20,9
DA:22,0
DA:27,0
DA:28,0
DA:29,0
DA:31,0
DA:33,0
DA:35,0
DA:40,0
DA:41,0
DA:42,0
DA:44,0
DA:46,0
DA:48,0
DA:53,2
DA:54,2
DA:55,2
DA:56,2
DA:58,0
DA:63,11
DA:70,75
DA:71,75
DA:75,75
DA:79,75
DA:83,75
LF:28
LH:14
BRF:0
BRH:0
end_of_record
TN:
SF:src/redux/comments/comments.selectors.js
FN:3,(anonymous_0)
FN:7,(anonymous_1)
FN:12,(anonymous_2)
FN:17,(anonymous_3)
FNF:4
FNH:4
FNDA:153,(anonymous_0)
FNDA:42,(anonymous_1)
FNDA:42,(anonymous_2)
FNDA:42,(anonymous_3)
DA:3,153
DA:5,9
DA:7,42
DA:10,9
DA:12,42
DA:15,9
DA:17,42
LF:7
LH:7
BRF:0
BRH:0
end_of_record
TN:
SF:src/redux/comments/comments.types.js
FNF:0
FNH:0
DA:1,75
LF:1
LH:1
BRF:0
BRH:0
end_of_record
TN:
SF:src/redux/photos/photos.actions.js
FN:3,(anonymous_0)
FN:6,(anonymous_1)
FN:11,(anonymous_2)
FN:16,(anonymous_3)
FN:21,(anonymous_4)
FN:26,(anonymous_5)
FN:31,(anonymous_6)
FN:36,(anonymous_7)
FN:41,(anonymous_8)
FN:46,(anonymous_9)
FN:51,(anonymous_10)
FN:56,(anonymous_11)
FN:61,(anonymous_12)
FNF:13
FNH:4
FNDA:8,(anonymous_0)
FNDA:9,(anonymous_1)
FNDA:8,(anonymous_2)
FNDA:0,(anonymous_3)
FNDA:0,(anonymous_4)
FNDA:0,(anonymous_5)
FNDA:0,(anonymous_6)
FNDA:0,(anonymous_7)
FNDA:0,(anonymous_8)
FNDA:0,(anonymous_9)
FNDA:2,(anonymous_10)
FNDA:0,(anonymous_11)
FNDA:0,(anonymous_12)
DA:3,75
DA:6,75
DA:11,75
DA:16,75
DA:21,75
DA:26,75
DA:31,75
DA:36,75
DA:41,75
DA:46,75
DA:51,75
DA:56,75
DA:61,75
LF:13
LH:13
BRF:0
BRH:0
end_of_record
TN:
SF:src/redux/photos/photos.reducer.js
FN:15,(anonymous_0)
FNF:1
FNH:1
FNDA:562,(anonymous_0)
DA:8,75
DA:15,75
DA:16,562
DA:18,8
DA:24,9
DA:29,8
DA:35,0
DA:41,0
DA:46,0
DA:52,0
DA:58,0
DA:63,0
DA:69,0
DA:75,2
DA:80,0
DA:86,0
DA:92,535
LF:17
LH:8
BRDA:15,0,0,225
BRDA:16,1,0,8
BRDA:16,1,1,9
BRDA:16,1,2,8
BRDA:16,1,3,0
BRDA:16,1,4,0
BRDA:16,1,5,0
BRDA:16,1,6,0
BRDA:16,1,7,0
BRDA:16,1,8,0
BRDA:16,1,9,0
BRDA:16,1,10,2
BRDA:16,1,11,0
BRDA:16,1,12,0
BRDA:16,1,13,535
BRF:15
BRH:6
end_of_record
TN:
SF:src/redux/photos/photos.sagas.js
FN:16,fetchPhotosStartAsync
FN:18,(anonymous_1)
FN:25,editPhotoStartAsync
FN:30,(anonymous_3)
FN:38,addPhotoStartAsync
FN:43,(anonymous_5)
FN:51,deletePhotoStateAsync
FN:54,(anonymous_7)
FN:62,clearPhotoMessagesStart
FN:69,PhotosSaga
FNF:10
FNH:5
FNDA:9,fetchPhotosStartAsync
FNDA:8,(anonymous_1)
FNDA:0,editPhotoStartAsync
FNDA:0,(anonymous_3)
FNDA:0,addPhotoStartAsync
FNDA:0,(anonymous_5)
FNDA:2,deletePhotoStateAsync
FNDA:0,(anonymous_7)
FNDA:8,clearPhotoMessagesStart
FNDA:75,PhotosSaga
DA:17,9
DA:18,9
DA:19,8
DA:21,0
DA:26,0
DA:27,0
DA:28,0
DA:30,0
DA:32,0
DA:34,0
DA:39,0
DA:40,0
DA:41,0
DA:43,0
DA:45,0
DA:47,0
DA:52,2
DA:53,2
DA:54,2
DA:56,0
DA:58,0
DA:63,8
DA:70,75
DA:71,75
DA:72,75
DA:73,75
DA:74,75
LF:27
LH:12
BRF:0
BRH:0
end_of_record
TN:
SF:src/redux/photos/photos.selectors.js
FN:3,(anonymous_0)
FN:7,(anonymous_1)
FN:12,(anonymous_2)
FN:17,(anonymous_3)
FNF:4
FNH:4
FNDA:135,(anonymous_0)
FNDA:36,(anonymous_1)
FNDA:36,(anonymous_2)
FNDA:36,(anonymous_3)
DA:3,135
DA:5,9
DA:7,36
DA:10,9
DA:12,36
DA:15,9
DA:17,36
LF:7
LH:7
BRF:0
BRH:0
end_of_record
TN:
SF:src/redux/photos/photos.types.js
FNF:0
FNH:0
DA:1,75
LF:1
LH:1
BRF:0
BRH:0
end_of_record
TN:
SF:src/redux/posts/posts.actions.js
FN:3,(anonymous_0)
FN:6,(anonymous_1)
FN:10,(anonymous_2)
FN:15,(anonymous_3)
FN:20,(anonymous_4)
FN:25,(anonymous_5)
FN:30,(anonymous_6)
FN:35,(anonymous_7)
FN:40,(anonymous_8)
FN:45,(anonymous_9)
FN:50,(anonymous_10)
FN:55,(anonymous_11)
FN:60,(anonymous_12)
FNF:13
FNH:5
FNDA:9,(anonymous_0)
FNDA:7,(anonymous_1)
FNDA:7,(anonymous_2)
FNDA:0,(anonymous_3)
FNDA:0,(anonymous_4)
FNDA:0,(anonymous_5)
FNDA:0,(anonymous_6)
FNDA:0,(anonymous_7)
FNDA:0,(anonymous_8)
FNDA:0,(anonymous_9)
FNDA:2,(anonymous_10)
FNDA:2,(anonymous_11)
FNDA:0,(anonymous_12)
DA:3,75
DA:6,75
DA:10,75
DA:15,75
DA:20,75
DA:25,75
DA:30,75
DA:35,75
DA:40,75
DA:45,75
DA:50,75
DA:55,75
DA:60,75
LF:13
LH:13
BRF:0
BRH:0
end_of_record
TN:
SF:src/redux/posts/posts.reducer.js
FN:15,(anonymous_0)
FNF:1
FNH:1
FNDA:562,(anonymous_0)
DA:8,75
DA:15,75
DA:16,562
DA:18,9
DA:24,7
DA:29,7
DA:35,0
DA:41,0
DA:46,0
DA:52,0
DA:58,0
DA:63,0
DA:69,0
DA:75,2
DA:80,2
DA:86,0
DA:92,535
LF:17
LH:9
BRDA:15,0,0,225
BRDA:16,1,0,9
BRDA:16,1,1,7
BRDA:16,1,2,7
BRDA:16,1,3,0
BRDA:16,1,4,0
BRDA:16,1,5,0
BRDA:16,1,6,0
BRDA:16,1,7,0
BRDA:16,1,8,0
BRDA:16,1,9,0
BRDA:16,1,10,2
BRDA:16,1,11,2
BRDA:16,1,12,0
BRDA:16,1,13,535
BRF:15
BRH:7
end_of_record
TN:
SF:src/redux/posts/posts.sagas.js
FN:16,fetchPostsStartAsync
FN:18,(anonymous_1)
FN:25,editPostStartAsync
FN:30,(anonymous_3)
FN:38,addPostStartAsync
FN:41,(anonymous_5)
FN:49,deletePostStateAsync
FN:52,(anonymous_7)
FN:59,clearPostMessagesStart
FN:66,PostsSaga
FNF:10
FNH:6
FNDA:7,fetchPostsStartAsync
FNDA:7,(anonymous_1)
FNDA:0,editPostStartAsync
FNDA:0,(anonymous_3)
FNDA:0,addPostStartAsync
FNDA:0,(anonymous_5)
FNDA:2,deletePostStateAsync
FNDA:2,(anonymous_7)
FNDA:9,clearPostMessagesStart
FNDA:75,PostsSaga
DA:17,7
DA:18,7
DA:19,7
DA:21,0
DA:26,0
DA:27,0
DA:28,0
DA:30,0
DA:32,0
DA:34,0
DA:39,0
DA:40,0
DA:41,0
DA:43,0
DA:45,0
DA:50,2
DA:51,2
DA:52,2
DA:53,2
DA:55,0
DA:60,9
DA:67,75
DA:68,75
DA:69,75
DA:70,75
DA:71,75
LF:26
LH:13
BRF:0
BRH:0
end_of_record
TN:
SF:src/redux/posts/posts.selectors.js
FN:3,(anonymous_0)
FN:7,(anonymous_1)
FN:12,(anonymous_2)
FN:17,(anonymous_3)
FNF:4
FNH:4
FNDA:123,(anonymous_0)
FNDA:34,(anonymous_1)
FNDA:34,(anonymous_2)
FNDA:34,(anonymous_3)
DA:3,123
DA:5,7
DA:7,34
DA:10,7
DA:12,34
DA:15,7
DA:17,34
LF:7
LH:7
BRF:0
BRH:0
end_of_record
TN:
SF:src/redux/posts/posts.types.js
FNF:0
FNH:0
DA:1,75
LF:1
LH:1
BRF:0
BRH:0
end_of_record
TN:
SF:src/redux/todos/todos.actions.js
FN:3,(anonymous_0)
FN:7,(anonymous_1)
FN:11,(anonymous_2)
FN:16,(anonymous_3)
FN:21,(anonymous_4)
FN:26,(anonymous_5)
FN:31,(anonymous_6)
FN:36,(anonymous_7)
FN:41,(anonymous_8)
FN:46,(anonymous_9)
FN:51,(anonymous_10)
FN:56,(anonymous_11)
FN:61,(anonymous_12)
FNF:13
FNH:5
FNDA:18,(anonymous_0)
FNDA:14,(anonymous_1)
FNDA:14,(anonymous_2)
FNDA:0,(anonymous_3)
FNDA:0,(anonymous_4)
FNDA:0,(anonymous_5)
FNDA:0,(anonymous_6)
FNDA:0,(anonymous_7)
FNDA:0,(anonymous_8)
FNDA:0,(anonymous_9)
FNDA:4,(anonymous_10)
FNDA:4,(anonymous_11)
FNDA:0,(anonymous_12)
DA:3,75
DA:7,75
DA:11,75
DA:16,75
DA:21,75
DA:26,75
DA:31,75
DA:36,75
DA:41,75
DA:46,75
DA:51,75
DA:56,75
DA:61,75
LF:13
LH:13
BRF:0
BRH:0
end_of_record
TN:
SF:src/redux/todos/todos.reducer.js
FN:15,(anonymous_0)
FNF:1
FNH:1
FNDA:562,(anonymous_0)
DA:8,75
DA:15,75
DA:16,562
DA:18,18
DA:24,14
DA:29,14
DA:35,0
DA:41,0
DA:46,0
DA:52,0
DA:58,0
DA:63,0
DA:69,0
DA:75,4
DA:80,4
DA:86,0
DA:92,508
LF:17
LH:9
BRDA:15,0,0,225
BRDA:16,1,0,18
BRDA:16,1,1,14
BRDA:16,1,2,14
BRDA:16,1,3,0
BRDA:16,1,4,0
BRDA:16,1,5,0
BRDA:16,1,6,0
BRDA:16,1,7,0
BRDA:16,1,8,0
BRDA:16,1,9,0
BRDA:16,1,10,4
BRDA:16,1,11,4
BRDA:16,1,12,0
BRDA:16,1,13,508
BRF:15
BRH:7
end_of_record
TN:
SF:src/redux/todos/todos.sagas.js
FN:16,fetchTodosStartAsync
FN:18,(anonymous_1)
FN:25,editTodoStartAsync
FN:30,(anonymous_3)
FN:38,addTodoStartAsync
FN:41,(anonymous_5)
FN:49,deleteTodoStateAsync
FN:52,(anonymous_7)
FN:60,clearTodoMessagesStart
FN:67,TodosSaga
FNF:10
FNH:6
FNDA:14,fetchTodosStartAsync
FNDA:14,(anonymous_1)
FNDA:0,editTodoStartAsync
FNDA:0,(anonymous_3)
FNDA:0,addTodoStartAsync
FNDA:0,(anonymous_5)
FNDA:4,deleteTodoStateAsync
FNDA:4,(anonymous_7)
FNDA:18,clearTodoMessagesStart
FNDA:75,TodosSaga
DA:17,14
DA:18,14
DA:19,14
DA:21,0
DA:26,0
DA:27,0
DA:28,0
DA:30,0
DA:32,0
DA:34,0
DA:39,0
DA:40,0
DA:41,0
DA:43,0
DA:45,0
DA:50,4
DA:51,4
DA:52,4
DA:54,4
DA:56,0
DA:61,18
DA:68,75
DA:69,75
DA:70,75
DA:71,75
DA:72,75
LF:26
LH:13
BRF:0
BRH:0
end_of_record
TN:
SF:src/redux/todos/todos.selectors.js
FN:3,(anonymous_0)
FN:7,(anonymous_1)
FN:12,(anonymous_2)
FN:17,(anonymous_3)
FNF:4
FNH:4
FNDA:246,(anonymous_0)
FNDA:68,(anonymous_1)
FNDA:68,(anonymous_2)
FNDA:68,(anonymous_3)
DA:3,246
DA:5,14
DA:7,68
DA:10,14
DA:12,68
DA:15,14
DA:17,68
LF:7
LH:7
BRF:0
BRH:0
end_of_record
TN:
SF:src/redux/todos/todos.types.js
FNF:0
FNH:0
DA:1,75
LF:1
LH:1
BRF:0
BRH:0
end_of_record
TN:
SF:src/redux/users/users.actions.js
FN:3,(anonymous_0)
FN:7,(anonymous_1)
FN:11,(anonymous_2)
FN:16,(anonymous_3)
FN:21,(anonymous_4)
FN:25,(anonymous_5)
FN:30,(anonymous_6)
FN:35,(anonymous_7)
FN:39,(anonymous_8)
FN:44,(anonymous_9)
FN:49,(anonymous_10)
FN:53,(anonymous_11)
FN:58,(anonymous_12)
FNF:13
FNH:4
FNDA:7,(anonymous_0)
FNDA:7,(anonymous_1)
FNDA:7,(anonymous_2)
FNDA:0,(anonymous_3)
FNDA:0,(anonymous_4)
FNDA:0,(anonymous_5)
FNDA:0,(anonymous_6)
FNDA:0,(anonymous_7)
FNDA:0,(anonymous_8)
FNDA:0,(anonymous_9)
FNDA:2,(anonymous_10)
FNDA:0,(anonymous_11)
FNDA:0,(anonymous_12)
DA:3,75
DA:7,75
DA:11,75
DA:16,75
DA:21,75
DA:25,75
DA:30,75
DA:35,75
DA:39,75
DA:44,75
DA:49,75
DA:53,75
DA:58,75
LF:13
LH:13
BRF:0
BRH:0
end_of_record
TN:
SF:src/redux/users/users.reducer.js
FN:15,(anonymous_0)
FNF:1
FNH:1
FNDA:562,(anonymous_0)
DA:8,75
DA:15,75
DA:16,562
DA:18,7
DA:27,9
DA:32,7
DA:39,0
DA:46,0
DA:53,0
DA:62,0
DA:68,539
LF:11
LH:7
BRDA:15,0,0,225
BRDA:16,1,0,7
BRDA:16,1,1,2
BRDA:16,1,2,9
BRDA:16,1,3,9
BRDA:16,1,4,9
BRDA:16,1,5,7
BRDA:16,1,6,0
BRDA:16,1,7,0
BRDA:16,1,8,0
BRDA:16,1,9,0
BRDA:16,1,10,0
BRDA:16,1,11,0
BRDA:16,1,12,0
BRDA:16,1,13,539
BRF:15
BRH:8
end_of_record
TN:
SF:src/redux/users/users.sagas.js
FN:16,fetchUsersStartAsync
FN:18,(anonymous_1)
FN:25,editUserStartAsync
FN:30,(anonymous_3)
FN:38,addUserStartAsync
FN:41,(anonymous_5)
FN:49,deleteUserStateAsync
FN:52,(anonymous_7)
FN:59,clearUserMessagesStart
FN:66,UsersSaga
FNF:10
FNH:5
FNDA:7,fetchUsersStartAsync
FNDA:7,(anonymous_1)
FNDA:0,editUserStartAsync
FNDA:0,(anonymous_3)
FNDA:0,addUserStartAsync
FNDA:0,(anonymous_5)
FNDA:2,deleteUserStateAsync
FNDA:0,(anonymous_7)
FNDA:7,clearUserMessagesStart
FNDA:75,UsersSaga
DA:17,7
DA:18,7
DA:19,7
DA:21,0
DA:26,0
DA:27,0
DA:28,0
DA:30,0
DA:32,0
DA:34,0
DA:39,0
DA:40,0
DA:41,0
DA:43,0
DA:45,0
DA:50,2
DA:51,2
DA:52,2
DA:53,0
DA:55,0
DA:60,7
DA:67,75
DA:68,75
DA:69,75
DA:70,75
DA:71,75
LF:26
LH:12
BRF:0
BRH:0
end_of_record
TN:
SF:src/redux/users/users.selectors.js
FN:3,(anonymous_0)
FN:7,(anonymous_1)
FN:12,(anonymous_2)
FN:17,(anonymous_3)
FNF:4
FNH:4
FNDA:111,(anonymous_0)
FNDA:30,(anonymous_1)
FNDA:30,(anonymous_2)
FNDA:30,(anonymous_3)
DA:3,111
DA:5,7
DA:7,30
DA:10,7
DA:12,30
DA:15,7
DA:17,30
LF:7
LH:7
BRF:0
BRH:0
end_of_record
TN:
SF:src/redux/users/users.types.js
FNF:0
FNH:0
DA:1,75
LF:1
LH:1
BRF:0
BRH:0
end_of_record
TN:
SF:src/utils/axios.js
FNF:0
FNH:0
LF:0
LH:0
BRF:0
BRH:0
end_of_record
TN:
SF:src/utils/logger.js
FN:1,(anonymous_0)
FN:1,(anonymous_1)
FN:1,(anonymous_2)
FNF:3
FNH:3
FNDA:75,(anonymous_0)
FNDA:75,(anonymous_1)
FNDA:337,(anonymous_2)
DA:1,75
DA:2,337
DA:3,337
DA:4,337
DA:5,337
DA:6,337
DA:7,337
LF:7
LH:7
BRF:0
BRH:0
end_of_record
TN:
SF:src/utils/modifier.js
FN:1,(anonymous_0)
FN:2,(anonymous_1)
FN:7,(anonymous_2)
FN:12,(anonymous_3)
FN:13,(anonymous_4)
FNF:5
FNH:2
FNDA:0,(anonymous_0)
FNDA:0,(anonymous_1)
FNDA:0,(anonymous_2)
FNDA:8,(anonymous_3)
FNDA:2000,(anonymous_4)
DA:1,75
DA:2,0
DA:3,0
DA:4,0
DA:7,75
DA:8,0
DA:9,0
DA:12,75
DA:13,2000
LF:9
LH:4
BRF:0
BRH:0
end_of_record
TN:
SF:src/utils/monitor.js
FN:1,(anonymous_0)
FN:3,(anonymous_1)
FN:3,(anonymous_2)
FN:8,(anonymous_3)
FNF:4
FNH:4
FNDA:412,(anonymous_0)
FNDA:75,(anonymous_1)
FNDA:75,(anonymous_2)
FNDA:412,(anonymous_3)
DA:1,412
DA:3,75
DA:8,75
DA:9,412
DA:10,412
DA:11,412
DA:12,412
DA:14,412
DA:16,412
DA:19,75
LF:10
LH:10
BRF:0
BRH:0
end_of_record
TN:
SF:src/utils/theme.js
FNF:0
FNH:0
LF:0
LH:0
BRF:0
BRH:0
end_of_record
